2025-09-08T13:37:50.181 application=api [debug] Current API rate limit by key nil reqs/sec
2025-09-08T13:37:50.181 application=api [debug] Current API rate limit by IP nil reqs/sec
2025-09-08T13:55:03.691 application=api [debug] Current API rate limit by key nil reqs/sec
2025-09-08T13:55:03.691 application=api [debug] Current API rate limit by IP nil reqs/sec
2025-09-08T14:34:45.130 application=api [debug] Current API rate limit by key nil reqs/sec
2025-09-08T14:34:45.130 application=api [debug] Current API rate limit by IP nil reqs/sec
2025-09-08T14:45:55.646 application=api [debug] Current API rate limit by key nil reqs/sec
2025-09-08T14:45:55.646 application=api [debug] Current API rate limit by IP nil reqs/sec
2025-09-08T14:48:47.538 application=api [debug] Current API rate limit by key nil reqs/sec
2025-09-08T14:48:47.538 application=api [debug] Current API rate limit by IP nil reqs/sec
2025-09-08T14:52:03.802 application=api [debug] Current API rate limit by key nil reqs/sec
2025-09-08T14:52:03.802 application=api [debug] Current API rate limit by IP nil reqs/sec
2025-09-08T14:59:44.484 application=api [debug] Current API rate limit by key nil reqs/sec
2025-09-08T14:59:44.484 application=api [debug] Current API rate limit by IP nil reqs/sec
2025-09-09T01:40:27.327 application=api [debug] Current API rate limit by key nil reqs/sec
2025-09-09T01:40:27.327 application=api [debug] Current API rate limit by IP nil reqs/sec
2025-09-09T01:53:37.179 application=api [debug] Current API rate limit by key nil reqs/sec
2025-09-09T01:53:37.179 application=api [debug] Current API rate limit by IP nil reqs/sec
2025-09-09T01:58:38.021 application=api [debug] Current API rate limit by key nil reqs/sec
2025-09-09T01:58:38.021 application=api [debug] Current API rate limit by IP nil reqs/sec
2025-09-09T02:19:05.152 application=api [debug] Current API rate limit by key nil reqs/sec
2025-09-09T02:19:05.152 application=api [debug] Current API rate limit by IP nil reqs/sec
2025-09-09T02:19:15.297 application=api request_id=GGN7wpcxoTvDRpcAAAMj [info] Sent 400 in 38µs on GET /api/v1/pages/main?
2025-09-09T02:19:16.482 application=api request_id=GGN7wt3RBXT_jdkAAAQj [info] Sent 400 in 148µs on GET /api/v1/pages/main?
2025-09-09T02:19:18.611 application=api request_id=GGN7w1y2MGugjRMAAAYD [info] Sent 400 in 45µs on GET /api/v1/pages/main?
2025-09-09T02:19:37.212 application=api request_id=GGN7x7F7GDAlE6AAAAvj [info] Sent 400 in 49µs on GET /api/v1/pages/main?
2025-09-09T02:19:37.832 application=api request_id=GGN7x9Zuj-PjOFcAABch [info] Sent 400 in 61µs on GET /api?
2025-09-09T02:19:41.102 application=api request_id=GGN7yJlPuD4aex0AAArk [info] Sent 400 in 39µs on GET /api/v1/pages/main?
2025-09-09T02:19:42.279 application=api request_id=GGN7yN93ES7KlWwAAAwE [info] Sent 400 in 41µs on GET /api/v1/pages/main?
2025-09-09T02:19:44.383 application=api request_id=GGN7yVzdrhCLIVgAAA2k [info] Sent 400 in 87µs on GET /api/v1/pages/main?
2025-09-09T02:19:53.924 application=api request_id=GGN7y5WP84jDJHIAABIk [info] Sent 400 in 47µs on GET /api/v1/pages/main?
2025-09-09T02:19:55.086 application=api request_id=GGN7y9rO3_tmuL8AABJk [info] Sent 400 in 154µs on GET /api/v1/pages/main?
2025-09-09T02:19:57.249 application=api request_id=GGN7zFu3Y_xlJy0AABQl [info] Sent 400 in 62µs on GET /api/v1/pages/main?
