2025-09-08T13:55:04.458 application=api_v2 request_id=GGNTJn_vkkQIvHwAAAhJ [info] Sent 200 in 33ms on GET /api/v2/main-page/indexing-status?
2025-09-08T13:55:04.469 application=api_v2 request_id=GGNTJoKTU0QDYKcAAAip [info] Sent 501 in 34µs on GET /api/v2/proxy/account-abstraction/status?
2025-09-08T13:55:09.477 application=api_v2 request_id=GGNTJ60PAEbjzSMAAAmJ [info] Sent 200 in 160µs on GET /api/v2/main-page/indexing-status?
2025-09-08T13:55:09.479 application=api_v2 request_id=GGNTJ60wk9E81S8AAAmp [info] Sent 501 in 30µs on GET /api/v2/proxy/account-abstraction/status?
2025-09-08T13:55:14.500 application=api_v2 request_id=GGNTKNhwTfMGoAMAAApp [info] Sent 200 in 421µs on GET /api/v2/main-page/indexing-status?
2025-09-08T13:55:14.506 application=api_v2 request_id=GGNTKNjUSX2Tcc0AAAqJ [info] Sent 501 in 68µs on GET /api/v2/proxy/account-abstraction/status?
2025-09-08T13:55:19.525 application=api_v2 request_id=GGNTKgMvxMz7JI0AAAMh [info] Sent 200 in 13ms on GET /api/v2/main-page/indexing-status?
2025-09-08T13:55:19.528 application=api_v2 request_id=GGNTKgQmI-yxOAoAAANB [info] Sent 501 in 40µs on GET /api/v2/proxy/account-abstraction/status?
2025-09-08T13:55:24.560 application=api_v2 request_id=GGNTKy7OjWet3IUAAAQh [info] Sent 200 in 21ms on GET /api/v2/main-page/indexing-status?
2025-09-08T13:55:24.564 application=api_v2 request_id=GGNTKzBPpWOzl0sAACIE [info] Sent 501 in 63µs on GET /api/v2/proxy/account-abstraction/status?
2025-09-08T13:55:29.590 application=api_v2 request_id=GGNTLFsHECy7d2oAACQE [info] Sent 200 in 14ms on GET /api/v2/main-page/indexing-status?
2025-09-08T13:55:29.592 application=api_v2 request_id=GGNTLFwQDO1bCr8AAAUB [info] Sent 501 in 48µs on GET /api/v2/proxy/account-abstraction/status?
2025-09-08T13:55:34.611 application=api_v2 request_id=GGNTLYZf2lMqMOsAAAWB [info] Sent 200 in 13ms on GET /api/v2/main-page/indexing-status?
2025-09-08T13:55:34.614 application=api_v2 request_id=GGNTLYdc3C7Sy8gAABCm [info] Sent 501 in 52µs on GET /api/v2/proxy/account-abstraction/status?
2025-09-08T13:55:39.638 application=api_v2 request_id=GGNTLrH7bnXKgTkAAAbB [info] Sent 200 in 13ms on GET /api/v2/main-page/indexing-status?
2025-09-08T13:55:39.641 application=api_v2 request_id=GGNTLrL5JU3p7_IAACyi [info] Sent 501 in 41µs on GET /api/v2/proxy/account-abstraction/status?
2025-09-08T13:55:44.652 application=api_v2 request_id=GGNTL91k8Qsf_rYAACtk [info] Sent 200 in 5ms on GET /api/v2/main-page/indexing-status?
2025-09-08T13:55:44.655 application=api_v2 request_id=GGNTL93WQnvp934AACuE [info] Sent 501 in 35µs on GET /api/v2/proxy/account-abstraction/status?
2025-09-08T13:55:49.672 application=api_v2 request_id=GGNTMQh8cFnbV7AAAC4E [info] Sent 200 in 6ms on GET /api/v2/main-page/indexing-status?
2025-09-08T13:55:49.674 application=api_v2 request_id=GGNTMQkLO1zBYD0AAC4k [info] Sent 501 in 44µs on GET /api/v2/proxy/account-abstraction/status?
2025-09-08T13:55:54.690 application=api_v2 request_id=GGNTMjNkOnBzKokAAC7k [info] Sent 200 in 8ms on GET /api/v2/main-page/indexing-status?
2025-09-08T13:55:54.692 application=api_v2 request_id=GGNTMjQf65fDYQ4AAC8E [info] Sent 501 in 35µs on GET /api/v2/proxy/account-abstraction/status?
2025-09-08T13:55:59.712 application=api_v2 request_id=GGNTM16_vqrX1xoAAC-k [info] Sent 200 in 9ms on GET /api/v2/main-page/indexing-status?
2025-09-08T13:55:59.715 application=api_v2 request_id=GGNTM19-hGU6IuMAAC_E [info] Sent 501 in 57µs on GET /api/v2/proxy/account-abstraction/status?
2025-09-08T13:56:04.727 application=api_v2 request_id=GGNTNIn48UCpmWkAADHk [info] Sent 200 in 4ms on GET /api/v2/main-page/indexing-status?
2025-09-08T13:56:04.729 application=api_v2 request_id=GGNTNIpjQtxOhEcAADIE [info] Sent 501 in 51µs on GET /api/v2/proxy/account-abstraction/status?
2025-09-08T13:56:09.748 application=api_v2 request_id=GGNTNbS2J0ayBvMAACMD [info] Sent 200 in 13ms on GET /api/v2/main-page/indexing-status?
2025-09-08T13:56:09.753 application=api_v2 request_id=GGNTNbXL2un48kcAABFp [info] Sent 501 in 37µs on GET /api/v2/proxy/account-abstraction/status?
2025-09-08T13:56:14.764 application=api_v2 request_id=GGNTNuA99rK9E30AADIi [info] Sent 200 in 4ms on GET /api/v2/main-page/indexing-status?
2025-09-08T13:56:14.767 application=api_v2 request_id=GGNTNuC1HnFZDEMAADJC [info] Sent 501 in 39µs on GET /api/v2/proxy/account-abstraction/status?
2025-09-08T13:56:19.783 application=api_v2 request_id=GGNTOAsOWrfLUsEAADRi [info] Sent 200 in 7ms on GET /api/v2/main-page/indexing-status?
2025-09-08T13:56:19.786 application=api_v2 request_id=GGNTOAvcbmktqg4AADSC [info] Sent 501 in 43µs on GET /api/v2/proxy/account-abstraction/status?
2025-09-08T13:56:24.795 application=api_v2 request_id=GGNTOTYoZL0nh9MAABIJ [info] Sent 200 in 4ms on GET /api/v2/main-page/indexing-status?
2025-09-08T13:56:24.798 application=api_v2 request_id=GGNTOTaOA-AbgHMAABIp [info] Sent 501 in 48µs on GET /api/v2/proxy/account-abstraction/status?
2025-09-08T13:56:29.827 application=api_v2 request_id=GGNTOmErD6-DchEAABZh [info] Sent 200 in 19ms on GET /api/v2/main-page/indexing-status?
2025-09-08T13:56:29.829 application=api_v2 request_id=GGNTOmJzaH0luTsAADgC [info] Sent 501 in 30µs on GET /api/v2/proxy/account-abstraction/status?
2025-09-08T13:56:34.842 application=api_v2 request_id=GGNTO4zffsaZcbQAADii [info] Sent 200 in 5ms on GET /api/v2/main-page/indexing-status?
2025-09-08T13:56:34.845 application=api_v2 request_id=GGNTO41mVIN_0f8AADjC [info] Sent 501 in 51µs on GET /api/v2/proxy/account-abstraction/status?
2025-09-08T13:56:39.862 application=api_v2 request_id=GGNTPLe6fAIy0vwAADmC [info] Sent 200 in 11ms on GET /api/v2/main-page/indexing-status?
2025-09-08T13:56:39.865 application=api_v2 request_id=GGNTPLijFmUSpakAADmi [info] Sent 501 in 50µs on GET /api/v2/proxy/account-abstraction/status?
2025-09-08T13:56:44.882 application=api_v2 request_id=GGNTPeL158Th1yQAADoi [info] Sent 200 in 11ms on GET /api/v2/main-page/indexing-status?
2025-09-08T13:56:44.885 application=api_v2 request_id=GGNTPePTfdcxnSsAABwB [info] Sent 501 in 49µs on GET /api/v2/proxy/account-abstraction/status?
2025-09-08T13:56:49.896 application=api_v2 request_id=GGNTPw4PGc6a6kcAAClD [info] Sent 200 in 7ms on GET /api/v2/main-page/indexing-status?
2025-09-08T13:56:49.899 application=api_v2 request_id=GGNTPw6uWd9kwhUAAClj [info] Sent 501 in 66µs on GET /api/v2/proxy/account-abstraction/status?
2025-09-08T13:56:54.911 application=api_v2 request_id=GGNTQDkQIC5mNhYAAAvI [info] Sent 200 in 6ms on GET /api/v2/main-page/indexing-status?
2025-09-08T13:56:54.914 application=api_v2 request_id=GGNTQDmZO00XyXoAAD0C [info] Sent 501 in 39µs on GET /api/v2/proxy/account-abstraction/status?
2025-09-08T13:56:56.136 application=api_v2 request_id=GGNTQIJ4PMjLp0cAABTp [info] Sent 200 in 102µs on GET /api/v2/config/backend-version?
2025-09-08T13:56:56.141 application=api_v2 request_id=GGNTQIJvpBls9BwAAAwI [info] Sent 200 in 5ms on GET /api/v2/main-page/indexing-status?
2025-09-08T13:56:56.148 application=api_v2 request_id=GGNTQIJ2mDU3ZCgAAAwo [info] Sent 200 in 11ms on GET /api/v2/stats?
2025-09-08T13:56:56.342 application=api_v2 request_id=GGNTQI6GNZJMtcIAADuk [info] Sent 200 in 3ms on GET /api/v2/main-page/blocks?
2025-09-08T13:56:56.391 application=api_v2 request_id=GGNTQI8E9neFL0AAAD2C [info] Sent 200 in 44ms on GET /api/v2/main-page/transactions?
2025-09-08T13:56:59.922 application=api_v2 request_id=GGNTQWPX2cYtOzQAAD-C [info] Sent 200 in 5ms on GET /api/v2/main-page/indexing-status?
2025-09-08T13:56:59.925 application=api_v2 request_id=GGNTQWROBrQfD0EAAChG [info] Sent 501 in 38µs on GET /api/v2/proxy/account-abstraction/status?
2025-09-08T13:57:04.933 application=api_v2 request_id=GGNTQo6Td8IFk8UAAEFi [info] Sent 200 in 3ms on GET /api/v2/main-page/indexing-status?
2025-09-08T13:57:04.935 application=api_v2 request_id=GGNTQo7udOQcK-wAAEGC [info] Sent 501 in 32µs on GET /api/v2/proxy/account-abstraction/status?
2025-09-08T13:57:09.944 application=api_v2 request_id=GGNTQ7lATWaVkGgAAELi [info] Sent 200 in 3ms on GET /api/v2/main-page/indexing-status?
2025-09-08T13:57:09.946 application=api_v2 request_id=GGNTQ7mfFRKjMdcAAEMC [info] Sent 501 in 31µs on GET /api/v2/proxy/account-abstraction/status?
2025-09-08T13:57:14.958 application=api_v2 request_id=GGNTROQAHhe1CRYAAEOi [info] Sent 200 in 5ms on GET /api/v2/main-page/indexing-status?
2025-09-08T13:57:14.960 application=api_v2 request_id=GGNTROR9F5Xnf5gAAEPC [info] Sent 501 in 40µs on GET /api/v2/proxy/account-abstraction/status?
2025-09-08T13:57:19.969 application=api_v2 request_id=GGNTRg7NIv7WD78AAERC [info] Sent 200 in 4ms on GET /api/v2/main-page/indexing-status?
2025-09-08T13:57:19.972 application=api_v2 request_id=GGNTRg81ZB8QIw0AAERi [info] Sent 501 in 32µs on GET /api/v2/proxy/account-abstraction/status?
2025-09-08T13:57:21.354 application=api_v2 request_id=GGNTRmGdnuN77gsAAEHE [info] Sent 200 in 40µs on GET /api/v2/config/backend-version?
2025-09-08T13:57:21.359 application=api_v2 request_id=GGNTRmGcfaoGvW4AABQF [info] Sent 200 in 4ms on GET /api/v2/main-page/indexing-status?
2025-09-08T13:57:21.359 application=api_v2 request_id=GGNTRmFpticLKpEAAEGE [info] Sent 200 in 8ms on GET /api/v2/stats?
2025-09-08T13:57:21.565 application=api_v2 request_id=GGNTRm3krUlENcsAAEHk [info] Sent 200 in 4ms on GET /api/v2/main-page/blocks?
2025-09-08T13:57:21.593 application=api_v2 request_id=GGNTRm5P8RUgz3AAACqh [info] Sent 200 in 25ms on GET /api/v2/main-page/transactions?
2025-09-08T13:57:24.981 application=api_v2 request_id=GGNTRzl0v2U1wg4AAC3B [info] Sent 200 in 5ms on GET /api/v2/main-page/indexing-status?
2025-09-08T13:57:24.984 application=api_v2 request_id=GGNTRzn0sNCk4cMAAC3h [info] Sent 501 in 34µs on GET /api/v2/proxy/account-abstraction/status?
2025-09-08T13:57:29.993 application=api_v2 request_id=GGNTSGQ88ErCEigAAC_B [info] Sent 200 in 4ms on GET /api/v2/main-page/indexing-status?
2025-09-08T13:57:29.995 application=api_v2 request_id=GGNTSGScUR5reCoAAEUk [info] Sent 501 in 37µs on GET /api/v2/proxy/account-abstraction/status?
2025-09-08T13:57:35.019 application=api_v2 request_id=GGNTSY-Pkm7dpw4AAEck [info] Sent 200 in 8ms on GET /api/v2/main-page/indexing-status?
2025-09-08T13:57:35.023 application=api_v2 request_id=GGNTSZBJ0PqgLFMAADAG [info] Sent 501 in 55µs on GET /api/v2/proxy/account-abstraction/status?
2025-09-08T13:57:40.031 application=api_v2 request_id=GGNTSrqcEqHjzFQAACdH [info] Sent 200 in 3ms on GET /api/v2/main-page/indexing-status?
2025-09-08T13:57:40.033 application=api_v2 request_id=GGNTSrrt2v6OaIIAACdn [info] Sent 501 in 22µs on GET /api/v2/proxy/account-abstraction/status?
2025-09-08T13:57:45.049 application=api_v2 request_id=GGNTS-VXHnXAbxcAACmn [info] Sent 200 in 9ms on GET /api/v2/main-page/indexing-status?
2025-09-08T13:57:45.051 application=api_v2 request_id=GGNTS-YIqptxfn8AACnH [info] Sent 501 in 27µs on GET /api/v2/proxy/account-abstraction/status?
2025-09-08T13:57:50.060 application=api_v2 request_id=GGNTTRBGYxnQErQAACpH [info] Sent 200 in 5ms on GET /api/v2/main-page/indexing-status?
2025-09-08T13:57:50.063 application=api_v2 request_id=GGNTTRC_Wozxw50AAB7l [info] Sent 501 in 44µs on GET /api/v2/proxy/account-abstraction/status?
2025-09-08T13:57:53.677 application=api_v2 request_id=GGNTTefOwfwT8YMAACqn [info] Sent 200 in 6ms on GET /api/v2/stats?
2025-09-08T13:57:55.075 application=api_v2 request_id=GGNTTjsgqRDhDY0AACvn [info] Sent 200 in 5ms on GET /api/v2/main-page/indexing-status?
2025-09-08T13:57:55.077 application=api_v2 request_id=GGNTTjudmKAkIzYAACwH [info] Sent 501 in 98µs on GET /api/v2/proxy/account-abstraction/status?
2025-09-08T13:57:58.288 application=api_v2 request_id=GGNTTvpg_nIUsbkAAC1n [info] Sent 200 in 9ms on GET /api/v2/stats?
2025-09-08T13:58:00.093 application=api_v2 request_id=GGNTT2ZXE-WPiHQAAC3n [info] Sent 200 in 3ms on GET /api/v2/main-page/indexing-status?
2025-09-08T13:58:00.095 application=api_v2 request_id=GGNTT2av0S6c0EYAAC4H [info] Sent 501 in 34µs on GET /api/v2/proxy/account-abstraction/status?
2025-09-08T13:58:05.113 application=api_v2 request_id=GGNTUJFB1HP5uC0AADWm [info] Sent 200 in 8ms on GET /api/v2/main-page/indexing-status?
2025-09-08T13:58:05.117 application=api_v2 request_id=GGNTUJIE570-z9wAAC8n [info] Sent 501 in 106µs on GET /api/v2/proxy/account-abstraction/status?
2025-09-08T13:58:10.129 application=api_v2 request_id=GGNTUbyB9xNL4PYAADIH [info] Sent 200 in 4ms on GET /api/v2/main-page/indexing-status?
2025-09-08T13:58:10.131 application=api_v2 request_id=GGNTUbzkEK-p0f8AACLl [info] Sent 501 in 25µs on GET /api/v2/proxy/account-abstraction/status?
2025-09-08T13:58:15.147 application=api_v2 request_id=GGNTUudt0I5qIEoAADKn [info] Sent 200 in 7ms on GET /api/v2/main-page/indexing-status?
2025-09-08T13:58:15.151 application=api_v2 request_id=GGNTUugaJRdoi2EAADLH [info] Sent 501 in 65µs on GET /api/v2/proxy/account-abstraction/status?
2025-09-08T13:58:20.167 application=api_v2 request_id=GGNTVBKVqjnOmVgAACWl [info] Sent 200 in 8ms on GET /api/v2/main-page/indexing-status?
2025-09-08T13:58:20.171 application=api_v2 request_id=GGNTVBNOnwRPh1AAAFGk [info] Sent 501 in 86µs on GET /api/v2/proxy/account-abstraction/status?
2025-09-08T13:58:25.187 application=api_v2 request_id=GGNTVT3_H0x5jTEAAFBC [info] Sent 200 in 5ms on GET /api/v2/main-page/indexing-status?
2025-09-08T13:58:25.190 application=api_v2 request_id=GGNTVT6BosKrxP8AAFBi [info] Sent 501 in 55µs on GET /api/v2/proxy/account-abstraction/status?
2025-09-08T13:58:29.594 application=api_v2 request_id=GGNTVkSmxeTD4gYAADxj [info] Sent 200 in 5ms on GET /api/v2/stats?
2025-09-08T13:58:30.208 application=api_v2 request_id=GGNTVmkMU9Zi2KYAAEBh [info] Sent 200 in 8ms on GET /api/v2/main-page/indexing-status?
2025-09-08T13:58:30.211 application=api_v2 request_id=GGNTVmnDSg5-nHUAADzD [info] Sent 501 in 86µs on GET /api/v2/proxy/account-abstraction/status?
2025-09-08T13:58:35.226 application=api_v2 request_id=GGNTV5SBZEUFEvEAADbH [info] Sent 200 in 3ms on GET /api/v2/main-page/indexing-status?
2025-09-08T13:58:35.228 application=api_v2 request_id=GGNTV5TRjw6W6AgAAD8D [info] Sent 501 in 36µs on GET /api/v2/proxy/account-abstraction/status?
2025-09-08T13:58:40.242 application=api_v2 request_id=GGNTWL80YW_GecoAAD9j [info] Sent 200 in 7ms on GET /api/v2/main-page/indexing-status?
2025-09-08T13:58:40.245 application=api_v2 request_id=GGNTWL_SrqkrjH0AAD-D [info] Sent 501 in 39µs on GET /api/v2/proxy/account-abstraction/status?
2025-09-08T13:58:45.259 application=api_v2 request_id=GGNTWepoBk6EaEsAAFRC [info] Sent 200 in 4ms on GET /api/v2/main-page/indexing-status?
2025-09-08T13:58:45.260 application=api_v2 request_id=GGNTWerL3LyKHfUAAECD [info] Sent 501 in 53µs on GET /api/v2/proxy/account-abstraction/status?
2025-09-08T13:58:50.269 application=api_v2 request_id=GGNTWxUP_LdeD_sAAEHj [info] Sent 200 in 4ms on GET /api/v2/main-page/indexing-status?
2025-09-08T13:58:50.271 application=api_v2 request_id=GGNTWxVs0OB3klEAAEID [info] Sent 501 in 39µs on GET /api/v2/proxy/account-abstraction/status?
2025-09-08T13:58:55.281 application=api_v2 request_id=GGNTXD_MltASq0gAAFei [info] Sent 200 in 4ms on GET /api/v2/main-page/indexing-status?
2025-09-08T13:58:55.283 application=api_v2 request_id=GGNTXEAqm4BcJlAAAD0n [info] Sent 501 in 144µs on GET /api/v2/proxy/account-abstraction/status?
2025-09-08T13:59:00.296 application=api_v2 request_id=GGNTXWqK0ReqR2wAAEQD [info] Sent 200 in 7ms on GET /api/v2/main-page/indexing-status?
2025-09-08T13:59:00.300 application=api_v2 request_id=GGNTXWswYOGrR70AAFhi [info] Sent 501 in 55µs on GET /api/v2/proxy/account-abstraction/status?
2025-09-08T13:59:00.707 application=api_v2 request_id=GGNTXYMRBSTxkJMAAFiC [info] Sent 200 in 6ms on GET /api/v2/stats?
2025-09-08T13:59:05.312 application=api_v2 request_id=GGNTXpWupKUxvswAADIF [info] Sent 200 in 4ms on GET /api/v2/main-page/indexing-status?
2025-09-08T13:59:05.314 application=api_v2 request_id=GGNTXpYSHae_ye0AAFnC [info] Sent 501 in 32µs on GET /api/v2/proxy/account-abstraction/status?
2025-09-08T13:59:10.326 application=api_v2 request_id=GGNTX8COH5_6h1YAAEBn [info] Sent 200 in 4ms on GET /api/v2/main-page/indexing-status?
2025-09-08T13:59:10.330 application=api_v2 request_id=GGNTX8EGTwk4SWIAAELG [info] Sent 501 in 45µs on GET /api/v2/proxy/account-abstraction/status?
2025-09-08T13:59:15.347 application=api_v2 request_id=GGNTYOuhZlwAYjgAAERG [info] Sent 200 in 6ms on GET /api/v2/main-page/indexing-status?
2025-09-08T13:59:15.350 application=api_v2 request_id=GGNTYOxAyrkVMqkAAFsC [info] Sent 501 in 52µs on GET /api/v2/proxy/account-abstraction/status?
2025-09-08T13:59:20.365 application=api_v2 request_id=GGNTYhbU7MzCn_0AAFsi [info] Sent 200 in 5ms on GET /api/v2/main-page/indexing-status?
2025-09-08T13:59:20.368 application=api_v2 request_id=GGNTYhdaLerzogQAAFtC [info] Sent 501 in 36µs on GET /api/v2/proxy/account-abstraction/status?
2025-09-08T13:59:25.384 application=api_v2 request_id=GGNTY0HQcAoppnUAAFvi [info] Sent 200 in 6ms on GET /api/v2/main-page/indexing-status?
2025-09-08T13:59:25.386 application=api_v2 request_id=GGNTY0JzMg46tCsAAEoD [info] Sent 501 in 38µs on GET /api/v2/proxy/account-abstraction/status?
2025-09-08T13:59:30.395 application=api_v2 request_id=GGNTZGzJOqrw7qcAAF0i [info] Sent 200 in 3ms on GET /api/v2/main-page/indexing-status?
2025-09-08T13:59:30.397 application=api_v2 request_id=GGNTZG0oDeSAm78AAE2h [info] Sent 501 in 27µs on GET /api/v2/proxy/account-abstraction/status?
2025-09-08T13:59:32.754 application=api_v2 request_id=GGNTZPkmY_58PXwAAEim [info] Sent 200 in 7ms on GET /api/v2/stats?
2025-09-08T13:59:35.412 application=api_v2 request_id=GGNTZZezyHCg4ZAAAEjG [info] Sent 200 in 5ms on GET /api/v2/main-page/indexing-status?
2025-09-08T13:59:35.415 application=api_v2 request_id=GGNTZZhAglHMpywAAF1i [info] Sent 501 in 45µs on GET /api/v2/proxy/account-abstraction/status?
2025-09-08T13:59:40.427 application=api_v2 request_id=GGNTZsKmxjT6tOsAAF5i [info] Sent 200 in 4ms on GET /api/v2/main-page/indexing-status?
2025-09-08T13:59:40.428 application=api_v2 request_id=GGNTZsMLyWoj1hIAAE_B [info] Sent 501 in 27µs on GET /api/v2/proxy/account-abstraction/status?
2025-09-08T13:59:45.442 application=api_v2 request_id=GGNTZ-12IramJD4AAF8C [info] Sent 200 in 6ms on GET /api/v2/main-page/indexing-status?
2025-09-08T13:59:45.445 application=api_v2 request_id=GGNTZ-4R7QkoSggAAB0o [info] Sent 501 in 61µs on GET /api/v2/proxy/account-abstraction/status?
2025-09-08T13:59:50.460 application=api_v2 request_id=GGNTaRiQjhFbOMQAABzJ [info] Sent 200 in 6ms on GET /api/v2/main-page/indexing-status?
2025-09-08T13:59:50.464 application=api_v2 request_id=GGNTaRk0PwNtj-UAABzp [info] Sent 501 in 64µs on GET /api/v2/proxy/account-abstraction/status?
2025-09-08T13:59:55.478 application=api_v2 request_id=GGNTakOq8XEq6icAAGBi [info] Sent 200 in 7ms on GET /api/v2/main-page/indexing-status?
2025-09-08T13:59:55.483 application=api_v2 request_id=GGNTakRaUkEN7hAAAB1p [info] Sent 501 in 93µs on GET /api/v2/proxy/account-abstraction/status?
2025-09-08T14:00:00.497 application=api_v2 request_id=GGNTa27ZGgQouF4AAB6J [info] Sent 200 in 5ms on GET /api/v2/main-page/indexing-status?
2025-09-08T14:00:00.501 application=api_v2 request_id=GGNTa295b-oxgHYAAGDC [info] Sent 501 in 70µs on GET /api/v2/proxy/account-abstraction/status?
2025-09-08T14:00:02.964 application=api_v2 request_id=GGNTbAG0U6CX7S4AAB7J [info] Sent 200 in 9ms on GET /api/v2/stats?
2025-09-08T14:00:05.511 application=api_v2 request_id=GGNTbJnbpEAu1q4AAGJC [info] Sent 200 in 3ms on GET /api/v2/main-page/indexing-status?
2025-09-08T14:00:05.513 application=api_v2 request_id=GGNTbJo7r_pHKdgAAGJi [info] Sent 501 in 27µs on GET /api/v2/proxy/account-abstraction/status?
2025-09-08T14:00:10.523 application=api_v2 request_id=GGNTbcSJtnYjas0AAErG [info] Sent 200 in 4ms on GET /api/v2/main-page/indexing-status?
2025-09-08T14:00:10.525 application=api_v2 request_id=GGNTbcT5w1tTVgkAAErm [info] Sent 501 in 29µs on GET /api/v2/proxy/account-abstraction/status?
2025-09-08T14:00:15.543 application=api_v2 request_id=GGNTbu90CXr27TUAAEsG [info] Sent 200 in 9ms on GET /api/v2/main-page/indexing-status?
2025-09-08T14:00:15.547 application=api_v2 request_id=GGNTbvBCwrOV-AkAAD3F [info] Sent 501 in 90µs on GET /api/v2/proxy/account-abstraction/status?
2025-09-08T14:00:20.557 application=api_v2 request_id=GGNTcBq-8eoFYyYAAFrh [info] Sent 200 in 3ms on GET /api/v2/main-page/indexing-status?
2025-09-08T14:00:20.560 application=api_v2 request_id=GGNTcBsPon4QQ8kAAEum [info] Sent 501 in 35µs on GET /api/v2/proxy/account-abstraction/status?
2025-09-08T14:00:25.572 application=api_v2 request_id=GGNTcUWJ8On5614AAApK [info] Sent 200 in 4ms on GET /api/v2/main-page/indexing-status?
2025-09-08T14:00:25.573 application=api_v2 request_id=GGNTcUXoe7ZW5TAAAD6F [info] Sent 501 in 25µs on GET /api/v2/proxy/account-abstraction/status?
2025-09-08T14:00:30.584 application=api_v2 request_id=GGNTcnBVhvJLJFgAAEzG [info] Sent 200 in 4ms on GET /api/v2/main-page/indexing-status?
2025-09-08T14:00:30.587 application=api_v2 request_id=GGNTcnC6wiaqSLYAAEzm [info] Sent 501 in 26µs on GET /api/v2/proxy/account-abstraction/status?
2025-09-08T14:00:34.026 application=api_v2 request_id=GGNTcz1DBtWpnTYAAGbi [info] Sent 200 in 7ms on GET /api/v2/stats?
2025-09-08T14:00:35.596 application=api_v2 request_id=GGNTc5sCXEPh_eoAAE4m [info] Sent 200 in 4ms on GET /api/v2/main-page/indexing-status?
2025-09-08T14:00:35.598 application=api_v2 request_id=GGNTc5tsxp0CzoUAAE5G [info] Sent 501 in 34µs on GET /api/v2/proxy/account-abstraction/status?
2025-09-08T14:00:40.613 application=api_v2 request_id=GGNTdMX6qWdzOjgAAFxH [info] Sent 200 in 4ms on GET /api/v2/main-page/indexing-status?
2025-09-08T14:00:40.615 application=api_v2 request_id=GGNTdMZ53Yhjd50AAFxn [info] Sent 501 in 31µs on GET /api/v2/proxy/account-abstraction/status?
2025-09-08T14:00:45.626 application=api_v2 request_id=GGNTdfDn-L409w0AAG0E [info] Sent 200 in 4ms on GET /api/v2/main-page/indexing-status?
2025-09-08T14:00:45.628 application=api_v2 request_id=GGNTdfFGV0WJD_wAAF5n [info] Sent 501 in 33µs on GET /api/v2/proxy/account-abstraction/status?
2025-09-08T14:00:50.650 application=api_v2 request_id=GGNTdxv-qIcH7eUAAFOm [info] Sent 200 in 9ms on GET /api/v2/main-page/indexing-status?
2025-09-08T14:00:50.654 application=api_v2 request_id=GGNTdxzVCtph7-EAAFdj [info] Sent 501 in 65µs on GET /api/v2/proxy/account-abstraction/status?
2025-09-08T14:00:55.667 application=api_v2 request_id=GGNTeEdtqV5eWYcAAAtK [info] Sent 200 in 3ms on GET /api/v2/main-page/indexing-status?
2025-09-08T14:00:55.668 application=api_v2 request_id=GGNTeEe6TkyLUKgAAAtq [info] Sent 501 in 28µs on GET /api/v2/proxy/account-abstraction/status?
2025-09-08T14:01:00.687 application=api_v2 request_id=GGNTeXJtKr5PEWUAAHEE [info] Sent 200 in 6ms on GET /api/v2/main-page/indexing-status?
2025-09-08T14:01:00.689 application=api_v2 request_id=GGNTeXL69MJRT88AAHEk [info] Sent 501 in 41µs on GET /api/v2/proxy/account-abstraction/status?
2025-09-08T14:01:05.071 application=api_v2 request_id=GGNTenesFYWzhfAAAGEh [info] Sent 200 in 8ms on GET /api/v2/stats?
2025-09-08T14:01:05.697 application=api_v2 request_id=GGNTep06bdFEn8IAAFTm [info] Sent 200 in 3ms on GET /api/v2/main-page/indexing-status?
2025-09-08T14:01:05.699 application=api_v2 request_id=GGNTep2OKoE2d2UAAFUG [info] Sent 501 in 30µs on GET /api/v2/proxy/account-abstraction/status?
2025-09-08T14:01:10.713 application=api_v2 request_id=GGNTe8gTvv4ADDUAAFXG [info] Sent 200 in 5ms on GET /api/v2/main-page/indexing-status?
2025-09-08T14:01:10.714 application=api_v2 request_id=GGNTe8iCuaMuXQsAAHPE [info] Sent 501 in 30µs on GET /api/v2/proxy/account-abstraction/status?
2025-09-08T14:01:15.722 application=api_v2 request_id=GGNTfPLC_X-czqsAAEYl [info] Sent 200 in 4ms on GET /api/v2/main-page/indexing-status?
2025-09-08T14:01:15.724 application=api_v2 request_id=GGNTfPMe3gHWR1UAAHVE [info] Sent 501 in 30µs on GET /api/v2/proxy/account-abstraction/status?
2025-09-08T14:01:20.739 application=api_v2 request_id=GGNTfh225kqnmT4AAFkm [info] Sent 200 in 5ms on GET /api/v2/main-page/indexing-status?
2025-09-08T14:01:20.754 application=api_v2 request_id=GGNTfh7ojiwJRp8AAHck [info] Sent 501 in 43µs on GET /api/v2/proxy/account-abstraction/status?
2025-09-08T14:01:25.762 application=api_v2 request_id=GGNTf0k_0zGZRiUAAHkE [info] Sent 200 in 2ms on GET /api/v2/main-page/indexing-status?
2025-09-08T14:01:25.764 application=api_v2 request_id=GGNTf0mJz5-Fh-oAAFxG [info] Sent 501 in 42µs on GET /api/v2/proxy/account-abstraction/status?
2025-09-08T14:01:30.779 application=api_v2 request_id=GGNTgHQq8X8GO6EAAGcn [info] Sent 200 in 4ms on GET /api/v2/main-page/indexing-status?
2025-09-08T14:01:30.781 application=api_v2 request_id=GGNTgHSY7b-ogvoAAF2m [info] Sent 501 in 37µs on GET /api/v2/proxy/account-abstraction/status?
2025-09-08T14:01:35.799 application=api_v2 request_id=GGNTgZ8ui93tsT0AAHvE [info] Sent 200 in 7ms on GET /api/v2/main-page/indexing-status?
2025-09-08T14:01:35.802 application=api_v2 request_id=GGNTgZ_apIFy3A4AAF_m [info] Sent 501 in 54µs on GET /api/v2/proxy/account-abstraction/status?
2025-09-08T14:01:36.215 application=api_v2 request_id=GGNTgbfkudL9zt8AAGAm [info] Sent 200 in 9ms on GET /api/v2/stats?
2025-09-08T14:01:40.814 application=api_v2 request_id=GGNTgspG88F0u4cAAGmj [info] Sent 200 in 4ms on GET /api/v2/main-page/indexing-status?
2025-09-08T14:01:40.816 application=api_v2 request_id=GGNTgsq3KqU_8bMAAGEG [info] Sent 501 in 38µs on GET /api/v2/proxy/account-abstraction/status?
2025-09-08T14:01:45.830 application=api_v2 request_id=GGNTg_U1lH9UxzQAAGOG [info] Sent 200 in 5ms on GET /api/v2/main-page/indexing-status?
2025-09-08T14:01:45.832 application=api_v2 request_id=GGNTg_W1KH5O5VcAAGZB [info] Sent 501 in 49µs on GET /api/v2/proxy/account-abstraction/status?
2025-09-08T14:01:50.841 application=api_v2 request_id=GGNThSASGszqYvoAAGcB [info] Sent 200 in 3ms on GET /api/v2/main-page/indexing-status?
2025-09-08T14:01:50.843 application=api_v2 request_id=GGNThSBfjkYQqN0AAGch [info] Sent 501 in 28µs on GET /api/v2/proxy/account-abstraction/status?
2025-09-08T14:01:55.851 application=api_v2 request_id=GGNThkqZM6KOze8AAG5C [info] Sent 200 in 4ms on GET /api/v2/main-page/indexing-status?
2025-09-08T14:01:55.853 application=api_v2 request_id=GGNThksCQqcwdIAAAG5i [info] Sent 501 in 37µs on GET /api/v2/proxy/account-abstraction/status?
2025-09-08T14:02:00.863 application=api_v2 request_id=GGNTh3VX7vvCx-EAAGZm [info] Sent 200 in 4ms on GET /api/v2/main-page/indexing-status?
2025-09-08T14:02:00.866 application=api_v2 request_id=GGNTh3XIwFRHM5oAAGaG [info] Sent 501 in 42µs on GET /api/v2/proxy/account-abstraction/status?
2025-09-08T14:02:05.889 application=api_v2 request_id=GGNTiKC1YYNywkcAAHAC [info] Sent 200 in 7ms on GET /api/v2/main-page/indexing-status?
2025-09-08T14:02:05.892 application=api_v2 request_id=GGNTiKFho9Lff64AAGfG [info] Sent 501 in 95µs on GET /api/v2/proxy/account-abstraction/status?
2025-09-08T14:02:07.754 application=api_v2 request_id=GGNTiQ_krdh70QQAAGfm [info] Sent 200 in 7ms on GET /api/v2/stats?
2025-09-08T14:02:10.901 application=api_v2 request_id=GGNTicu3RrVDA8AAAHGi [info] Sent 200 in 3ms on GET /api/v2/main-page/indexing-status?
2025-09-08T14:02:10.903 application=api_v2 request_id=GGNTicwRhrY_SPwAAGgm [info] Sent 501 in 42µs on GET /api/v2/proxy/account-abstraction/status?
2025-09-08T14:02:15.917 application=api_v2 request_id=GGNTivaf9p45r7wAAHOi [info] Sent 200 in 5ms on GET /api/v2/main-page/indexing-status?
2025-09-08T14:02:15.920 application=api_v2 request_id=GGNTivcSAE0z9zYAAHPC [info] Sent 501 in 44µs on GET /api/v2/proxy/account-abstraction/status?
2025-09-08T14:02:20.945 application=api_v2 request_id=GGNTjCGS-uSr9fcAAHGj [info] Sent 200 in 16ms on GET /api/v2/main-page/indexing-status?
2025-09-08T14:02:20.951 application=api_v2 request_id=GGNTjCLr1hjOcCQAAHHD [info] Sent 501 in 56µs on GET /api/v2/proxy/account-abstraction/status?
2025-09-08T14:02:25.980 application=api_v2 request_id=GGNTjU5fPjZraa0AAHRi [info] Sent 200 in 5ms on GET /api/v2/main-page/indexing-status?
2025-09-08T14:02:25.982 application=api_v2 request_id=GGNTjU7Ppe2ccYMAAHEh [info] Sent 501 in 28µs on GET /api/v2/proxy/account-abstraction/status?
2025-09-08T14:02:30.992 application=api_v2 request_id=GGNTjnklPuKdinEAAHWC [info] Sent 200 in 5ms on GET /api/v2/main-page/indexing-status?
2025-09-08T14:02:30.995 application=api_v2 request_id=GGNTjnmXhr7f2NQAAHMh [info] Sent 501 in 52µs on GET /api/v2/proxy/account-abstraction/status?
2025-09-08T14:02:36.006 application=api_v2 request_id=GGNTj6P8OuRzwo4AAHVh [info] Sent 200 in 5ms on GET /api/v2/main-page/indexing-status?
2025-09-08T14:02:36.009 application=api_v2 request_id=GGNTj6R0i6yOQioAAHWB [info] Sent 501 in 94µs on GET /api/v2/proxy/account-abstraction/status?
2025-09-08T14:02:38.758 application=api_v2 request_id=GGNTkEfB-pgqRRsAAHYC [info] Sent 200 in 9ms on GET /api/v2/stats?
2025-09-08T14:02:41.019 application=api_v2 request_id=GGNTkM7U5zEc3PQAAHNm [info] Sent 200 in 4ms on GET /api/v2/main-page/indexing-status?
2025-09-08T14:02:41.020 application=api_v2 request_id=GGNTkM8uoBpVpQYAAHOG [info] Sent 501 in 26µs on GET /api/v2/proxy/account-abstraction/status?
2025-09-08T14:02:46.031 application=api_v2 request_id=GGNTkfl3NyZsl_gAAHZi [info] Sent 200 in 6ms on GET /api/v2/main-page/indexing-status?
2025-09-08T14:02:46.034 application=api_v2 request_id=GGNTkfoCxYzHxAEAAHej [info] Sent 501 in 85µs on GET /api/v2/proxy/account-abstraction/status?
2025-09-08T14:02:51.053 application=api_v2 request_id=GGNTkyS6GoeWVN8AAHij [info] Sent 200 in 7ms on GET /api/v2/main-page/indexing-status?
2025-09-08T14:02:51.056 application=api_v2 request_id=GGNTkyVa1npnugEAAHjD [info] Sent 501 in 50µs on GET /api/v2/proxy/account-abstraction/status?
2025-09-08T14:02:56.069 application=api_v2 request_id=GGNTlE_k10pdbgMAAHdi [info] Sent 200 in 4ms on GET /api/v2/main-page/indexing-status?
2025-09-08T14:02:56.072 application=api_v2 request_id=GGNTlFBTLD5SR2oAAFxl [info] Sent 501 in 54µs on GET /api/v2/proxy/account-abstraction/status?
2025-09-08T14:03:01.086 application=api_v2 request_id=GGNTlXrQklMflpMAAFyl [info] Sent 200 in 6ms on GET /api/v2/main-page/indexing-status?
2025-09-08T14:03:01.090 application=api_v2 request_id=GGNTlXtk8rMb7l4AAFzF [info] Sent 501 in 53µs on GET /api/v2/proxy/account-abstraction/status?
2025-09-08T14:03:06.107 application=api_v2 request_id=GGNTlqYdqa9nP6YAAF1F [info] Sent 200 in 5ms on GET /api/v2/main-page/indexing-status?
2025-09-08T14:03:06.111 application=api_v2 request_id=GGNTlqarLl2OvygAAF1l [info] Sent 501 in 59µs on GET /api/v2/proxy/account-abstraction/status?
2025-09-08T14:03:09.754 application=api_v2 request_id=GGNTl39lb5DgyiAAAF5l [info] Sent 200 in 6ms on GET /api/v2/stats?
2025-09-08T14:03:11.125 application=api_v2 request_id=GGNTl9FfQiw37b8AAHjm [info] Sent 200 in 2ms on GET /api/v2/main-page/indexing-status?
2025-09-08T14:03:11.126 application=api_v2 request_id=GGNTl9GmUWr94P0AAF8F [info] Sent 501 in 28µs on GET /api/v2/proxy/account-abstraction/status?
2025-09-08T14:03:16.139 application=api_v2 request_id=GGNTmPw718Y-hykAAGHF [info] Sent 200 in 3ms on GET /api/v2/main-page/indexing-status?
2025-09-08T14:03:16.141 application=api_v2 request_id=GGNTmPyLUp1g7FwAAGHl [info] Sent 501 in 54µs on GET /api/v2/proxy/account-abstraction/status?
2025-09-08T14:03:21.155 application=api_v2 request_id=GGNTmicEKoaJa3sAAGNl [info] Sent 200 in 5ms on GET /api/v2/main-page/indexing-status?
2025-09-08T14:03:21.159 application=api_v2 request_id=GGNTmiealLWAG6gAAGOF [info] Sent 501 in 60µs on GET /api/v2/proxy/account-abstraction/status?
2025-09-08T14:03:26.169 application=api_v2 request_id=GGNTm1H0XxPnyxIAAHkm [info] Sent 200 in 4ms on GET /api/v2/main-page/indexing-status?
2025-09-08T14:03:26.171 application=api_v2 request_id=GGNTm1JfoeV8K1UAAGWl [info] Sent 501 in 39µs on GET /api/v2/proxy/account-abstraction/status?
2025-09-08T14:03:31.187 application=api_v2 request_id=GGNTnH0V1P_zpX0AAGhl [info] Sent 200 in 4ms on GET /api/v2/main-page/indexing-status?
2025-09-08T14:03:31.189 application=api_v2 request_id=GGNTnH15lkViQMMAAGiF [info] Sent 501 in 26µs on GET /api/v2/proxy/account-abstraction/status?
2025-09-08T14:03:36.201 application=api_v2 request_id=GGNTnaf0e-XXasoAAIqh [info] Sent 200 in 4ms on GET /api/v2/main-page/indexing-status?
2025-09-08T14:03:36.203 application=api_v2 request_id=GGNTnahV6PlTTEUAAIrB [info] Sent 501 in 42µs on GET /api/v2/proxy/account-abstraction/status?
2025-09-08T14:03:40.754 application=api_v2 request_id=GGNTnrdJqhOPIacAAHlm [info] Sent 200 in 5ms on GET /api/v2/stats?
2025-09-08T14:03:41.216 application=api_v2 request_id=GGNTntLR6xt5m-cAAIwB [info] Sent 200 in 4ms on GET /api/v2/main-page/indexing-status?
2025-09-08T14:03:41.218 application=api_v2 request_id=GGNTntM6c6-kxlIAAIwh [info] Sent 501 in 29µs on GET /api/v2/proxy/account-abstraction/status?
2025-09-08T14:03:46.225 application=api_v2 request_id=GGNTn_2GA3jT1cwAAHqG [info] Sent 200 in 2ms on GET /api/v2/main-page/indexing-status?
2025-09-08T14:03:46.227 application=api_v2 request_id=GGNTn_3Lnf7f1CEAAI0h [info] Sent 501 in 32µs on GET /api/v2/proxy/account-abstraction/status?
2025-09-08T14:03:51.240 application=api_v2 request_id=GGNToShQfQEyhQIAAI8B [info] Sent 200 in 4ms on GET /api/v2/main-page/indexing-status?
2025-09-08T14:03:51.242 application=api_v2 request_id=GGNToSizOoKw6Z8AAHrm [info] Sent 501 in 54µs on GET /api/v2/proxy/account-abstraction/status?
2025-09-08T14:03:56.250 application=api_v2 request_id=GGNTolL3f29uns4AAH0m [info] Sent 200 in 4ms on GET /api/v2/main-page/indexing-status?
2025-09-08T14:03:56.252 application=api_v2 request_id=GGNTolNVWAOSCdsAAH-n [info] Sent 501 in 32µs on GET /api/v2/proxy/account-abstraction/status?
2025-09-08T14:04:01.264 application=api_v2 request_id=GGNTo32_6sIKDU0AAJGB [info] Sent 200 in 5ms on GET /api/v2/main-page/indexing-status?
2025-09-08T14:04:01.267 application=api_v2 request_id=GGNTo35DQxwy8VQAAIHD [info] Sent 501 in 69µs on GET /api/v2/proxy/account-abstraction/status?
2025-09-08T14:04:06.276 application=api_v2 request_id=GGNTpKiWVJts8V4AAECJ [info] Sent 200 in 4ms on GET /api/v2/main-page/indexing-status?
2025-09-08T14:04:06.278 application=api_v2 request_id=GGNTpKj3yar2fcQAAJMB [info] Sent 501 in 40µs on GET /api/v2/proxy/account-abstraction/status?
2025-09-08T14:04:11.289 application=api_v2 request_id=GGNTpdNkjurnr3IAAJNh [info] Sent 200 in 3ms on GET /api/v2/main-page/indexing-status?
2025-09-08T14:04:11.291 application=api_v2 request_id=GGNTpdO7PnzsqBAAAJOB [info] Sent 501 in 33µs on GET /api/v2/proxy/account-abstraction/status?
2025-09-08T14:04:11.756 application=api_v2 request_id=GGNTpe76giFLebUAAIWm [info] Sent 200 in 7ms on GET /api/v2/stats?
2025-09-08T14:04:16.308 application=api_v2 request_id=GGNTpv5EVeaAYO0AAIcm [info] Sent 200 in 8ms on GET /api/v2/main-page/indexing-status?
2025-09-08T14:04:16.314 application=api_v2 request_id=GGNTpv8kJ0OfniIAAIdG [info] Sent 501 in 82µs on GET /api/v2/proxy/account-abstraction/status?
2025-09-08T14:04:21.329 application=api_v2 request_id=GGNTqCnBNA0h3uUAAIgm [info] Sent 200 in 4ms on GET /api/v2/main-page/indexing-status?
2025-09-08T14:04:21.332 application=api_v2 request_id=GGNTqCo4idstkSAAAIhG [info] Sent 501 in 39µs on GET /api/v2/proxy/account-abstraction/status?
2025-09-08T14:04:26.346 application=api_v2 request_id=GGNTqVTUu7v3r7cAAIlm [info] Sent 200 in 4ms on GET /api/v2/main-page/indexing-status?
2025-09-08T14:04:26.348 application=api_v2 request_id=GGNTqVU7qVf-kXQAAJeh [info] Sent 501 in 28µs on GET /api/v2/proxy/account-abstraction/status?
2025-09-08T14:04:31.360 application=api_v2 request_id=GGNTqn-2jiYXk3gAAIHH [info] Sent 200 in 6ms on GET /api/v2/main-page/indexing-status?
2025-09-08T14:04:31.364 application=api_v2 request_id=GGNTqoBbuIqmkLAAAJoB [info] Sent 501 in 58µs on GET /api/v2/proxy/account-abstraction/status?
2025-09-08T14:04:36.377 application=api_v2 request_id=GGNTq6rf2KGMnjcAAJwE [info] Sent 200 in 4ms on GET /api/v2/main-page/indexing-status?
2025-09-08T14:04:36.379 application=api_v2 request_id=GGNTq6tLjWK9HZMAAIsm [info] Sent 501 in 55µs on GET /api/v2/proxy/account-abstraction/status?
2025-09-08T14:04:41.389 application=api_v2 request_id=GGNTrNWk4UKOPLwAAJtB [info] Sent 200 in 4ms on GET /api/v2/main-page/indexing-status?
2025-09-08T14:04:41.392 application=api_v2 request_id=GGNTrNYTeubak9QAAJth [info] Sent 501 in 44µs on GET /api/v2/proxy/account-abstraction/status?
2025-09-08T14:04:42.752 application=api_v2 request_id=GGNTrSbM2GYv1cQAAJvh [info] Sent 200 in 6ms on GET /api/v2/stats?
2025-09-08T14:04:46.399 application=api_v2 request_id=GGNTrgBhui9fVqoAAJ3B [info] Sent 200 in 2ms on GET /api/v2/main-page/indexing-status?
2025-09-08T14:04:46.401 application=api_v2 request_id=GGNTrgCmdWb2ovcAAJ3h [info] Sent 501 in 27µs on GET /api/v2/proxy/account-abstraction/status?
2025-09-08T14:04:51.416 application=api_v2 request_id=GGNTrysOVOhBShEAAJ9h [info] Sent 200 in 8ms on GET /api/v2/main-page/indexing-status?
2025-09-08T14:04:51.418 application=api_v2 request_id=GGNTryupvb2qCdQAAJ-B [info] Sent 501 in 28µs on GET /api/v2/proxy/account-abstraction/status?
2025-09-08T14:04:56.430 application=api_v2 request_id=GGNTsFYgVnRZq9AAAKFh [info] Sent 200 in 5ms on GET /api/v2/main-page/indexing-status?
2025-09-08T14:04:56.434 application=api_v2 request_id=GGNTsFalt6MBLXgAAKGB [info] Sent 501 in 57µs on GET /api/v2/proxy/account-abstraction/status?
2025-09-08T14:05:01.452 application=api_v2 request_id=GGNTsYErAEa9cjQAAKTh [info] Sent 200 in 7ms on GET /api/v2/main-page/indexing-status?
2025-09-08T14:05:01.456 application=api_v2 request_id=GGNTsYHZ_ALqF0wAAIwG [info] Sent 501 in 75µs on GET /api/v2/proxy/account-abstraction/status?
2025-09-08T14:05:06.471 application=api_v2 request_id=GGNTsqx_bt0nPBcAAJFC [info] Sent 200 in 4ms on GET /api/v2/main-page/indexing-status?
2025-09-08T14:05:06.474 application=api_v2 request_id=GGNTsqzuBo261PkAAKZB [info] Sent 501 in 37µs on GET /api/v2/proxy/account-abstraction/status?
2025-09-08T14:05:11.485 application=api_v2 request_id=GGNTs9dO8SIU9Q0AAJOi [info] Sent 200 in 5ms on GET /api/v2/main-page/indexing-status?
2025-09-08T14:05:11.488 application=api_v2 request_id=GGNTs9fXP4CcJesAAKgh [info] Sent 501 in 55µs on GET /api/v2/proxy/account-abstraction/status?
2025-09-08T14:05:13.790 application=api_v2 request_id=GGNTtGCgHjGm2oYAAJTi [info] Sent 200 in 6ms on GET /api/v2/stats?
2025-09-08T14:05:16.500 application=api_v2 request_id=GGNTtQJHUNQn20sAAKmh [info] Sent 200 in 4ms on GET /api/v2/main-page/indexing-status?
2025-09-08T14:05:16.502 application=api_v2 request_id=GGNTtQK0TjI6jHcAAJWi [info] Sent 501 in 31µs on GET /api/v2/proxy/account-abstraction/status?
2025-09-08T14:05:21.520 application=api_v2 request_id=GGNTti1hpOi1ZTcAAJbC [info] Sent 200 in 6ms on GET /api/v2/main-page/indexing-status?
2025-09-08T14:05:21.524 application=api_v2 request_id=GGNTti390oR9nVoAAJbi [info] Sent 501 in 54µs on GET /api/v2/proxy/account-abstraction/status?
2025-09-08T14:05:26.538 application=api_v2 request_id=GGNTt1iEk_N5hDUAAJgi [info] Sent 200 in 6ms on GET /api/v2/main-page/indexing-status?
2025-09-08T14:05:26.542 application=api_v2 request_id=GGNTt1kX2zw8ycMAAJhC [info] Sent 501 in 51µs on GET /api/v2/proxy/account-abstraction/status?
2025-09-08T14:05:31.553 application=api_v2 request_id=GGNTuINxPw8Q_x0AAJmi [info] Sent 200 in 4ms on GET /api/v2/main-page/indexing-status?
2025-09-08T14:05:31.555 application=api_v2 request_id=GGNTuIPcyDEqWYAAAK2h [info] Sent 501 in 36µs on GET /api/v2/proxy/account-abstraction/status?
2025-09-08T14:05:36.567 application=api_v2 request_id=GGNTua5nhnVMCdgAAK_B [info] Sent 200 in 3ms on GET /api/v2/main-page/indexing-status?
2025-09-08T14:05:36.569 application=api_v2 request_id=GGNTua6z7YrReTEAAK_h [info] Sent 501 in 29µs on GET /api/v2/proxy/account-abstraction/status?
2025-09-08T14:05:41.588 application=api_v2 request_id=GGNTutlhLAA_gHoAALHh [info] Sent 200 in 7ms on GET /api/v2/main-page/indexing-status?
2025-09-08T14:05:41.591 application=api_v2 request_id=GGNTutoODaYly4YAAJXm [info] Sent 501 in 64µs on GET /api/v2/proxy/account-abstraction/status?
2025-09-08T14:05:45.753 application=api_v2 request_id=GGNTu9GkmfPLJSUAAJgm [info] Sent 200 in 7ms on GET /api/v2/stats?
2025-09-08T14:05:46.600 application=api_v2 request_id=GGNTvARuFVnxHA8AALMh [info] Sent 200 in 3ms on GET /api/v2/main-page/indexing-status?
2025-09-08T14:05:46.602 application=api_v2 request_id=GGNTvAS5Wo2sSCQAAIBF [info] Sent 501 in 27µs on GET /api/v2/proxy/account-abstraction/status?
2025-09-08T14:05:51.616 application=api_v2 request_id=GGNTvS8ee8DdqskAAJKD [info] Sent 200 in 7ms on GET /api/v2/main-page/indexing-status?
2025-09-08T14:05:51.620 application=api_v2 request_id=GGNTvS_O_Ph9HtUAAJKj [info] Sent 501 in 60µs on GET /api/v2/proxy/account-abstraction/status?
2025-09-08T14:05:56.633 application=api_v2 request_id=GGNTvlpD1PSxvX8AALYB [info] Sent 200 in 5ms on GET /api/v2/main-page/indexing-status?
2025-09-08T14:05:56.636 application=api_v2 request_id=GGNTvlrQK-CP0skAAJUD [info] Sent 501 in 50µs on GET /api/v2/proxy/account-abstraction/status?
2025-09-08T14:06:01.651 application=api_v2 request_id=GGNTv4V1A8cmGFAAAJWD [info] Sent 200 in 3ms on GET /api/v2/main-page/indexing-status?
2025-09-08T14:06:01.653 application=api_v2 request_id=GGNTv4XRqGm94RIAAJWj [info] Sent 501 in 25µs on GET /api/v2/proxy/account-abstraction/status?
2025-09-08T14:06:06.662 application=api_v2 request_id=GGNTwLAZZQgV4TIAAJYj [info] Sent 200 in 5ms on GET /api/v2/main-page/indexing-status?
2025-09-08T14:06:06.664 application=api_v2 request_id=GGNTwLCJ5QDhvSMAAJZD [info] Sent 501 in 31µs on GET /api/v2/proxy/account-abstraction/status?
2025-09-08T14:06:11.677 application=api_v2 request_id=GGNTwdsXA6rJotQAAJ9G [info] Sent 200 in 4ms on GET /api/v2/main-page/indexing-status?
2025-09-08T14:06:11.680 application=api_v2 request_id=GGNTwdt_iP05vGwAAJ9m [info] Sent 501 in 39µs on GET /api/v2/proxy/account-abstraction/status?
2025-09-08T14:06:16.692 application=api_v2 request_id=GGNTwwX1jw4WDQMAAJqD [info] Sent 200 in 4ms on GET /api/v2/main-page/indexing-status?
2025-09-08T14:06:16.694 application=api_v2 request_id=GGNTwwZh1c4SAbkAAKDG [info] Sent 501 in 32µs on GET /api/v2/proxy/account-abstraction/status?
2025-09-08T14:06:16.752 application=api_v2 request_id=GGNTwwlacHyunFcAAKDm [info] Sent 200 in 7ms on GET /api/v2/stats?
2025-09-08T14:06:21.708 application=api_v2 request_id=GGNTxDDuk_QMs9UAAINF [info] Sent 200 in 4ms on GET /api/v2/main-page/indexing-status?
2025-09-08T14:06:21.710 application=api_v2 request_id=GGNTxDFPGcCv9RYAALwh [info] Sent 501 in 27µs on GET /api/v2/proxy/account-abstraction/status?
2025-09-08T14:06:26.725 application=api_v2 request_id=GGNTxVvTcdUq2IQAAKRm [info] Sent 200 in 6ms on GET /api/v2/main-page/indexing-status?
2025-09-08T14:06:26.728 application=api_v2 request_id=GGNTxVxzgJt0A-QAAL1B [info] Sent 501 in 57µs on GET /api/v2/proxy/account-abstraction/status?
2025-09-08T14:06:31.747 application=api_v2 request_id=GGNTxob4_nfHrVEAAMDB [info] Sent 200 in 9ms on GET /api/v2/main-page/indexing-status?
2025-09-08T14:06:31.750 application=api_v2 request_id=GGNTxofDqUc1BWcAAMDh [info] Sent 501 in 36µs on GET /api/v2/proxy/account-abstraction/status?
2025-09-08T14:06:36.762 application=api_v2 request_id=GGNTx7JDHG5ifGgAAMKB [info] Sent 200 in 3ms on GET /api/v2/main-page/indexing-status?
2025-09-08T14:06:36.765 application=api_v2 request_id=GGNTx7KpPSAP0YoAALbk [info] Sent 501 in 64µs on GET /api/v2/proxy/account-abstraction/status?
2025-09-08T14:06:41.784 application=api_v2 request_id=GGNTyN2AP3ts0fwAAKWG [info] Sent 200 in 5ms on GET /api/v2/main-page/indexing-status?
2025-09-08T14:06:41.787 application=api_v2 request_id=GGNTyN4CFUbGR8wAAKWm [info] Sent 501 in 49µs on GET /api/v2/proxy/account-abstraction/status?
2025-09-08T14:06:46.793 application=api_v2 request_id=GGNTygg8DaQEAOAAAMfh [info] Sent 200 in 2ms on GET /api/v2/main-page/indexing-status?
2025-09-08T14:06:46.795 application=api_v2 request_id=GGNTygiCQ-3TimMAAMgB [info] Sent 501 in 30µs on GET /api/v2/proxy/account-abstraction/status?
2025-09-08T14:06:47.750 application=api_v2 request_id=GGNTykEXyy2jLiAAAMgh [info] Sent 200 in 5ms on GET /api/v2/stats?
2025-09-08T14:06:51.808 application=api_v2 request_id=GGNTyzLmcKjFPr4AAI5l [info] Sent 200 in 6ms on GET /api/v2/main-page/indexing-status?
2025-09-08T14:06:51.811 application=api_v2 request_id=GGNTyzN9zGFyjd0AAK6C [info] Sent 501 in 75µs on GET /api/v2/proxy/account-abstraction/status?
2025-09-08T14:06:56.833 application=api_v2 request_id=GGNTzF5Kfm9DZJYAAKem [info] Sent 200 in 8ms on GET /api/v2/main-page/indexing-status?
2025-09-08T14:06:56.836 application=api_v2 request_id=GGNTzF8Bho0cJMsAAKfG [info] Sent 501 in 65µs on GET /api/v2/proxy/account-abstraction/status?
2025-09-08T14:07:01.858 application=api_v2 request_id=GGNTzYnU7MBO1D0AALEi [info] Sent 200 in 7ms on GET /api/v2/main-page/indexing-status?
2025-09-08T14:07:01.861 application=api_v2 request_id=GGNTzYqJVAUioR4AALFC [info] Sent 501 in 63µs on GET /api/v2/proxy/account-abstraction/status?
2025-09-08T14:07:06.875 application=api_v2 request_id=GGNTzrUBBdI2uxwAALJi [info] Sent 200 in 6ms on GET /api/v2/main-page/indexing-status?
2025-09-08T14:07:06.879 application=api_v2 request_id=GGNTzrWdGJOvVSwAALKC [info] Sent 501 in 61µs on GET /api/v2/proxy/account-abstraction/status?
2025-09-08T14:07:11.893 application=api_v2 request_id=GGNTz-A2M8PIKuMAALMC [info] Sent 200 in 3ms on GET /api/v2/main-page/indexing-status?
2025-09-08T14:07:11.895 application=api_v2 request_id=GGNTz-CVeRW2smkAALMi [info] Sent 501 in 109µs on GET /api/v2/proxy/account-abstraction/status?
2025-09-08T14:07:16.908 application=api_v2 request_id=GGNT0QsFYeIO9WcAALSi [info] Sent 200 in 6ms on GET /api/v2/main-page/indexing-status?
2025-09-08T14:07:16.912 application=api_v2 request_id=GGNT0QujyIAr5rkAALTC [info] Sent 501 in 68µs on GET /api/v2/proxy/account-abstraction/status?
2025-09-08T14:07:18.758 application=api_v2 request_id=GGNT0XjZz7dLHpEAALTi [info] Sent 200 in 12ms on GET /api/v2/stats?
2025-09-08T14:07:21.923 application=api_v2 request_id=GGNT0jYS5OD9FjMAANBB [info] Sent 200 in 4ms on GET /api/v2/main-page/indexing-status?
2025-09-08T14:07:21.925 application=api_v2 request_id=GGNT0jZ1kz6XQtoAAMIE [info] Sent 501 in 29µs on GET /api/v2/proxy/account-abstraction/status?
2025-09-08T14:07:26.941 application=api_v2 request_id=GGNT02DzRidVl00AAMPk [info] Sent 200 in 6ms on GET /api/v2/main-page/indexing-status?
2025-09-08T14:07:26.944 application=api_v2 request_id=GGNT02GSlLUMcakAAEyp [info] Sent 501 in 42µs on GET /api/v2/proxy/account-abstraction/status?
2025-09-08T14:07:31.950 application=api_v2 request_id=GGNT1IvOt3A7a1EAAMXE [info] Sent 200 in 2ms on GET /api/v2/main-page/indexing-status?
2025-09-08T14:07:31.952 application=api_v2 request_id=GGNT1IwVCY0am9oAAMXk [info] Sent 501 in 30µs on GET /api/v2/proxy/account-abstraction/status?
2025-09-08T14:07:36.963 application=api_v2 request_id=GGNT1baKNVvXxQsAALnC [info] Sent 200 in 3ms on GET /api/v2/main-page/indexing-status?
2025-09-08T14:07:36.965 application=api_v2 request_id=GGNT1bbtdGy43hgAALni [info] Sent 501 in 27µs on GET /api/v2/proxy/account-abstraction/status?
2025-09-08T14:07:41.978 application=api_v2 request_id=GGNT1uFuvnAe4jAAALrC [info] Sent 200 in 4ms on GET /api/v2/main-page/indexing-status?
2025-09-08T14:07:41.980 application=api_v2 request_id=GGNT1uHVLO_8KSAAALri [info] Sent 501 in 28µs on GET /api/v2/proxy/account-abstraction/status?
2025-09-08T14:07:46.988 application=api_v2 request_id=GGNT2AwRuz9IyhQAALzC [info] Sent 200 in 4ms on GET /api/v2/main-page/indexing-status?
2025-09-08T14:07:46.990 application=api_v2 request_id=GGNT2Ax0h-RaiKEAALzi [info] Sent 501 in 35µs on GET /api/v2/proxy/account-abstraction/status?
2025-09-08T14:07:49.750 application=api_v2 request_id=GGNT2LCMtc_x-BMAAL1i [info] Sent 200 in 6ms on GET /api/v2/stats?
2025-09-08T14:07:52.001 application=api_v2 request_id=GGNT2TblMTyr4PYAAL3C [info] Sent 200 in 3ms on GET /api/v2/main-page/indexing-status?
2025-09-08T14:07:52.003 application=api_v2 request_id=GGNT2Tc7lZygjzAAAL3i [info] Sent 501 in 49µs on GET /api/v2/proxy/account-abstraction/status?
2025-09-08T14:07:57.015 application=api_v2 request_id=GGNT2mG7J4ZLpIUAAL5i [info] Sent 200 in 3ms on GET /api/v2/main-page/indexing-status?
2025-09-08T14:07:57.017 application=api_v2 request_id=GGNT2mIZJDyb6TwAAL6C [info] Sent 501 in 29µs on GET /api/v2/proxy/account-abstraction/status?
2025-09-08T14:08:02.028 application=api_v2 request_id=GGNT24yGwsU5VsoAALsm [info] Sent 200 in 3ms on GET /api/v2/main-page/indexing-status?
2025-09-08T14:08:02.030 application=api_v2 request_id=GGNT24zhVz_XWlwAAL7C [info] Sent 501 in 26µs on GET /api/v2/proxy/account-abstraction/status?
2025-09-08T14:08:07.045 application=api_v2 request_id=GGNT3LdR8-UtAmcAALyG [info] Sent 200 in 7ms on GET /api/v2/main-page/indexing-status?
2025-09-08T14:08:07.048 application=api_v2 request_id=GGNT3Lf0cL0ozGoAAL8i [info] Sent 501 in 53µs on GET /api/v2/proxy/account-abstraction/status?
2025-09-08T14:08:12.059 application=api_v2 request_id=GGNT3eJYNu4uGTcAAM7k [info] Sent 200 in 4ms on GET /api/v2/main-page/indexing-status?
2025-09-08T14:08:12.062 application=api_v2 request_id=GGNT3eLRds6ZXnkAAL3G [info] Sent 501 in 98µs on GET /api/v2/proxy/account-abstraction/status?
2025-09-08T14:08:17.070 application=api_v2 request_id=GGNT3w0WdCOvvI8AAL-m [info] Sent 200 in 3ms on GET /api/v2/main-page/indexing-status?
2025-09-08T14:08:17.072 application=api_v2 request_id=GGNT3w14zBXBClkAAL9i [info] Sent 501 in 45µs on GET /api/v2/proxy/account-abstraction/status?
2025-09-08T14:08:20.774 application=api_v2 request_id=GGNT3-mS6TvsEG8AAL-i [info] Sent 200 in 8ms on GET /api/v2/stats?
2025-09-08T14:08:22.087 application=api_v2 request_id=GGNT4DfyyHnfWpUAAONB [info] Sent 200 in 7ms on GET /api/v2/main-page/indexing-status?
2025-09-08T14:08:22.091 application=api_v2 request_id=GGNT4DicKPygHTYAAMBG [info] Sent 501 in 66µs on GET /api/v2/proxy/account-abstraction/status?
2025-09-08T14:08:27.104 application=api_v2 request_id=GGNT4WMltCC00bUAAOWB [info] Sent 200 in 4ms on GET /api/v2/main-page/indexing-status?
2025-09-08T14:08:27.106 application=api_v2 request_id=GGNT4WOL-uf3LkgAAOWh [info] Sent 501 in 27µs on GET /api/v2/proxy/account-abstraction/status?
2025-09-08T14:08:32.117 application=api_v2 request_id=GGNT4o3muBtzJkcAAOYh [info] Sent 200 in 5ms on GET /api/v2/main-page/indexing-status?
2025-09-08T14:08:32.121 application=api_v2 request_id=GGNT4o5zXSe1oZQAAOZB [info] Sent 501 in 67µs on GET /api/v2/proxy/account-abstraction/status?
2025-09-08T14:08:37.134 application=api_v2 request_id=GGNT47jXHP8gmxkAAOcB [info] Sent 200 in 7ms on GET /api/v2/main-page/indexing-status?
2025-09-08T14:08:37.138 application=api_v2 request_id=GGNT47l7kRjE-J0AAOch [info] Sent 501 in 60µs on GET /api/v2/proxy/account-abstraction/status?
2025-09-08T14:08:42.159 application=api_v2 request_id=GGNT5OROCVYEoVIAAMfG [info] Sent 200 in 7ms on GET /api/v2/main-page/indexing-status?
2025-09-08T14:08:42.163 application=api_v2 request_id=GGNT5OUFkjP4z7gAAOeB [info] Sent 501 in 66µs on GET /api/v2/proxy/account-abstraction/status?
2025-09-08T14:08:47.176 application=api_v2 request_id=GGNT5g9XFpCub4cAAOmB [info] Sent 200 in 7ms on GET /api/v2/main-page/indexing-status?
2025-09-08T14:08:47.179 application=api_v2 request_id=GGNT5g_4R4oz6M8AAOmh [info] Sent 501 in 51µs on GET /api/v2/proxy/account-abstraction/status?
2025-09-08T14:08:51.756 application=api_v2 request_id=GGNT5yBH8RicnR4AAOqh [info] Sent 200 in 8ms on GET /api/v2/stats?
2025-09-08T14:08:52.191 application=api_v2 request_id=GGNT5zppgB2W5SAAAOrh [info] Sent 200 in 5ms on GET /api/v2/main-page/indexing-status?
2025-09-08T14:08:52.193 application=api_v2 request_id=GGNT5zrYdTltbAkAAOsB [info] Sent 501 in 55µs on GET /api/v2/proxy/account-abstraction/status?
2025-09-08T14:08:57.214 application=api_v2 request_id=GGNT6GVvMkro1ZMAAMmG [info] Sent 200 in 10ms on GET /api/v2/main-page/indexing-status?
2025-09-08T14:08:57.218 application=api_v2 request_id=GGNT6GZhZBU1_VkAAMmm [info] Sent 501 in 47µs on GET /api/v2/proxy/account-abstraction/status?
2025-09-08T14:09:02.236 application=api_v2 request_id=GGNT6ZEdwFSwMroAAMsm [info] Sent 200 in 5ms on GET /api/v2/main-page/indexing-status?
2025-09-08T14:09:02.241 application=api_v2 request_id=GGNT6ZG3YhW8JoMAAKpn [info] Sent 501 in 89µs on GET /api/v2/proxy/account-abstraction/status?
2025-09-08T14:09:07.254 application=api_v2 request_id=GGNT6rwieKuzlNUAAMJD [info] Sent 200 in 6ms on GET /api/v2/main-page/indexing-status?
2025-09-08T14:09:07.258 application=api_v2 request_id=GGNT6rzEDmSt6goAAMJj [info] Sent 501 in 57µs on GET /api/v2/proxy/account-abstraction/status?
2025-09-08T14:09:12.267 application=api_v2 request_id=GGNT6-ctPNw9qeYAAO6h [info] Sent 200 in 2ms on GET /api/v2/main-page/indexing-status?
2025-09-08T14:09:12.269 application=api_v2 request_id=GGNT6-dz5EMgIz4AAMPj [info] Sent 501 in 28µs on GET /api/v2/proxy/account-abstraction/status?
2025-09-08T14:09:17.277 application=api_v2 request_id=GGNT7RG__UFVgXoAAMym [info] Sent 200 in 3ms on GET /api/v2/main-page/indexing-status?
2025-09-08T14:09:17.279 application=api_v2 request_id=GGNT7RIUyUPqZlwAAMzG [info] Sent 501 in 28µs on GET /api/v2/proxy/account-abstraction/status?
2025-09-08T14:09:22.295 application=api_v2 request_id=GGNT7jygll3HMQgAAM4m [info] Sent 200 in 6ms on GET /api/v2/main-page/indexing-status?
2025-09-08T14:09:22.298 application=api_v2 request_id=GGNT7j0-sfMv0KcAAFTp [info] Sent 501 in 58µs on GET /api/v2/proxy/account-abstraction/status?
2025-09-08T14:09:22.750 application=api_v2 request_id=GGNT7lfXUCJxs90AAFaJ [info] Sent 200 in 5ms on GET /api/v2/stats?
2025-09-08T14:09:27.315 application=api_v2 request_id=GGNT72f0X0NPv20AAM8m [info] Sent 200 in 5ms on GET /api/v2/main-page/indexing-status?
2025-09-08T14:09:27.319 application=api_v2 request_id=GGNT72iJh__J2-wAANIi [info] Sent 501 in 71µs on GET /api/v2/proxy/account-abstraction/status?
2025-09-08T14:09:32.339 application=api_v2 request_id=GGNT8JNA4bKiqgEAAM_m [info] Sent 200 in 6ms on GET /api/v2/main-page/indexing-status?
2025-09-08T14:09:32.342 application=api_v2 request_id=GGNT8JPc77ow8_MAANAG [info] Sent 501 in 64µs on GET /api/v2/proxy/account-abstraction/status?
2025-09-08T14:09:37.361 application=api_v2 request_id=GGNT8b6WsfZcACIAANBm [info] Sent 200 in 6ms on GET /api/v2/main-page/indexing-status?
2025-09-08T14:09:37.364 application=api_v2 request_id=GGNT8b85pPgqsCIAANCG [info] Sent 501 in 70µs on GET /api/v2/proxy/account-abstraction/status?
2025-09-08T14:09:42.380 application=api_v2 request_id=GGNT8unZwz3siuwAANGm [info] Sent 200 in 5ms on GET /api/v2/main-page/indexing-status?
2025-09-08T14:09:42.382 application=api_v2 request_id=GGNT8upU6r_oxScAANHG [info] Sent 501 in 36µs on GET /api/v2/proxy/account-abstraction/status?
2025-09-08T14:09:47.400 application=api_v2 request_id=GGNT9BTyCmtcFNMAANWG [info] Sent 200 in 7ms on GET /api/v2/main-page/indexing-status?
2025-09-08T14:09:47.403 application=api_v2 request_id=GGNT9BWZ85tJYdkAANWm [info] Sent 501 in 56µs on GET /api/v2/proxy/account-abstraction/status?
2025-09-08T14:09:52.412 application=api_v2 request_id=GGNT9T_yKqa-_R8AANhm [info] Sent 200 in 3ms on GET /api/v2/main-page/indexing-status?
2025-09-08T14:09:52.415 application=api_v2 request_id=GGNT9UBU5JNhkmMAANiG [info] Sent 501 in 68µs on GET /api/v2/proxy/account-abstraction/status?
2025-09-08T14:09:53.754 application=api_v2 request_id=GGNT9Y_OBUjM1XEAANjG [info] Sent 200 in 5ms on GET /api/v2/stats?
2025-09-08T14:09:57.428 application=api_v2 request_id=GGNT9mrKlGEf0KIAANom [info] Sent 200 in 5ms on GET /api/v2/main-page/indexing-status?
2025-09-08T14:09:57.431 application=api_v2 request_id=GGNT9mtKOnDFUqIAAN7E [info] Sent 501 in 62µs on GET /api/v2/proxy/account-abstraction/status?
2025-09-08T14:10:02.445 application=api_v2 request_id=GGNT95W9ZD6Je7sAANwG [info] Sent 200 in 6ms on GET /api/v2/main-page/indexing-status?
2025-09-08T14:10:02.449 application=api_v2 request_id=GGNT95ZihYR9hrYAAPcB [info] Sent 501 in 59µs on GET /api/v2/proxy/account-abstraction/status?
2025-09-08T14:10:07.456 application=api_v2 request_id=GGNT-MCvG6xbGy8AAOJk [info] Sent 200 in 2ms on GET /api/v2/main-page/indexing-status?
2025-09-08T14:10:07.458 application=api_v2 request_id=GGNT-MD2hmPfUjAAAPkh [info] Sent 501 in 27µs on GET /api/v2/proxy/account-abstraction/status?
2025-09-08T14:10:12.474 application=api_v2 request_id=GGNT-euCerfAG_YAAPqB [info] Sent 200 in 6ms on GET /api/v2/main-page/indexing-status?
2025-09-08T14:10:12.477 application=api_v2 request_id=GGNT-eweqPnwwwUAAPqh [info] Sent 501 in 64µs on GET /api/v2/proxy/account-abstraction/status?
2025-09-08T14:10:17.492 application=api_v2 request_id=GGNT-xaRfaivNawAAOLk [info] Sent 200 in 7ms on GET /api/v2/main-page/indexing-status?
2025-09-08T14:10:17.496 application=api_v2 request_id=GGNT-xc-rEsUICEAAOME [info] Sent 501 in 55µs on GET /api/v2/proxy/account-abstraction/status?
2025-09-08T14:10:22.506 application=api_v2 request_id=GGNT_EGTfd-eCBcAAOXE [info] Sent 200 in 5ms on GET /api/v2/main-page/indexing-status?
2025-09-08T14:10:22.509 application=api_v2 request_id=GGNT_EIN1I5xjqYAAOXk [info] Sent 501 in 40µs on GET /api/v2/proxy/account-abstraction/status?
2025-09-08T14:10:24.754 application=api_v2 request_id=GGNT_Mdo9b_8A88AAOaE [info] Sent 200 in 7ms on GET /api/v2/stats?
2025-09-08T14:10:27.523 application=api_v2 request_id=GGNT_WyAif0Ha_4AAOhE [info] Sent 200 in 6ms on GET /api/v2/main-page/indexing-status?
2025-09-08T14:10:27.526 application=api_v2 request_id=GGNT_W0d7dFrOXwAAOhk [info] Sent 501 in 66µs on GET /api/v2/proxy/account-abstraction/status?
2025-09-08T14:10:32.535 application=api_v2 request_id=GGNT_peGH4T4sqoAALeH [info] Sent 200 in 3ms on GET /api/v2/main-page/indexing-status?
2025-09-08T14:10:32.537 application=api_v2 request_id=GGNT_pffdaKqBFsAAOpk [info] Sent 501 in 27µs on GET /api/v2/proxy/account-abstraction/status?
2025-09-08T14:10:37.552 application=api_v2 request_id=GGNT_8JthdbbjasAAOxE [info] Sent 200 in 5ms on GET /api/v2/main-page/indexing-status?
2025-09-08T14:10:37.555 application=api_v2 request_id=GGNT_8LzM9coC8AAAOxk [info] Sent 501 in 57µs on GET /api/v2/proxy/account-abstraction/status?
2025-09-08T14:10:42.578 application=api_v2 request_id=GGNUAO3QX1iIhkoAAO4E [info] Sent 200 in 8ms on GET /api/v2/main-page/indexing-status?
2025-09-08T14:10:42.582 application=api_v2 request_id=GGNUAO6Xi013leoAAO4k [info] Sent 501 in 70µs on GET /api/v2/proxy/account-abstraction/status?
2025-09-08T14:10:47.604 application=api_v2 request_id=GGNUAhlqmmwAZAIAAO_k [info] Sent 200 in 7ms on GET /api/v2/main-page/indexing-status?
2025-09-08T14:10:47.607 application=api_v2 request_id=GGNUAhoe34PnxxIAAORG [info] Sent 501 in 60µs on GET /api/v2/proxy/account-abstraction/status?
2025-09-08T14:10:52.623 application=api_v2 request_id=GGNUA0SrpfbJOKAAAOWG [info] Sent 200 in 6ms on GET /api/v2/main-page/indexing-status?
2025-09-08T14:10:52.627 application=api_v2 request_id=GGNUA0VWulksT5QAAFvJ [info] Sent 501 in 59µs on GET /api/v2/proxy/account-abstraction/status?
2025-09-08T14:10:56.751 application=api_v2 request_id=GGNUBDq7pkfwYjQAAQeB [info] Sent 200 in 6ms on GET /api/v2/stats?
2025-09-08T14:10:57.638 application=api_v2 request_id=GGNUBG-1UtsRbu0AAOXm [info] Sent 200 in 5ms on GET /api/v2/main-page/indexing-status?
2025-09-08T14:10:57.641 application=api_v2 request_id=GGNUBHAqAFI0bkUAAOYG [info] Sent 501 in 50µs on GET /api/v2/proxy/account-abstraction/status?
2025-09-08T14:11:02.656 application=api_v2 request_id=GGNUBZqmGzC1DD4AALxF [info] Sent 200 in 6ms on GET /api/v2/main-page/indexing-status?
2025-09-08T14:11:02.660 application=api_v2 request_id=GGNUBZtFDKTds00AAOam [info] Sent 501 in 63µs on GET /api/v2/proxy/account-abstraction/status?
2025-09-08T14:11:07.673 application=api_v2 request_id=GGNUBsXcWeqFpCAAAPIk [info] Sent 200 in 3ms on GET /api/v2/main-page/indexing-status?
2025-09-08T14:11:07.675 application=api_v2 request_id=GGNUBsYx6TyetTgAAPJE [info] Sent 501 in 27µs on GET /api/v2/proxy/account-abstraction/status?
2025-09-08T14:11:12.694 application=api_v2 request_id=GGNUB_DihilEC2cAAPOE [info] Sent 200 in 6ms on GET /api/v2/main-page/indexing-status?
2025-09-08T14:11:12.698 application=api_v2 request_id=GGNUB_GJUgiy_WgAAPOk [info] Sent 501 in 66µs on GET /api/v2/proxy/account-abstraction/status?
2025-09-08T14:11:17.716 application=api_v2 request_id=GGNUCRwjbJZe2FAAAPUE [info] Sent 200 in 7ms on GET /api/v2/main-page/indexing-status?
2025-09-08T14:11:17.719 application=api_v2 request_id=GGNUCRzd4DJvZ1UAAPUk [info] Sent 501 in 66µs on GET /api/v2/proxy/account-abstraction/status?
2025-09-08T14:11:22.739 application=api_v2 request_id=GGNUCkeQ8TcgeqoAAPak [info] Sent 200 in 7ms on GET /api/v2/main-page/indexing-status?
2025-09-08T14:11:22.743 application=api_v2 request_id=GGNUCkhL3pFsDH4AAPbE [info] Sent 501 in 54µs on GET /api/v2/proxy/account-abstraction/status?
2025-09-08T14:11:27.752 application=api_v2 request_id=GGNUC3Kzl4CIOIwAAPik [info] Sent 200 in 3ms on GET /api/v2/main-page/indexing-status?
2025-09-08T14:11:27.754 application=api_v2 request_id=GGNUC3MAyoaeHsYAAOzm [info] Sent 501 in 28µs on GET /api/v2/proxy/account-abstraction/status?
2025-09-08T14:11:27.755 application=api_v2 request_id=GGNUC3KK87GgO_IAAPiE [info] Sent 200 in 8ms on GET /api/v2/stats?
2025-09-08T14:11:32.765 application=api_v2 request_id=GGNUDJ1w0Zh5smMAAPrE [info] Sent 200 in 3ms on GET /api/v2/main-page/indexing-status?
2025-09-08T14:11:32.767 application=api_v2 request_id=GGNUDJ3InQQx5TUAAPrk [info] Sent 501 in 32µs on GET /api/v2/proxy/account-abstraction/status?
2025-09-08T14:11:37.779 application=api_v2 request_id=GGNUDchKpkeW71UAAPyE [info] Sent 200 in 3ms on GET /api/v2/main-page/indexing-status?
2025-09-08T14:11:37.781 application=api_v2 request_id=GGNUDciidcWoxkQAAPBm [info] Sent 501 in 26µs on GET /api/v2/proxy/account-abstraction/status?
2025-09-08T14:11:42.794 application=api_v2 request_id=GGNUDvMezVpTgJ8AAPFG [info] Sent 200 in 5ms on GET /api/v2/main-page/indexing-status?
2025-09-08T14:11:42.798 application=api_v2 request_id=GGNUDvOrNIy7BRYAAMVn [info] Sent 501 in 65µs on GET /api/v2/proxy/account-abstraction/status?
2025-09-08T14:11:47.815 application=api_v2 request_id=GGNUEB5WtdtOmCUAARCh [info] Sent 200 in 5ms on GET /api/v2/main-page/indexing-status?
2025-09-08T14:11:47.817 application=api_v2 request_id=GGNUEB7apRaGbw4AARDB [info] Sent 501 in 40µs on GET /api/v2/proxy/account-abstraction/status?
2025-09-08T14:11:52.835 application=api_v2 request_id=GGNUEUlpSrP8ZA4AAPUG [info] Sent 200 in 7ms on GET /api/v2/main-page/indexing-status?
2025-09-08T14:11:52.839 application=api_v2 request_id=GGNUEUojEz8t2x4AARPB [info] Sent 501 in 63µs on GET /api/v2/proxy/account-abstraction/status?
2025-09-08T14:11:57.849 application=api_v2 request_id=GGNUEnScOMuL3dEAAPcm [info] Sent 200 in 2ms on GET /api/v2/main-page/indexing-status?
2025-09-08T14:11:57.850 application=api_v2 request_id=GGNUEnTfxPMvqjUAAO8i [info] Sent 501 in 28µs on GET /api/v2/proxy/account-abstraction/status?
2025-09-08T14:11:58.750 application=api_v2 request_id=GGNUEqoiQ_CE9M4AAO-C [info] Sent 200 in 5ms on GET /api/v2/stats?
2025-09-08T14:12:02.861 application=api_v2 request_id=GGNUE58ygKwrLRQAAPCC [info] Sent 200 in 6ms on GET /api/v2/main-page/indexing-status?
2025-09-08T14:12:02.865 application=api_v2 request_id=GGNUE5_HuqgFj7wAAPjG [info] Sent 501 in 61µs on GET /api/v2/proxy/account-abstraction/status?
2025-09-08T14:12:07.884 application=api_v2 request_id=GGNUFMpfKm9RX2IAAMfF [info] Sent 200 in 8ms on GET /api/v2/main-page/indexing-status?
2025-09-08T14:12:07.887 application=api_v2 request_id=GGNUFMscrraJw9EAAPqG [info] Sent 501 in 64µs on GET /api/v2/proxy/account-abstraction/status?
2025-09-08T14:12:12.900 application=api_v2 request_id=GGNUFfWhSN-_ZQgAAPvm [info] Sent 200 in 4ms on GET /api/v2/main-page/indexing-status?
2025-09-08T14:12:12.903 application=api_v2 request_id=GGNUFfYc9vukfokAARih [info] Sent 501 in 58µs on GET /api/v2/proxy/account-abstraction/status?
2025-09-08T14:12:17.921 application=api_v2 request_id=GGNUFyDBt0qqYF0AAP4G [info] Sent 200 in 7ms on GET /api/v2/main-page/indexing-status?
2025-09-08T14:12:17.924 application=api_v2 request_id=GGNUFyFa7KQqVi0AARoh [info] Sent 501 in 48µs on GET /api/v2/proxy/account-abstraction/status?
2025-09-08T14:12:22.933 application=api_v2 request_id=GGNUGEuv8sve8-cAARtB [info] Sent 200 in 4ms on GET /api/v2/main-page/indexing-status?
2025-09-08T14:12:22.935 application=api_v2 request_id=GGNUGEwTuMkQcNQAAP7G [info] Sent 501 in 38µs on GET /api/v2/proxy/account-abstraction/status?
2025-09-08T14:12:27.943 application=api_v2 request_id=GGNUGXZVhwPEQNkAAP9m [info] Sent 200 in 3ms on GET /api/v2/main-page/indexing-status?
2025-09-08T14:12:27.945 application=api_v2 request_id=GGNUGXavDsYkRlgAAP-G [info] Sent 501 in 36µs on GET /api/v2/proxy/account-abstraction/status?
2025-09-08T14:12:29.752 application=api_v2 request_id=GGNUGeHjmYFWBKcAARwB [info] Sent 200 in 8ms on GET /api/v2/stats?
2025-09-08T14:12:32.960 application=api_v2 request_id=GGNUGqE9UPCZQ9sAARxB [info] Sent 200 in 5ms on GET /api/v2/main-page/indexing-status?
2025-09-08T14:12:32.963 application=api_v2 request_id=GGNUGqHIy_jfFFoAARxh [info] Sent 501 in 57µs on GET /api/v2/proxy/account-abstraction/status?
2025-09-08T14:12:37.978 application=api_v2 request_id=GGNUG8xEWOmDNh0AARzB [info] Sent 200 in 6ms on GET /api/v2/main-page/indexing-status?
2025-09-08T14:12:37.981 application=api_v2 request_id=GGNUG8zYQAfIqW4AAQJG [info] Sent 501 in 51µs on GET /api/v2/proxy/account-abstraction/status?
2025-09-08T14:12:42.991 application=api_v2 request_id=GGNUHPcz1bRAgIQAAR1B [info] Sent 200 in 4ms on GET /api/v2/main-page/indexing-status?
2025-09-08T14:12:42.995 application=api_v2 request_id=GGNUHPe6qIRyDLsAAQNm [info] Sent 501 in 67µs on GET /api/v2/proxy/account-abstraction/status?
2025-09-08T14:12:48.008 application=api_v2 request_id=GGNUHiIwnfuBotkAAR6h [info] Sent 200 in 5ms on GET /api/v2/main-page/indexing-status?
2025-09-08T14:12:48.010 application=api_v2 request_id=GGNUHiKmw5bUoBcAAQUm [info] Sent 501 in 31µs on GET /api/v2/proxy/account-abstraction/status?
2025-09-08T14:12:53.023 application=api_v2 request_id=GGNUH00Vo0Dg8CMAAQgG [info] Sent 200 in 6ms on GET /api/v2/main-page/indexing-status?
2025-09-08T14:12:53.027 application=api_v2 request_id=GGNUH02vPQdiYBEAAQgm [info] Sent 501 in 66µs on GET /api/v2/proxy/account-abstraction/status?
2025-09-08T14:12:58.051 application=api_v2 request_id=GGNUIHipgmb_bFgAAJ_o [info] Sent 200 in 7ms on GET /api/v2/main-page/indexing-status?
2025-09-08T14:12:58.054 application=api_v2 request_id=GGNUIHlTkWTQbEwAAQmG [info] Sent 501 in 63µs on GET /api/v2/proxy/account-abstraction/status?
2025-09-08T14:13:00.758 application=api_v2 request_id=GGNUIRnbrjYd_usAAQom [info] Sent 200 in 9ms on GET /api/v2/stats?
2025-09-08T14:13:03.071 application=api_v2 request_id=GGNUIaQBPwOGFPcAASHh [info] Sent 200 in 5ms on GET /api/v2/main-page/indexing-status?
2025-09-08T14:13:03.073 application=api_v2 request_id=GGNUIaR3caQYU94AAQum [info] Sent 501 in 34µs on GET /api/v2/proxy/account-abstraction/status?
2025-09-08T14:13:08.091 application=api_v2 request_id=GGNUIs8dxW4tN4oAAQ0m [info] Sent 200 in 6ms on GET /api/v2/main-page/indexing-status?
2025-09-08T14:13:08.095 application=api_v2 request_id=GGNUIs_DuICtR4sAAQ1G [info] Sent 501 in 63µs on GET /api/v2/proxy/account-abstraction/status?
2025-09-08T14:13:13.107 application=api_v2 request_id=GGNUI_o9KeUjJu0AAQ-G [info] Sent 200 in 4ms on GET /api/v2/main-page/indexing-status?
2025-09-08T14:13:13.109 application=api_v2 request_id=GGNUI_qn9OzqPAYAAQ-m [info] Sent 501 in 36µs on GET /api/v2/proxy/account-abstraction/status?
2025-09-08T14:13:18.130 application=api_v2 request_id=GGNUJSVr83F-XJUAARCG [info] Sent 200 in 7ms on GET /api/v2/main-page/indexing-status?
2025-09-08T14:13:18.134 application=api_v2 request_id=GGNUJSYfo8Qps4IAANWn [info] Sent 501 in 64µs on GET /api/v2/proxy/account-abstraction/status?
2025-09-08T14:13:23.147 application=api_v2 request_id=GGNUJlCz1SSnh3wAARIG [info] Sent 200 in 3ms on GET /api/v2/main-page/indexing-status?
2025-09-08T14:13:23.148 application=api_v2 request_id=GGNUJlEJjP1bU0cAARIm [info] Sent 501 in 25µs on GET /api/v2/proxy/account-abstraction/status?
2025-09-08T14:13:28.166 application=api_v2 request_id=GGNUJ3u9X9vsMm4AANSl [info] Sent 200 in 6ms on GET /api/v2/main-page/indexing-status?
2025-09-08T14:13:28.170 application=api_v2 request_id=GGNUJ3xagcQjYvoAANTF [info] Sent 501 in 61µs on GET /api/v2/proxy/account-abstraction/status?
2025-09-08T14:13:31.753 application=api_v2 request_id=GGNUKFF79wFsjwEAARDk [info] Sent 200 in 7ms on GET /api/v2/stats?
2025-09-08T14:13:33.184 application=api_v2 request_id=GGNUKKbRruplpzcAANUl [info] Sent 200 in 6ms on GET /api/v2/main-page/indexing-status?
2025-09-08T14:13:33.188 application=api_v2 request_id=GGNUKKdzheehCqUAANVF [info] Sent 501 in 54µs on GET /api/v2/proxy/account-abstraction/status?
2025-09-08T14:13:38.213 application=api_v2 request_id=GGNUKdKNY_tk7koAANkF [info] Sent 200 in 6ms on GET /api/v2/main-page/indexing-status?
2025-09-08T14:13:38.216 application=api_v2 request_id=GGNUKdMn7YH8kmwAARHE [info] Sent 501 in 54µs on GET /api/v2/proxy/account-abstraction/status?
2025-09-08T14:13:43.236 application=api_v2 request_id=GGNUKv3PPo3uyqkAANrF [info] Sent 200 in 8ms on GET /api/v2/main-page/indexing-status?
2025-09-08T14:13:43.239 application=api_v2 request_id=GGNUKv6Q5wyff9oAANrl [info] Sent 501 in 90µs on GET /api/v2/proxy/account-abstraction/status?
2025-09-08T14:13:48.251 application=api_v2 request_id=GGNULCj9rPPfWSwAANxF [info] Sent 200 in 5ms on GET /api/v2/main-page/indexing-status?
2025-09-08T14:13:48.254 application=api_v2 request_id=GGNULCl0c111ef4AANxl [info] Sent 501 in 32µs on GET /api/v2/proxy/account-abstraction/status?
2025-09-08T14:13:53.267 application=api_v2 request_id=GGNULVPlNZyHOkMAAPbD [info] Sent 200 in 6ms on GET /api/v2/main-page/indexing-status?
2025-09-08T14:13:53.270 application=api_v2 request_id=GGNULVR3gpKAHxcAARUE [info] Sent 501 in 63µs on GET /api/v2/proxy/account-abstraction/status?
2025-09-08T14:13:58.279 application=api_v2 request_id=GGNULn7BrPANdKkAARYE [info] Sent 200 in 3ms on GET /api/v2/main-page/indexing-status?
2025-09-08T14:13:58.281 application=api_v2 request_id=GGNULn8gT4BdslQAAPhj [info] Sent 501 in 42µs on GET /api/v2/proxy/account-abstraction/status?
2025-09-08T14:14:02.753 application=api_v2 request_id=GGNUL4lBbwHluqcAARck [info] Sent 200 in 6ms on GET /api/v2/stats?
2025-09-08T14:14:03.301 application=api_v2 request_id=GGNUL6ndcf2DUtMAAQTi [info] Sent 200 in 6ms on GET /api/v2/main-page/indexing-status?
2025-09-08T14:14:03.304 application=api_v2 request_id=GGNUL6qBAT-N-QIAAPjj [info] Sent 501 in 61µs on GET /api/v2/proxy/account-abstraction/status?
2025-09-08T14:14:08.312 application=api_v2 request_id=GGNUMNTLW01inqsAARdk [info] Sent 200 in 3ms on GET /api/v2/main-page/indexing-status?
2025-09-08T14:14:08.314 application=api_v2 request_id=GGNUMNUYajBlqAkAAPkj [info] Sent 501 in 37µs on GET /api/v2/proxy/account-abstraction/status?
2025-09-08T14:14:13.327 application=api_v2 request_id=GGNUMf-hUepN74kAAPmj [info] Sent 200 in 4ms on GET /api/v2/main-page/indexing-status?
2025-09-08T14:14:13.329 application=api_v2 request_id=GGNUMgAJrbzUbwkAAPnD [info] Sent 501 in 31µs on GET /api/v2/proxy/account-abstraction/status?
2025-09-08T14:14:18.341 application=api_v2 request_id=GGNUMyqKO3AzS5IAAPpD [info] Sent 200 in 4ms on GET /api/v2/main-page/indexing-status?
2025-09-08T14:14:18.343 application=api_v2 request_id=GGNUMyrlkpMRxzwAAPpj [info] Sent 501 in 39µs on GET /api/v2/proxy/account-abstraction/status?
2025-09-08T14:14:23.353 application=api_v2 request_id=GGNUNFUolBjQmvUAARkk [info] Sent 200 in 5ms on GET /api/v2/main-page/indexing-status?
2025-09-08T14:14:23.355 application=api_v2 request_id=GGNUNFWiqqdeFlYAAPqj [info] Sent 501 in 32µs on GET /api/v2/proxy/account-abstraction/status?
2025-09-08T14:14:28.363 application=api_v2 request_id=GGNUNX_oUhLDV30AAPzj [info] Sent 200 in 3ms on GET /api/v2/main-page/indexing-status?
2025-09-08T14:14:28.365 application=api_v2 request_id=GGNUNYBCagkXNlsAAP0D [info] Sent 501 in 35µs on GET /api/v2/proxy/account-abstraction/status?
2025-09-08T14:14:33.334 application=api_v2 request_id=GGNUNqah7N8ru80AAP7j [info] Sent 200 in 30ms on GET /api/v2/stats?
2025-09-08T14:14:33.374 application=api_v2 request_id=GGNUNqqa1VOffQgAAP8D [info] Sent 200 in 3ms on GET /api/v2/main-page/indexing-status?
2025-09-08T14:14:33.376 application=api_v2 request_id=GGNUNqrrXYlztsMAAP8j [info] Sent 501 in 28µs on GET /api/v2/proxy/account-abstraction/status?
2025-09-08T14:14:38.387 application=api_v2 request_id=GGNUN9VGPMGy81QAAP-D [info] Sent 200 in 5ms on GET /api/v2/main-page/indexing-status?
2025-09-08T14:14:38.389 application=api_v2 request_id=GGNUN9XCWytQ74YAAP-j [info] Sent 501 in 54µs on GET /api/v2/proxy/account-abstraction/status?
2025-09-08T14:14:43.398 application=api_v2 request_id=GGNUOQAGDZyZ2UMAAP_D [info] Sent 200 in 3ms on GET /api/v2/main-page/indexing-status?
2025-09-08T14:14:43.400 application=api_v2 request_id=GGNUOQBycvUYbuYAAP_j [info] Sent 501 in 47µs on GET /api/v2/proxy/account-abstraction/status?
2025-09-08T14:14:48.410 application=api_v2 request_id=GGNUOiraOWcUoSIAAQAD [info] Sent 200 in 2ms on GET /api/v2/main-page/indexing-status?
2025-09-08T14:14:48.412 application=api_v2 request_id=GGNUOissVuPUJy4AASEE [info] Sent 501 in 33µs on GET /api/v2/proxy/account-abstraction/status?
2025-09-08T14:14:53.423 application=api_v2 request_id=GGNUO1V7XJQO870AAQBj [info] Sent 200 in 5ms on GET /api/v2/main-page/indexing-status?
2025-09-08T14:14:53.425 application=api_v2 request_id=GGNUO1Xw-0GngO0AAQCD [info] Sent 501 in 28µs on GET /api/v2/proxy/account-abstraction/status?
2025-09-08T14:14:58.435 application=api_v2 request_id=GGNUPIAulvBeeVYAAQGD [info] Sent 200 in 6ms on GET /api/v2/main-page/indexing-status?
2025-09-08T14:14:58.439 application=api_v2 request_id=GGNUPIDFUTMTxM8AAHKp [info] Sent 501 in 183µs on GET /api/v2/proxy/account-abstraction/status?
2025-09-08T14:15:03.449 application=api_v2 request_id=GGNUPas0zkGX8eMAAHOp [info] Sent 200 in 3ms on GET /api/v2/main-page/indexing-status?
2025-09-08T14:15:03.451 application=api_v2 request_id=GGNUPauPwsKoxaIAAQJD [info] Sent 501 in 25µs on GET /api/v2/proxy/account-abstraction/status?
2025-09-08T14:15:04.455 application=api_v2 request_id=GGNUPeb-RH-hp5oAAScE [info] Sent 200 in 7ms on GET /api/v2/stats?
2025-09-08T14:15:08.473 application=api_v2 request_id=GGNUPtZDa3i2ygMAAShk [info] Sent 200 in 9ms on GET /api/v2/main-page/indexing-status?
2025-09-08T14:15:08.476 application=api_v2 request_id=GGNUPtcSwj-QNfYAASiE [info] Sent 501 in 60µs on GET /api/v2/proxy/account-abstraction/status?
2025-09-08T14:15:13.494 application=api_v2 request_id=GGNUQAG1Co62UoQAAPPl [info] Sent 200 in 7ms on GET /api/v2/main-page/indexing-status?
2025-09-08T14:15:13.498 application=api_v2 request_id=GGNUQAJqUM5KPyEAASnE [info] Sent 501 in 58µs on GET /api/v2/proxy/account-abstraction/status?
2025-09-08T14:15:18.521 application=api_v2 request_id=GGNUQS2DnI_C1VIAASuE [info] Sent 200 in 4ms on GET /api/v2/main-page/indexing-status?
2025-09-08T14:15:18.524 application=api_v2 request_id=GGNUQS37zCOTyRkAASuk [info] Sent 501 in 34µs on GET /api/v2/proxy/account-abstraction/status?
2025-09-08T14:15:23.533 application=api_v2 request_id=GGNUQlhAZ6ZDOpQAASyE [info] Sent 200 in 4ms on GET /api/v2/main-page/indexing-status?
2025-09-08T14:15:23.535 application=api_v2 request_id=GGNUQliowtLb9xoAASyk [info] Sent 501 in 54µs on GET /api/v2/proxy/account-abstraction/status?
2025-09-08T14:15:28.556 application=api_v2 request_id=GGNUQ4NRhSv9u8QAAS6k [info] Sent 200 in 10ms on GET /api/v2/main-page/indexing-status?
2025-09-08T14:15:28.562 application=api_v2 request_id=GGNUQ4RIdC2rv7MAAS7E [info] Sent 501 in 56µs on GET /api/v2/proxy/account-abstraction/status?
2025-09-08T14:15:33.583 application=api_v2 request_id=GGNURK8ZV6LGERUAATBk [info] Sent 200 in 7ms on GET /api/v2/main-page/indexing-status?
2025-09-08T14:15:33.587 application=api_v2 request_id=GGNURK-_jkAochMAATCE [info] Sent 501 in 69µs on GET /api/v2/proxy/account-abstraction/status?
2025-09-08T14:15:35.508 application=api_v2 request_id=GGNURSGg6ymtO50AATDE [info] Sent 200 in 9ms on GET /api/v2/stats?
2025-09-08T14:15:38.601 application=api_v2 request_id=GGNURdpFJDSQCmIAAHxJ [info] Sent 200 in 5ms on GET /api/v2/main-page/indexing-status?
2025-09-08T14:15:38.603 application=api_v2 request_id=GGNURdrHFyIJgaAAATEE [info] Sent 501 in 41µs on GET /api/v2/proxy/account-abstraction/status?
2025-09-08T14:15:43.614 application=api_v2 request_id=GGNURwUsaFjbOKIAATFE [info] Sent 200 in 4ms on GET /api/v2/main-page/indexing-status?
2025-09-08T14:15:43.616 application=api_v2 request_id=GGNURwWVoN4DnNcAATFk [info] Sent 501 in 35µs on GET /api/v2/proxy/account-abstraction/status?
2025-09-08T14:15:48.626 application=api_v2 request_id=GGNUSC_c1wzyZlIAATHE [info] Sent 200 in 4ms on GET /api/v2/main-page/indexing-status?
2025-09-08T14:15:48.627 application=api_v2 request_id=GGNUSDBEkBsib0YAATHk [info] Sent 501 in 29µs on GET /api/v2/proxy/account-abstraction/status?
2025-09-08T14:15:53.643 application=api_v2 request_id=GGNUSVq5_3U5CjwAALVI [info] Sent 200 in 7ms on GET /api/v2/main-page/indexing-status?
2025-09-08T14:15:53.647 application=api_v2 request_id=GGNUSVtwJIaYRdgAATIG [info] Sent 501 in 54µs on GET /api/v2/proxy/account-abstraction/status?
2025-09-08T14:15:58.662 application=api_v2 request_id=GGNUSoXzupm0EAEAATLk [info] Sent 200 in 7ms on GET /api/v2/main-page/indexing-status?
2025-09-08T14:15:58.666 application=api_v2 request_id=GGNUSoabvs7rgEcAATPG [info] Sent 501 in 63µs on GET /api/v2/proxy/account-abstraction/status?
2025-09-08T14:16:03.685 application=api_v2 request_id=GGNUS7FKP7GN4moAATUG [info] Sent 200 in 7ms on GET /api/v2/main-page/indexing-status?
2025-09-08T14:16:03.688 application=api_v2 request_id=GGNUS7HyC7_bkyMAASLi [info] Sent 501 in 47µs on GET /api/v2/proxy/account-abstraction/status?
2025-09-08T14:16:06.752 application=api_v2 request_id=GGNUTGgX5KMcetYAAVFB [info] Sent 200 in 7ms on GET /api/v2/stats?
2025-09-08T14:16:08.695 application=api_v2 request_id=GGNUTNw1WJ-pgpoAAVKB [info] Sent 200 in 3ms on GET /api/v2/main-page/indexing-status?
2025-09-08T14:16:08.697 application=api_v2 request_id=GGNUTNyEQH4GDU0AAQsD [info] Sent 501 in 24µs on GET /api/v2/proxy/account-abstraction/status?
2025-09-08T14:16:13.706 application=api_v2 request_id=GGNUTgbLQ5FM34sAAVRB [info] Sent 200 in 4ms on GET /api/v2/main-page/indexing-status?
2025-09-08T14:16:13.708 application=api_v2 request_id=GGNUTgcu6agIoNoAAVRh [info] Sent 501 in 37µs on GET /api/v2/proxy/account-abstraction/status?
2025-09-08T14:16:18.724 application=api_v2 request_id=GGNUTzHVvwGqlngAAVXB [info] Sent 200 in 5ms on GET /api/v2/main-page/indexing-status?
2025-09-08T14:16:18.726 application=api_v2 request_id=GGNUTzJIR6Qdg7EAAVXh [info] Sent 501 in 42µs on GET /api/v2/proxy/account-abstraction/status?
2025-09-08T14:16:23.747 application=api_v2 request_id=GGNUUF1Bt3lEGbIAAVjB [info] Sent 200 in 5ms on GET /api/v2/main-page/indexing-status?
2025-09-08T14:16:23.749 application=api_v2 request_id=GGNUUF21s9ujwYQAAVjh [info] Sent 501 in 29µs on GET /api/v2/proxy/account-abstraction/status?
2025-09-08T14:16:28.760 application=api_v2 request_id=GGNUUYgFtQOThTEAAVvB [info] Sent 200 in 5ms on GET /api/v2/main-page/indexing-status?
2025-09-08T14:16:28.762 application=api_v2 request_id=GGNUUYh6bywvDNgAAVvh [info] Sent 501 in 44µs on GET /api/v2/proxy/account-abstraction/status?
2025-09-08T14:16:33.770 application=api_v2 request_id=GGNUUrLKt_F3hfMAAV4B [info] Sent 200 in 3ms on GET /api/v2/main-page/indexing-status?
2025-09-08T14:16:33.772 application=api_v2 request_id=GGNUUrMadGDGpcsAARIj [info] Sent 501 in 27µs on GET /api/v2/proxy/account-abstraction/status?
2025-09-08T14:16:37.750 application=api_v2 request_id=GGNUU5_e1w7R2f8AATzG [info] Sent 200 in 5ms on GET /api/v2/stats?
2025-09-08T14:16:38.781 application=api_v2 request_id=GGNUU91vxrNy1lkAAT0m [info] Sent 200 in 3ms on GET /api/v2/main-page/indexing-status?
2025-09-08T14:16:38.783 application=api_v2 request_id=GGNUU93LQxymY0QAAV_h [info] Sent 501 in 27µs on GET /api/v2/proxy/account-abstraction/status?
2025-09-08T14:16:43.795 application=api_v2 request_id=GGNUVQhHWWx4ve4AAWIB [info] Sent 200 in 4ms on GET /api/v2/main-page/indexing-status?
2025-09-08T14:16:43.798 application=api_v2 request_id=GGNUVQiu2qdkHFYAAT9G [info] Sent 501 in 31µs on GET /api/v2/proxy/account-abstraction/status?
2025-09-08T14:16:48.812 application=api_v2 request_id=GGNUVjNGYWLYMGgAASxi [info] Sent 200 in 4ms on GET /api/v2/main-page/indexing-status?
2025-09-08T14:16:48.814 application=api_v2 request_id=GGNUVjOmyOjG-lAAAWMB [info] Sent 501 in 27µs on GET /api/v2/proxy/account-abstraction/status?
2025-09-08T14:16:53.825 application=api_v2 request_id=GGNUV14R_Zt90PUAAUJE [info] Sent 200 in 4ms on GET /api/v2/main-page/indexing-status?
2025-09-08T14:16:53.828 application=api_v2 request_id=GGNUV16AgUVPvZwAAWOB [info] Sent 501 in 53µs on GET /api/v2/proxy/account-abstraction/status?
2025-09-08T14:16:58.837 application=api_v2 request_id=GGNUWIjOg1wx-FkAAURk [info] Sent 200 in 4ms on GET /api/v2/main-page/indexing-status?
2025-09-08T14:16:58.838 application=api_v2 request_id=GGNUWIktntrXyOoAAS8i [info] Sent 501 in 30µs on GET /api/v2/proxy/account-abstraction/status?
2025-09-08T14:17:03.849 application=api_v2 request_id=GGNUWbOAZp7pR0AAAUcG [info] Sent 200 in 4ms on GET /api/v2/main-page/indexing-status?
2025-09-08T14:17:03.850 application=api_v2 request_id=GGNUWbPmFyw7T7oAAUcm [info] Sent 501 in 27µs on GET /api/v2/proxy/account-abstraction/status?
