2025-09-08T13:37:50.174 application=explorer [info] tx/per day chart: collect records for transactions per day stats
2025-09-08T13:37:50.174 application=explorer [info] tx/per day chart: earliest date 2025-08-30 00:00:00Z
2025-09-08T13:37:50.174 application=explorer [info] tx/per day chart: latest date 2025-08-30 23:59:59Z
2025-09-08T13:37:50.254 application=explorer [info] tx/per day chart: timestamp cannot be converted to min/max blocks, trying to find min/max blocks through a fallback option}
2025-09-08T13:37:50.277 application=explorer [warning] tx/per day chart: failed to get min/max blocks through a fallback option}
2025-09-08T13:37:50.277 application=explorer [info] tx/per day chart: collect records for transactions per day stats
2025-09-08T13:37:50.277 application=explorer [info] tx/per day chart: earliest date 2025-08-31 00:00:00Z
2025-09-08T13:37:50.277 application=explorer [info] tx/per day chart: latest date 2025-08-31 23:59:59Z
2025-09-08T13:37:50.288 application=explorer [info] tx/per day chart: timestamp cannot be converted to min/max blocks, trying to find min/max blocks through a fallback option}
2025-09-08T13:37:50.288 application=explorer [info] SanitizeIncorrectWETHTokenTransfers deletion of duplicates finished, continuing with deletion of not whitelisted weth transfers
2025-09-08T13:37:50.294 application=explorer [warning] tx/per day chart: failed to get min/max blocks through a fallback option}
2025-09-08T13:37:50.294 application=explorer [info] tx/per day chart: collect records for transactions per day stats
2025-09-08T13:37:50.294 application=explorer [info] tx/per day chart: earliest date 2025-09-01 00:00:00Z
2025-09-08T13:37:50.294 application=explorer [info] tx/per day chart: latest date 2025-09-01 23:59:59Z
2025-09-08T13:37:50.295 application=explorer [info] tx/per day chart: timestamp cannot be converted to min/max blocks, trying to find min/max blocks through a fallback option}
2025-09-08T13:37:50.296 application=explorer [info] SanitizeIncorrectNFTTokenTransfers `delete_erc_721` step is finished
2025-09-08T13:37:50.300 application=explorer [warning] tx/per day chart: failed to get min/max blocks through a fallback option}
2025-09-08T13:37:50.300 application=explorer [info] tx/per day chart: collect records for transactions per day stats
2025-09-08T13:37:50.300 application=explorer [info] tx/per day chart: earliest date 2025-09-02 00:00:00Z
2025-09-08T13:37:50.300 application=explorer [info] tx/per day chart: latest date 2025-09-02 23:59:59Z
2025-09-08T13:37:50.302 application=explorer [info] tx/per day chart: timestamp cannot be converted to min/max blocks, trying to find min/max blocks through a fallback option}
2025-09-08T13:37:50.303 application=explorer [info] SanitizeIncorrectNFTTokenTransfers `delete_erc_1155` step is finished
2025-09-08T13:37:50.305 application=explorer [warning] tx/per day chart: failed to get min/max blocks through a fallback option}
2025-09-08T13:37:50.305 application=explorer [info] tx/per day chart: collect records for transactions per day stats
2025-09-08T13:37:50.305 application=explorer [info] tx/per day chart: earliest date 2025-09-03 00:00:00Z
2025-09-08T13:37:50.305 application=explorer [info] tx/per day chart: latest date 2025-09-03 23:59:59Z
2025-09-08T13:37:50.306 application=explorer [info] tx/per day chart: timestamp cannot be converted to min/max blocks, trying to find min/max blocks through a fallback option}
2025-09-08T13:37:50.309 application=explorer [warning] tx/per day chart: failed to get min/max blocks through a fallback option}
2025-09-08T13:37:50.309 application=explorer [info] tx/per day chart: collect records for transactions per day stats
2025-09-08T13:37:50.309 application=explorer [info] tx/per day chart: earliest date 2025-09-04 00:00:00Z
2025-09-08T13:37:50.309 application=explorer [info] tx/per day chart: latest date 2025-09-04 23:59:59Z
2025-09-08T13:37:50.310 application=explorer [info] SanitizeIncorrectNFTTokenTransfers migration finished
2025-09-08T13:37:50.312 application=explorer [info] tx/per day chart: timestamp cannot be converted to min/max blocks, trying to find min/max blocks through a fallback option}
2025-09-08T13:37:50.314 application=explorer [warning] tx/per day chart: failed to get min/max blocks through a fallback option}
2025-09-08T13:37:50.314 application=explorer [info] tx/per day chart: collect records for transactions per day stats
2025-09-08T13:37:50.314 application=explorer [info] tx/per day chart: earliest date 2025-09-05 00:00:00Z
2025-09-08T13:37:50.314 application=explorer [info] tx/per day chart: latest date 2025-09-05 23:59:59Z
2025-09-08T13:37:50.317 application=explorer [info] tx/per day chart: timestamp cannot be converted to min/max blocks, trying to find min/max blocks through a fallback option}
2025-09-08T13:37:50.319 application=explorer [warning] tx/per day chart: failed to get min/max blocks through a fallback option}
2025-09-08T13:37:50.319 application=explorer [info] tx/per day chart: collect records for transactions per day stats
2025-09-08T13:37:50.319 application=explorer [info] tx/per day chart: earliest date 2025-09-06 00:00:00Z
2025-09-08T13:37:50.319 application=explorer [info] tx/per day chart: latest date 2025-09-06 23:59:59Z
2025-09-08T13:37:50.322 application=explorer [info] tx/per day chart: timestamp cannot be converted to min/max blocks, trying to find min/max blocks through a fallback option}
2025-09-08T13:37:50.323 application=explorer [warning] tx/per day chart: failed to get min/max blocks through a fallback option}
2025-09-08T13:37:50.323 application=explorer [info] tx/per day chart: collect records for transactions per day stats
2025-09-08T13:37:50.323 application=explorer [info] tx/per day chart: earliest date 2025-09-07 00:00:00Z
2025-09-08T13:37:50.323 application=explorer [info] tx/per day chart: latest date 2025-09-07 23:59:59Z
2025-09-08T13:37:50.326 application=explorer [info] tx/per day chart: timestamp cannot be converted to min/max blocks, trying to find min/max blocks through a fallback option}
2025-09-08T13:37:50.328 application=explorer [warning] tx/per day chart: failed to get min/max blocks through a fallback option}
2025-09-08T13:37:50.328 application=explorer [info] tx/per day chart: collect records for transactions per day stats
2025-09-08T13:37:50.328 application=explorer [info] tx/per day chart: records collected [%{date: ~D[2025-09-07], gas_used: 0, number_of_transactions: 0, total_fee: 0}, %{date: ~D[2025-09-06], gas_used: 0, number_of_transactions: 0, total_fee: 0}, %{date: ~D[2025-09-05], gas_used: 0, number_of_transactions: 0, total_fee: 0}, %{date: ~D[2025-09-04], gas_used: 0, number_of_transactions: 0, total_fee: 0}, %{date: ~D[2025-09-03], gas_used: 0, number_of_transactions: 0, total_fee: 0}, %{date: ~D[2025-09-02], gas_used: 0, number_of_transactions: 0, total_fee: 0}, %{date: ~D[2025-09-01], gas_used: 0, number_of_transactions: 0, total_fee: 0}, %{date: ~D[2025-08-31], gas_used: 0, number_of_transactions: 0, total_fee: 0}, %{date: ~D[2025-08-30], gas_used: 0, number_of_transactions: 0, total_fee: 0}]
2025-09-08T13:37:50.328 application=explorer [info] tx/per day chart: save records
2025-09-08T13:37:50.331 application=explorer [info] tx/per day chart: number of inserted 10
2025-09-08T13:37:51.283 application=explorer [error] Failed to drop DB index 'logs_block_number_ASC__index_ASC_index': %Postgrex.Error{message: nil, postgres: %{code: :deadlock_detected, line: "1130", message: "deadlock detected", file: "deadlock.c", unknown: "ERROR", severity: "ERROR", hint: "See server log for query details.", detail: "Process 107 waits for ShareUpdateExclusiveLock on relation 16480 of database 16384; blocked by process 161.\nProcess 161 waits for ShareLock on virtual transaction 25/6; blocked by process 107.", pg_code: "40P01", routine: "DeadLockReport"}, connection_id: 107, query: nil}
2025-09-08T13:38:05.174 application=explorer [info] Fetching chain spec path: nil.
2025-09-08T13:38:05.174 application=explorer [info] Fetching precompiled config path: nil.
2025-09-08T13:38:05.174 application=explorer [warning] Genesis data is not fetched. Neither chain spec path or precompiles config path are set.
2025-09-08T13:55:03.688 application=explorer [info] tx/per day chart: collect records for transactions per day stats
2025-09-08T13:55:03.689 application=explorer [info] tx/per day chart: earliest date 2025-08-30 00:00:00Z
2025-09-08T13:55:03.689 application=explorer [info] tx/per day chart: latest date 2025-08-30 23:59:59Z
2025-09-08T13:55:03.756 application=explorer [info] tx/per day chart: min/max block numbers [1, 0]
2025-09-08T13:55:03.765 application=explorer [info] tx/per day chart: num of transactions 0
2025-09-08T13:55:03.771 application=explorer [info] tx/per day chart: total gas used 
2025-09-08T13:55:03.776 application=explorer [info] tx/per day chart: total fee 
2025-09-08T13:55:03.776 application=explorer [info] tx/per day chart: collect records for transactions per day stats
2025-09-08T13:55:03.776 application=explorer [info] tx/per day chart: earliest date 2025-08-31 00:00:00Z
2025-09-08T13:55:03.776 application=explorer [info] tx/per day chart: latest date 2025-08-31 23:59:59Z
2025-09-08T13:55:03.786 application=explorer [info] tx/per day chart: min/max block numbers [1, 0]
2025-09-08T13:55:03.792 application=explorer [info] tx/per day chart: num of transactions 0
2025-09-08T13:55:03.796 application=explorer [info] tx/per day chart: total gas used 
2025-09-08T13:55:03.799 application=explorer [info] tx/per day chart: total fee 
2025-09-08T13:55:03.799 application=explorer [info] tx/per day chart: collect records for transactions per day stats
2025-09-08T13:55:03.799 application=explorer [info] tx/per day chart: earliest date 2025-09-01 00:00:00Z
2025-09-08T13:55:03.799 application=explorer [info] tx/per day chart: latest date 2025-09-01 23:59:59Z
2025-09-08T13:55:03.806 application=explorer [info] tx/per day chart: min/max block numbers [1, 0]
2025-09-08T13:55:03.814 application=explorer [info] tx/per day chart: num of transactions 0
2025-09-08T13:55:03.818 application=explorer [info] tx/per day chart: total gas used 
2025-09-08T13:55:03.819 application=explorer [info] tx/per day chart: total fee 
2025-09-08T13:55:03.819 application=explorer [info] tx/per day chart: collect records for transactions per day stats
2025-09-08T13:55:03.819 application=explorer [info] tx/per day chart: earliest date 2025-09-02 00:00:00Z
2025-09-08T13:55:03.819 application=explorer [info] tx/per day chart: latest date 2025-09-02 23:59:59Z
2025-09-08T13:55:03.826 application=explorer [info] tx/per day chart: min/max block numbers [1, 0]
2025-09-08T13:55:03.828 application=explorer [info] tx/per day chart: num of transactions 0
2025-09-08T13:55:03.830 application=explorer [info] tx/per day chart: total gas used 
2025-09-08T13:55:03.832 application=explorer [info] tx/per day chart: total fee 
2025-09-08T13:55:03.832 application=explorer [info] tx/per day chart: collect records for transactions per day stats
2025-09-08T13:55:03.832 application=explorer [info] tx/per day chart: earliest date 2025-09-03 00:00:00Z
2025-09-08T13:55:03.832 application=explorer [info] tx/per day chart: latest date 2025-09-03 23:59:59Z
2025-09-08T13:55:03.839 application=explorer [info] tx/per day chart: min/max block numbers [1, 0]
2025-09-08T13:55:03.841 application=explorer [info] tx/per day chart: num of transactions 0
2025-09-08T13:55:03.844 application=explorer [info] tx/per day chart: total gas used 
2025-09-08T13:55:03.847 application=explorer [info] tx/per day chart: total fee 
2025-09-08T13:55:03.847 application=explorer [info] tx/per day chart: collect records for transactions per day stats
2025-09-08T13:55:03.847 application=explorer [info] tx/per day chart: earliest date 2025-09-04 00:00:00Z
2025-09-08T13:55:03.847 application=explorer [info] tx/per day chart: latest date 2025-09-04 23:59:59Z
2025-09-08T13:55:03.852 application=explorer [info] tx/per day chart: min/max block numbers [1, 0]
2025-09-08T13:55:03.855 application=explorer [info] tx/per day chart: num of transactions 0
2025-09-08T13:55:03.858 application=explorer [info] tx/per day chart: total gas used 
2025-09-08T13:55:03.860 application=explorer [info] tx/per day chart: total fee 
2025-09-08T13:55:03.860 application=explorer [info] tx/per day chart: collect records for transactions per day stats
2025-09-08T13:55:03.860 application=explorer [info] tx/per day chart: earliest date 2025-09-05 00:00:00Z
2025-09-08T13:55:03.860 application=explorer [info] tx/per day chart: latest date 2025-09-05 23:59:59Z
2025-09-08T13:55:03.865 application=explorer [info] tx/per day chart: min/max block numbers [1, 0]
2025-09-08T13:55:03.868 application=explorer [info] tx/per day chart: num of transactions 0
2025-09-08T13:55:03.870 application=explorer [info] tx/per day chart: total gas used 
2025-09-08T13:55:03.873 application=explorer [info] tx/per day chart: total fee 
2025-09-08T13:55:03.873 application=explorer [info] tx/per day chart: collect records for transactions per day stats
2025-09-08T13:55:03.873 application=explorer [info] tx/per day chart: earliest date 2025-09-06 00:00:00Z
2025-09-08T13:55:03.873 application=explorer [info] tx/per day chart: latest date 2025-09-06 23:59:59Z
2025-09-08T13:55:03.878 application=explorer [info] tx/per day chart: min/max block numbers [1, 0]
2025-09-08T13:55:03.881 application=explorer [info] tx/per day chart: num of transactions 0
2025-09-08T13:55:03.883 application=explorer [info] tx/per day chart: total gas used 
2025-09-08T13:55:03.886 application=explorer [info] tx/per day chart: total fee 
2025-09-08T13:55:03.886 application=explorer [info] tx/per day chart: collect records for transactions per day stats
2025-09-08T13:55:03.886 application=explorer [info] tx/per day chart: earliest date 2025-09-07 00:00:00Z
2025-09-08T13:55:03.886 application=explorer [info] tx/per day chart: latest date 2025-09-07 23:59:59Z
2025-09-08T13:55:03.891 application=explorer [info] tx/per day chart: min/max block numbers [1, 0]
2025-09-08T13:55:03.893 application=explorer [info] tx/per day chart: num of transactions 0
2025-09-08T13:55:03.896 application=explorer [info] tx/per day chart: total gas used 
2025-09-08T13:55:03.897 application=explorer [info] tx/per day chart: total fee 
2025-09-08T13:55:03.897 application=explorer [info] tx/per day chart: collect records for transactions per day stats
2025-09-08T13:55:03.897 application=explorer [info] tx/per day chart: records collected [%{date: ~D[2025-09-07], gas_used: nil, number_of_transactions: 0, total_fee: nil}, %{date: ~D[2025-09-06], gas_used: nil, number_of_transactions: 0, total_fee: nil}, %{date: ~D[2025-09-05], gas_used: nil, number_of_transactions: 0, total_fee: nil}, %{date: ~D[2025-09-04], gas_used: nil, number_of_transactions: 0, total_fee: nil}, %{date: ~D[2025-09-03], gas_used: nil, number_of_transactions: 0, total_fee: nil}, %{date: ~D[2025-09-02], gas_used: nil, number_of_transactions: 0, total_fee: nil}, %{date: ~D[2025-09-01], gas_used: nil, number_of_transactions: 0, total_fee: nil}, %{date: ~D[2025-08-31], gas_used: nil, number_of_transactions: 0, total_fee: nil}, %{date: ~D[2025-08-30], gas_used: nil, number_of_transactions: 0, total_fee: nil}]
2025-09-08T13:55:03.897 application=explorer [info] tx/per day chart: save records
2025-09-08T13:55:03.900 application=explorer [info] tx/per day chart: number of inserted 10
2025-09-08T13:55:04.768 application=explorer [error] Failed to run create DB index query: %Postgrex.Error{message: nil, postgres: %{code: :deadlock_detected, line: "1130", message: "deadlock detected", file: "deadlock.c", unknown: "ERROR", severity: "ERROR", hint: "See server log for query details.", detail: "Process 56 waits for ShareUpdateExclusiveLock on relation 16508 of database 16384; blocked by process 87.\nProcess 87 waits for ShareLock on virtual transaction 25/4; blocked by process 56.", pg_code: "40P01", routine: "DeadLockReport"}, connection_id: 56, query: nil}
2025-09-08T13:55:18.687 application=explorer [info] Fetching chain spec path: nil.
2025-09-08T13:55:18.687 application=explorer [info] Fetching precompiled config path: nil.
2025-09-08T13:55:18.687 application=explorer [warning] Genesis data is not fetched. Neither chain spec path or precompiles config path are set.
2025-09-08T14:34:45.127 application=explorer [info] tx/per day chart: collect records for transactions per day stats
2025-09-08T14:34:45.127 application=explorer [info] tx/per day chart: earliest date 2025-08-30 00:00:00Z
2025-09-08T14:34:45.127 application=explorer [info] tx/per day chart: latest date 2025-08-30 23:59:59Z
2025-09-08T14:34:45.228 application=explorer [info] tx/per day chart: min/max block numbers [1, 0]
2025-09-08T14:34:45.234 application=explorer [info] tx/per day chart: num of transactions 0
2025-09-08T14:34:45.240 application=explorer [info] tx/per day chart: total gas used 
2025-09-08T14:34:45.245 application=explorer [info] tx/per day chart: total fee 
2025-09-08T14:34:45.245 application=explorer [info] tx/per day chart: collect records for transactions per day stats
2025-09-08T14:34:45.245 application=explorer [info] tx/per day chart: earliest date 2025-08-31 00:00:00Z
2025-09-08T14:34:45.245 application=explorer [info] tx/per day chart: latest date 2025-08-31 23:59:59Z
2025-09-08T14:34:45.254 application=explorer [info] tx/per day chart: min/max block numbers [1, 0]
2025-09-08T14:34:45.257 application=explorer [info] tx/per day chart: num of transactions 0
2025-09-08T14:34:45.261 application=explorer [info] tx/per day chart: total gas used 
2025-09-08T14:34:45.265 application=explorer [info] tx/per day chart: total fee 
2025-09-08T14:34:45.265 application=explorer [info] tx/per day chart: collect records for transactions per day stats
2025-09-08T14:34:45.265 application=explorer [info] tx/per day chart: earliest date 2025-09-01 00:00:00Z
2025-09-08T14:34:45.265 application=explorer [info] tx/per day chart: latest date 2025-09-01 23:59:59Z
2025-09-08T14:34:45.286 application=explorer [info] tx/per day chart: min/max block numbers [1, 0]
2025-09-08T14:34:45.290 application=explorer [info] tx/per day chart: num of transactions 0
2025-09-08T14:34:45.291 application=explorer [info] tx/per day chart: total gas used 
2025-09-08T14:34:45.293 application=explorer [info] tx/per day chart: total fee 
2025-09-08T14:34:45.293 application=explorer [info] tx/per day chart: collect records for transactions per day stats
2025-09-08T14:34:45.293 application=explorer [info] tx/per day chart: earliest date 2025-09-02 00:00:00Z
2025-09-08T14:34:45.293 application=explorer [info] tx/per day chart: latest date 2025-09-02 23:59:59Z
2025-09-08T14:34:45.304 application=explorer [info] tx/per day chart: min/max block numbers [1, 0]
2025-09-08T14:34:45.307 application=explorer [info] tx/per day chart: num of transactions 0
2025-09-08T14:34:45.310 application=explorer [info] tx/per day chart: total gas used 
2025-09-08T14:34:45.313 application=explorer [info] tx/per day chart: total fee 
2025-09-08T14:34:45.313 application=explorer [info] tx/per day chart: collect records for transactions per day stats
2025-09-08T14:34:45.313 application=explorer [info] tx/per day chart: earliest date 2025-09-03 00:00:00Z
2025-09-08T14:34:45.313 application=explorer [info] tx/per day chart: latest date 2025-09-03 23:59:59Z
2025-09-08T14:34:45.321 application=explorer [info] tx/per day chart: min/max block numbers [1, 0]
2025-09-08T14:34:45.324 application=explorer [info] tx/per day chart: num of transactions 0
2025-09-08T14:34:45.328 application=explorer [info] tx/per day chart: total gas used 
2025-09-08T14:34:45.331 application=explorer [info] tx/per day chart: total fee 
2025-09-08T14:34:45.331 application=explorer [info] tx/per day chart: collect records for transactions per day stats
2025-09-08T14:34:45.331 application=explorer [info] tx/per day chart: earliest date 2025-09-04 00:00:00Z
2025-09-08T14:34:45.331 application=explorer [info] tx/per day chart: latest date 2025-09-04 23:59:59Z
2025-09-08T14:34:45.337 application=explorer [info] tx/per day chart: min/max block numbers [1, 0]
2025-09-08T14:34:45.340 application=explorer [info] tx/per day chart: num of transactions 0
2025-09-08T14:34:45.342 application=explorer [info] tx/per day chart: total gas used 
2025-09-08T14:34:45.345 application=explorer [info] tx/per day chart: total fee 
2025-09-08T14:34:45.345 application=explorer [info] tx/per day chart: collect records for transactions per day stats
2025-09-08T14:34:45.345 application=explorer [info] tx/per day chart: earliest date 2025-09-05 00:00:00Z
2025-09-08T14:34:45.345 application=explorer [info] tx/per day chart: latest date 2025-09-05 23:59:59Z
2025-09-08T14:34:45.352 application=explorer [info] tx/per day chart: min/max block numbers [1, 0]
2025-09-08T14:34:45.357 application=explorer [info] tx/per day chart: num of transactions 0
2025-09-08T14:34:45.359 application=explorer [info] tx/per day chart: total gas used 
2025-09-08T14:34:45.362 application=explorer [info] tx/per day chart: total fee 
2025-09-08T14:34:45.362 application=explorer [info] tx/per day chart: collect records for transactions per day stats
2025-09-08T14:34:45.362 application=explorer [info] tx/per day chart: earliest date 2025-09-06 00:00:00Z
2025-09-08T14:34:45.362 application=explorer [info] tx/per day chart: latest date 2025-09-06 23:59:59Z
2025-09-08T14:34:45.374 application=explorer [info] tx/per day chart: min/max block numbers [1, 0]
2025-09-08T14:34:45.377 application=explorer [info] tx/per day chart: num of transactions 0
2025-09-08T14:34:45.380 application=explorer [info] tx/per day chart: total gas used 
2025-09-08T14:34:45.383 application=explorer [info] tx/per day chart: total fee 
2025-09-08T14:34:45.383 application=explorer [info] tx/per day chart: collect records for transactions per day stats
2025-09-08T14:34:45.383 application=explorer [info] tx/per day chart: earliest date 2025-09-07 00:00:00Z
2025-09-08T14:34:45.383 application=explorer [info] tx/per day chart: latest date 2025-09-07 23:59:59Z
2025-09-08T14:34:45.391 application=explorer [info] tx/per day chart: min/max block numbers [1, 0]
2025-09-08T14:34:45.393 application=explorer [info] tx/per day chart: num of transactions 0
2025-09-08T14:34:45.396 application=explorer [info] tx/per day chart: total gas used 
2025-09-08T14:34:45.399 application=explorer [info] tx/per day chart: total fee 
2025-09-08T14:34:45.399 application=explorer [info] tx/per day chart: collect records for transactions per day stats
2025-09-08T14:34:45.399 application=explorer [info] tx/per day chart: records collected [%{date: ~D[2025-09-07], gas_used: nil, number_of_transactions: 0, total_fee: nil}, %{date: ~D[2025-09-06], gas_used: nil, number_of_transactions: 0, total_fee: nil}, %{date: ~D[2025-09-05], gas_used: nil, number_of_transactions: 0, total_fee: nil}, %{date: ~D[2025-09-04], gas_used: nil, number_of_transactions: 0, total_fee: nil}, %{date: ~D[2025-09-03], gas_used: nil, number_of_transactions: 0, total_fee: nil}, %{date: ~D[2025-09-02], gas_used: nil, number_of_transactions: 0, total_fee: nil}, %{date: ~D[2025-09-01], gas_used: nil, number_of_transactions: 0, total_fee: nil}, %{date: ~D[2025-08-31], gas_used: nil, number_of_transactions: 0, total_fee: nil}, %{date: ~D[2025-08-30], gas_used: nil, number_of_transactions: 0, total_fee: nil}]
2025-09-08T14:34:45.399 application=explorer [info] tx/per day chart: save records
2025-09-08T14:34:45.403 application=explorer [info] tx/per day chart: number of inserted 10
2025-09-08T14:35:00.124 application=explorer [info] Fetching chain spec path: nil.
2025-09-08T14:35:00.124 application=explorer [info] Fetching precompiled config path: nil.
2025-09-08T14:35:00.124 application=explorer [warning] Genesis data is not fetched. Neither chain spec path or precompiles config path are set.
2025-09-08T14:45:55.643 application=explorer [info] tx/per day chart: collect records for transactions per day stats
2025-09-08T14:45:55.644 application=explorer [info] tx/per day chart: earliest date 2025-08-30 00:00:00Z
2025-09-08T14:45:55.644 application=explorer [info] tx/per day chart: latest date 2025-08-30 23:59:59Z
2025-09-08T14:45:55.710 application=explorer [info] tx/per day chart: min/max block numbers [1, 0]
2025-09-08T14:45:55.717 application=explorer [info] tx/per day chart: num of transactions 0
2025-09-08T14:45:55.722 application=explorer [info] tx/per day chart: total gas used 
2025-09-08T14:45:55.725 application=explorer [info] tx/per day chart: total fee 
2025-09-08T14:45:55.725 application=explorer [info] tx/per day chart: collect records for transactions per day stats
2025-09-08T14:45:55.725 application=explorer [info] tx/per day chart: earliest date 2025-08-31 00:00:00Z
2025-09-08T14:45:55.725 application=explorer [info] tx/per day chart: latest date 2025-08-31 23:59:59Z
2025-09-08T14:45:55.730 application=explorer [info] tx/per day chart: min/max block numbers [1, 0]
2025-09-08T14:45:55.733 application=explorer [info] tx/per day chart: num of transactions 0
2025-09-08T14:45:55.736 application=explorer [info] tx/per day chart: total gas used 
2025-09-08T14:45:55.738 application=explorer [info] tx/per day chart: total fee 
2025-09-08T14:45:55.738 application=explorer [info] tx/per day chart: collect records for transactions per day stats
2025-09-08T14:45:55.738 application=explorer [info] tx/per day chart: earliest date 2025-09-01 00:00:00Z
2025-09-08T14:45:55.738 application=explorer [info] tx/per day chart: latest date 2025-09-01 23:59:59Z
2025-09-08T14:45:55.744 application=explorer [info] tx/per day chart: min/max block numbers [1, 0]
2025-09-08T14:45:55.747 application=explorer [info] tx/per day chart: num of transactions 0
2025-09-08T14:45:55.750 application=explorer [info] tx/per day chart: total gas used 
2025-09-08T14:45:55.753 application=explorer [info] tx/per day chart: total fee 
2025-09-08T14:45:55.753 application=explorer [info] tx/per day chart: collect records for transactions per day stats
2025-09-08T14:45:55.753 application=explorer [info] tx/per day chart: earliest date 2025-09-02 00:00:00Z
2025-09-08T14:45:55.753 application=explorer [info] tx/per day chart: latest date 2025-09-02 23:59:59Z
2025-09-08T14:45:55.759 application=explorer [info] tx/per day chart: min/max block numbers [1, 0]
2025-09-08T14:45:55.762 application=explorer [info] tx/per day chart: num of transactions 0
2025-09-08T14:45:55.764 application=explorer [info] tx/per day chart: total gas used 
2025-09-08T14:45:55.766 application=explorer [info] tx/per day chart: total fee 
2025-09-08T14:45:55.766 application=explorer [info] tx/per day chart: collect records for transactions per day stats
2025-09-08T14:45:55.766 application=explorer [info] tx/per day chart: earliest date 2025-09-03 00:00:00Z
2025-09-08T14:45:55.766 application=explorer [info] tx/per day chart: latest date 2025-09-03 23:59:59Z
2025-09-08T14:45:55.771 application=explorer [info] tx/per day chart: min/max block numbers [1, 0]
2025-09-08T14:45:55.774 application=explorer [info] tx/per day chart: num of transactions 0
2025-09-08T14:45:55.776 application=explorer [info] tx/per day chart: total gas used 
2025-09-08T14:45:55.779 application=explorer [info] tx/per day chart: total fee 
2025-09-08T14:45:55.779 application=explorer [info] tx/per day chart: collect records for transactions per day stats
2025-09-08T14:45:55.779 application=explorer [info] tx/per day chart: earliest date 2025-09-04 00:00:00Z
2025-09-08T14:45:55.779 application=explorer [info] tx/per day chart: latest date 2025-09-04 23:59:59Z
2025-09-08T14:45:55.785 application=explorer [info] tx/per day chart: min/max block numbers [1, 0]
2025-09-08T14:45:55.787 application=explorer [info] tx/per day chart: num of transactions 0
2025-09-08T14:45:55.790 application=explorer [info] tx/per day chart: total gas used 
2025-09-08T14:45:55.792 application=explorer [info] tx/per day chart: total fee 
2025-09-08T14:45:55.792 application=explorer [info] tx/per day chart: collect records for transactions per day stats
2025-09-08T14:45:55.793 application=explorer [info] tx/per day chart: earliest date 2025-09-05 00:00:00Z
2025-09-08T14:45:55.793 application=explorer [info] tx/per day chart: latest date 2025-09-05 23:59:59Z
2025-09-08T14:45:55.799 application=explorer [info] tx/per day chart: min/max block numbers [1, 0]
2025-09-08T14:45:55.802 application=explorer [info] tx/per day chart: num of transactions 0
2025-09-08T14:45:55.805 application=explorer [info] tx/per day chart: total gas used 
2025-09-08T14:45:55.808 application=explorer [info] tx/per day chart: total fee 
2025-09-08T14:45:55.808 application=explorer [info] tx/per day chart: collect records for transactions per day stats
2025-09-08T14:45:55.808 application=explorer [info] tx/per day chart: earliest date 2025-09-06 00:00:00Z
2025-09-08T14:45:55.808 application=explorer [info] tx/per day chart: latest date 2025-09-06 23:59:59Z
2025-09-08T14:45:55.812 application=explorer [info] tx/per day chart: min/max block numbers [1, 0]
2025-09-08T14:45:55.813 application=explorer [info] tx/per day chart: num of transactions 0
2025-09-08T14:45:55.813 application=explorer [info] tx/per day chart: total gas used 
2025-09-08T14:45:55.816 application=explorer [info] tx/per day chart: total fee 
2025-09-08T14:45:55.816 application=explorer [info] tx/per day chart: collect records for transactions per day stats
2025-09-08T14:45:55.816 application=explorer [info] tx/per day chart: earliest date 2025-09-07 00:00:00Z
2025-09-08T14:45:55.816 application=explorer [info] tx/per day chart: latest date 2025-09-07 23:59:59Z
2025-09-08T14:45:55.822 application=explorer [info] tx/per day chart: min/max block numbers [1, 0]
2025-09-08T14:45:55.825 application=explorer [info] tx/per day chart: num of transactions 0
2025-09-08T14:45:55.827 application=explorer [info] tx/per day chart: total gas used 
2025-09-08T14:45:55.830 application=explorer [info] tx/per day chart: total fee 
2025-09-08T14:45:55.830 application=explorer [info] tx/per day chart: collect records for transactions per day stats
2025-09-08T14:45:55.830 application=explorer [info] tx/per day chart: records collected [%{date: ~D[2025-09-07], gas_used: nil, number_of_transactions: 0, total_fee: nil}, %{date: ~D[2025-09-06], gas_used: nil, number_of_transactions: 0, total_fee: nil}, %{date: ~D[2025-09-05], gas_used: nil, number_of_transactions: 0, total_fee: nil}, %{date: ~D[2025-09-04], gas_used: nil, number_of_transactions: 0, total_fee: nil}, %{date: ~D[2025-09-03], gas_used: nil, number_of_transactions: 0, total_fee: nil}, %{date: ~D[2025-09-02], gas_used: nil, number_of_transactions: 0, total_fee: nil}, %{date: ~D[2025-09-01], gas_used: nil, number_of_transactions: 0, total_fee: nil}, %{date: ~D[2025-08-31], gas_used: nil, number_of_transactions: 0, total_fee: nil}, %{date: ~D[2025-08-30], gas_used: nil, number_of_transactions: 0, total_fee: nil}]
2025-09-08T14:45:55.830 application=explorer [info] tx/per day chart: save records
2025-09-08T14:45:55.833 application=explorer [info] tx/per day chart: number of inserted 10
2025-09-08T14:46:10.643 application=explorer [info] Fetching chain spec path: nil.
2025-09-08T14:46:10.643 application=explorer [info] Fetching precompiled config path: nil.
2025-09-08T14:46:10.643 application=explorer [warning] Genesis data is not fetched. Neither chain spec path or precompiles config path are set.
2025-09-08T14:48:47.533 application=explorer [info] tx/per day chart: collect records for transactions per day stats
2025-09-08T14:48:47.533 application=explorer [info] tx/per day chart: earliest date 2025-08-30 00:00:00Z
2025-09-08T14:48:47.533 application=explorer [info] tx/per day chart: latest date 2025-08-30 23:59:59Z
2025-09-08T14:48:47.585 application=explorer [info] tx/per day chart: min/max block numbers [1, 0]
2025-09-08T14:48:47.591 application=explorer [info] tx/per day chart: num of transactions 0
2025-09-08T14:48:47.596 application=explorer [info] tx/per day chart: total gas used 
2025-09-08T14:48:47.600 application=explorer [info] tx/per day chart: total fee 
2025-09-08T14:48:47.600 application=explorer [info] tx/per day chart: collect records for transactions per day stats
2025-09-08T14:48:47.600 application=explorer [info] tx/per day chart: earliest date 2025-08-31 00:00:00Z
2025-09-08T14:48:47.600 application=explorer [info] tx/per day chart: latest date 2025-08-31 23:59:59Z
2025-09-08T14:48:47.607 application=explorer [info] tx/per day chart: min/max block numbers [1, 0]
2025-09-08T14:48:47.610 application=explorer [info] tx/per day chart: num of transactions 0
2025-09-08T14:48:47.612 application=explorer [info] tx/per day chart: total gas used 
2025-09-08T14:48:47.615 application=explorer [info] tx/per day chart: total fee 
2025-09-08T14:48:47.615 application=explorer [info] tx/per day chart: collect records for transactions per day stats
2025-09-08T14:48:47.615 application=explorer [info] tx/per day chart: earliest date 2025-09-01 00:00:00Z
2025-09-08T14:48:47.615 application=explorer [info] tx/per day chart: latest date 2025-09-01 23:59:59Z
2025-09-08T14:48:47.622 application=explorer [info] tx/per day chart: min/max block numbers [1, 0]
2025-09-08T14:48:47.623 application=explorer [info] tx/per day chart: num of transactions 0
2025-09-08T14:48:47.626 application=explorer [info] tx/per day chart: total gas used 
2025-09-08T14:48:47.627 application=explorer [info] tx/per day chart: total fee 
2025-09-08T14:48:47.627 application=explorer [info] tx/per day chart: collect records for transactions per day stats
2025-09-08T14:48:47.627 application=explorer [info] tx/per day chart: earliest date 2025-09-02 00:00:00Z
2025-09-08T14:48:47.627 application=explorer [info] tx/per day chart: latest date 2025-09-02 23:59:59Z
2025-09-08T14:48:47.634 application=explorer [info] tx/per day chart: min/max block numbers [1, 0]
2025-09-08T14:48:47.635 application=explorer [info] tx/per day chart: num of transactions 0
2025-09-08T14:48:47.638 application=explorer [info] tx/per day chart: total gas used 
2025-09-08T14:48:47.641 application=explorer [info] tx/per day chart: total fee 
2025-09-08T14:48:47.641 application=explorer [info] tx/per day chart: collect records for transactions per day stats
2025-09-08T14:48:47.641 application=explorer [info] tx/per day chart: earliest date 2025-09-03 00:00:00Z
2025-09-08T14:48:47.641 application=explorer [info] tx/per day chart: latest date 2025-09-03 23:59:59Z
2025-09-08T14:48:47.646 application=explorer [info] tx/per day chart: min/max block numbers [1, 0]
2025-09-08T14:48:47.649 application=explorer [info] tx/per day chart: num of transactions 0
2025-09-08T14:48:47.651 application=explorer [info] tx/per day chart: total gas used 
2025-09-08T14:48:47.654 application=explorer [info] tx/per day chart: total fee 
2025-09-08T14:48:47.654 application=explorer [info] tx/per day chart: collect records for transactions per day stats
2025-09-08T14:48:47.654 application=explorer [info] tx/per day chart: earliest date 2025-09-04 00:00:00Z
2025-09-08T14:48:47.654 application=explorer [info] tx/per day chart: latest date 2025-09-04 23:59:59Z
2025-09-08T14:48:47.661 application=explorer [info] tx/per day chart: min/max block numbers [1, 0]
2025-09-08T14:48:47.664 application=explorer [info] tx/per day chart: num of transactions 0
2025-09-08T14:48:47.667 application=explorer [info] tx/per day chart: total gas used 
2025-09-08T14:48:47.670 application=explorer [info] tx/per day chart: total fee 
2025-09-08T14:48:47.670 application=explorer [info] tx/per day chart: collect records for transactions per day stats
2025-09-08T14:48:47.670 application=explorer [info] tx/per day chart: earliest date 2025-09-05 00:00:00Z
2025-09-08T14:48:47.670 application=explorer [info] tx/per day chart: latest date 2025-09-05 23:59:59Z
2025-09-08T14:48:47.677 application=explorer [info] tx/per day chart: min/max block numbers [1, 0]
2025-09-08T14:48:47.680 application=explorer [info] tx/per day chart: num of transactions 0
2025-09-08T14:48:47.682 application=explorer [info] tx/per day chart: total gas used 
2025-09-08T14:48:47.686 application=explorer [info] tx/per day chart: total fee 
2025-09-08T14:48:47.686 application=explorer [info] tx/per day chart: collect records for transactions per day stats
2025-09-08T14:48:47.686 application=explorer [info] tx/per day chart: earliest date 2025-09-06 00:00:00Z
2025-09-08T14:48:47.686 application=explorer [info] tx/per day chart: latest date 2025-09-06 23:59:59Z
2025-09-08T14:48:47.693 application=explorer [info] tx/per day chart: min/max block numbers [1, 0]
2025-09-08T14:48:47.696 application=explorer [info] tx/per day chart: num of transactions 0
2025-09-08T14:48:47.700 application=explorer [info] tx/per day chart: total gas used 
2025-09-08T14:48:47.703 application=explorer [info] tx/per day chart: total fee 
2025-09-08T14:48:47.703 application=explorer [info] tx/per day chart: collect records for transactions per day stats
2025-09-08T14:48:47.703 application=explorer [info] tx/per day chart: earliest date 2025-09-07 00:00:00Z
2025-09-08T14:48:47.703 application=explorer [info] tx/per day chart: latest date 2025-09-07 23:59:59Z
2025-09-08T14:48:47.709 application=explorer [info] tx/per day chart: min/max block numbers [1, 0]
2025-09-08T14:48:47.712 application=explorer [info] tx/per day chart: num of transactions 0
2025-09-08T14:48:47.715 application=explorer [info] tx/per day chart: total gas used 
2025-09-08T14:48:47.719 application=explorer [info] tx/per day chart: total fee 
2025-09-08T14:48:47.719 application=explorer [info] tx/per day chart: collect records for transactions per day stats
2025-09-08T14:48:47.719 application=explorer [info] tx/per day chart: records collected [%{date: ~D[2025-09-07], gas_used: nil, number_of_transactions: 0, total_fee: nil}, %{date: ~D[2025-09-06], gas_used: nil, number_of_transactions: 0, total_fee: nil}, %{date: ~D[2025-09-05], gas_used: nil, number_of_transactions: 0, total_fee: nil}, %{date: ~D[2025-09-04], gas_used: nil, number_of_transactions: 0, total_fee: nil}, %{date: ~D[2025-09-03], gas_used: nil, number_of_transactions: 0, total_fee: nil}, %{date: ~D[2025-09-02], gas_used: nil, number_of_transactions: 0, total_fee: nil}, %{date: ~D[2025-09-01], gas_used: nil, number_of_transactions: 0, total_fee: nil}, %{date: ~D[2025-08-31], gas_used: nil, number_of_transactions: 0, total_fee: nil}, %{date: ~D[2025-08-30], gas_used: nil, number_of_transactions: 0, total_fee: nil}]
2025-09-08T14:48:47.719 application=explorer [info] tx/per day chart: save records
2025-09-08T14:48:47.722 application=explorer [info] tx/per day chart: number of inserted 10
2025-09-08T14:49:02.534 application=explorer [info] Fetching chain spec path: nil.
2025-09-08T14:49:02.534 application=explorer [info] Fetching precompiled config path: nil.
2025-09-08T14:49:02.534 application=explorer [warning] Genesis data is not fetched. Neither chain spec path or precompiles config path are set.
2025-09-08T14:52:03.798 application=explorer [info] tx/per day chart: collect records for transactions per day stats
2025-09-08T14:52:03.799 application=explorer [info] tx/per day chart: earliest date 2025-08-30 00:00:00Z
2025-09-08T14:52:03.799 application=explorer [info] tx/per day chart: latest date 2025-08-30 23:59:59Z
2025-09-08T14:52:03.867 application=explorer [info] tx/per day chart: min/max block numbers [1, 0]
2025-09-08T14:52:03.875 application=explorer [info] tx/per day chart: num of transactions 0
2025-09-08T14:52:03.881 application=explorer [info] tx/per day chart: total gas used 
2025-09-08T14:52:03.885 application=explorer [info] tx/per day chart: total fee 
2025-09-08T14:52:03.885 application=explorer [info] tx/per day chart: collect records for transactions per day stats
2025-09-08T14:52:03.885 application=explorer [info] tx/per day chart: earliest date 2025-08-31 00:00:00Z
2025-09-08T14:52:03.885 application=explorer [info] tx/per day chart: latest date 2025-08-31 23:59:59Z
2025-09-08T14:52:03.893 application=explorer [info] tx/per day chart: min/max block numbers [1, 0]
2025-09-08T14:52:03.894 application=explorer [info] tx/per day chart: num of transactions 0
2025-09-08T14:52:03.898 application=explorer [info] tx/per day chart: total gas used 
2025-09-08T14:52:03.902 application=explorer [info] tx/per day chart: total fee 
2025-09-08T14:52:03.902 application=explorer [info] tx/per day chart: collect records for transactions per day stats
2025-09-08T14:52:03.902 application=explorer [info] tx/per day chart: earliest date 2025-09-01 00:00:00Z
2025-09-08T14:52:03.902 application=explorer [info] tx/per day chart: latest date 2025-09-01 23:59:59Z
2025-09-08T14:52:03.911 application=explorer [info] tx/per day chart: min/max block numbers [1, 0]
2025-09-08T14:52:03.915 application=explorer [info] tx/per day chart: num of transactions 0
2025-09-08T14:52:03.918 application=explorer [info] tx/per day chart: total gas used 
2025-09-08T14:52:03.920 application=explorer [info] tx/per day chart: total fee 
2025-09-08T14:52:03.920 application=explorer [info] tx/per day chart: collect records for transactions per day stats
2025-09-08T14:52:03.920 application=explorer [info] tx/per day chart: earliest date 2025-09-02 00:00:00Z
2025-09-08T14:52:03.920 application=explorer [info] tx/per day chart: latest date 2025-09-02 23:59:59Z
2025-09-08T14:52:03.929 application=explorer [info] tx/per day chart: min/max block numbers [1, 0]
2025-09-08T14:52:03.933 application=explorer [info] tx/per day chart: num of transactions 0
2025-09-08T14:52:03.936 application=explorer [info] tx/per day chart: total gas used 
2025-09-08T14:52:03.939 application=explorer [info] tx/per day chart: total fee 
2025-09-08T14:52:03.939 application=explorer [info] tx/per day chart: collect records for transactions per day stats
2025-09-08T14:52:03.939 application=explorer [info] tx/per day chart: earliest date 2025-09-03 00:00:00Z
2025-09-08T14:52:03.939 application=explorer [info] tx/per day chart: latest date 2025-09-03 23:59:59Z
2025-09-08T14:52:03.948 application=explorer [info] tx/per day chart: min/max block numbers [1, 0]
2025-09-08T14:52:03.951 application=explorer [info] tx/per day chart: num of transactions 0
2025-09-08T14:52:03.953 application=explorer [info] tx/per day chart: total gas used 
2025-09-08T14:52:03.959 application=explorer [info] tx/per day chart: total fee 
2025-09-08T14:52:03.959 application=explorer [info] tx/per day chart: collect records for transactions per day stats
2025-09-08T14:52:03.959 application=explorer [info] tx/per day chart: earliest date 2025-09-04 00:00:00Z
2025-09-08T14:52:03.959 application=explorer [info] tx/per day chart: latest date 2025-09-04 23:59:59Z
2025-09-08T14:52:03.968 application=explorer [info] tx/per day chart: min/max block numbers [1, 0]
2025-09-08T14:52:03.971 application=explorer [info] tx/per day chart: num of transactions 0
2025-09-08T14:52:03.977 application=explorer [info] tx/per day chart: total gas used 
2025-09-08T14:52:03.980 application=explorer [info] tx/per day chart: total fee 
2025-09-08T14:52:03.980 application=explorer [info] tx/per day chart: collect records for transactions per day stats
2025-09-08T14:52:03.980 application=explorer [info] tx/per day chart: earliest date 2025-09-05 00:00:00Z
2025-09-08T14:52:03.980 application=explorer [info] tx/per day chart: latest date 2025-09-05 23:59:59Z
2025-09-08T14:52:03.988 application=explorer [info] tx/per day chart: min/max block numbers [1, 0]
2025-09-08T14:52:03.994 application=explorer [info] tx/per day chart: num of transactions 0
2025-09-08T14:52:03.998 application=explorer [info] tx/per day chart: total gas used 
2025-09-08T14:52:04.002 application=explorer [info] tx/per day chart: total fee 
2025-09-08T14:52:04.002 application=explorer [info] tx/per day chart: collect records for transactions per day stats
2025-09-08T14:52:04.002 application=explorer [info] tx/per day chart: earliest date 2025-09-06 00:00:00Z
2025-09-08T14:52:04.002 application=explorer [info] tx/per day chart: latest date 2025-09-06 23:59:59Z
2025-09-08T14:52:04.008 application=explorer [info] tx/per day chart: min/max block numbers [1, 0]
2025-09-08T14:52:04.011 application=explorer [info] tx/per day chart: num of transactions 0
2025-09-08T14:52:04.017 application=explorer [info] tx/per day chart: total gas used 
2025-09-08T14:52:04.027 application=explorer [info] tx/per day chart: total fee 
2025-09-08T14:52:04.027 application=explorer [info] tx/per day chart: collect records for transactions per day stats
2025-09-08T14:52:04.027 application=explorer [info] tx/per day chart: earliest date 2025-09-07 00:00:00Z
2025-09-08T14:52:04.027 application=explorer [info] tx/per day chart: latest date 2025-09-07 23:59:59Z
2025-09-08T14:52:04.053 application=explorer [info] tx/per day chart: min/max block numbers [1, 0]
2025-09-08T14:52:04.065 application=explorer [info] tx/per day chart: num of transactions 0
2025-09-08T14:52:04.073 application=explorer [info] tx/per day chart: total gas used 
2025-09-08T14:52:04.075 application=explorer [info] tx/per day chart: total fee 
2025-09-08T14:52:04.075 application=explorer [info] tx/per day chart: collect records for transactions per day stats
2025-09-08T14:52:04.075 application=explorer [info] tx/per day chart: records collected [%{date: ~D[2025-09-07], gas_used: nil, number_of_transactions: 0, total_fee: nil}, %{date: ~D[2025-09-06], gas_used: nil, number_of_transactions: 0, total_fee: nil}, %{date: ~D[2025-09-05], gas_used: nil, number_of_transactions: 0, total_fee: nil}, %{date: ~D[2025-09-04], gas_used: nil, number_of_transactions: 0, total_fee: nil}, %{date: ~D[2025-09-03], gas_used: nil, number_of_transactions: 0, total_fee: nil}, %{date: ~D[2025-09-02], gas_used: nil, number_of_transactions: 0, total_fee: nil}, %{date: ~D[2025-09-01], gas_used: nil, number_of_transactions: 0, total_fee: nil}, %{date: ~D[2025-08-31], gas_used: nil, number_of_transactions: 0, total_fee: nil}, %{date: ~D[2025-08-30], gas_used: nil, number_of_transactions: 0, total_fee: nil}]
2025-09-08T14:52:04.075 application=explorer [info] tx/per day chart: save records
2025-09-08T14:52:04.082 application=explorer [info] tx/per day chart: number of inserted 10
2025-09-08T14:52:18.798 application=explorer [info] Fetching chain spec path: nil.
2025-09-08T14:52:18.798 application=explorer [info] Fetching precompiled config path: nil.
2025-09-08T14:52:18.798 application=explorer [warning] Genesis data is not fetched. Neither chain spec path or precompiles config path are set.
2025-09-08T14:59:44.480 application=explorer [info] tx/per day chart: collect records for transactions per day stats
2025-09-08T14:59:44.480 application=explorer [info] tx/per day chart: earliest date 2025-08-30 00:00:00Z
2025-09-08T14:59:44.480 application=explorer [info] tx/per day chart: latest date 2025-08-30 23:59:59Z
2025-09-08T14:59:44.521 application=explorer [info] tx/per day chart: min/max block numbers [1, 0]
2025-09-08T14:59:44.526 application=explorer [info] tx/per day chart: num of transactions 0
2025-09-08T14:59:44.530 application=explorer [info] tx/per day chart: total gas used 
2025-09-08T14:59:44.533 application=explorer [info] tx/per day chart: total fee 
2025-09-08T14:59:44.533 application=explorer [info] tx/per day chart: collect records for transactions per day stats
2025-09-08T14:59:44.533 application=explorer [info] tx/per day chart: earliest date 2025-08-31 00:00:00Z
2025-09-08T14:59:44.533 application=explorer [info] tx/per day chart: latest date 2025-08-31 23:59:59Z
2025-09-08T14:59:44.538 application=explorer [info] tx/per day chart: min/max block numbers [1, 0]
2025-09-08T14:59:44.541 application=explorer [info] tx/per day chart: num of transactions 0
2025-09-08T14:59:44.543 application=explorer [info] tx/per day chart: total gas used 
2025-09-08T14:59:44.546 application=explorer [info] tx/per day chart: total fee 
2025-09-08T14:59:44.546 application=explorer [info] tx/per day chart: collect records for transactions per day stats
2025-09-08T14:59:44.546 application=explorer [info] tx/per day chart: earliest date 2025-09-01 00:00:00Z
2025-09-08T14:59:44.546 application=explorer [info] tx/per day chart: latest date 2025-09-01 23:59:59Z
2025-09-08T14:59:44.550 application=explorer [info] tx/per day chart: min/max block numbers [1, 0]
2025-09-08T14:59:44.553 application=explorer [info] tx/per day chart: num of transactions 0
2025-09-08T14:59:44.556 application=explorer [info] tx/per day chart: total gas used 
2025-09-08T14:59:44.559 application=explorer [info] tx/per day chart: total fee 
2025-09-08T14:59:44.559 application=explorer [info] tx/per day chart: collect records for transactions per day stats
2025-09-08T14:59:44.559 application=explorer [info] tx/per day chart: earliest date 2025-09-02 00:00:00Z
2025-09-08T14:59:44.559 application=explorer [info] tx/per day chart: latest date 2025-09-02 23:59:59Z
2025-09-08T14:59:44.564 application=explorer [info] tx/per day chart: min/max block numbers [1, 0]
2025-09-08T14:59:44.566 application=explorer [info] tx/per day chart: num of transactions 0
2025-09-08T14:59:44.569 application=explorer [info] tx/per day chart: total gas used 
2025-09-08T14:59:44.572 application=explorer [info] tx/per day chart: total fee 
2025-09-08T14:59:44.572 application=explorer [info] tx/per day chart: collect records for transactions per day stats
2025-09-08T14:59:44.572 application=explorer [info] tx/per day chart: earliest date 2025-09-03 00:00:00Z
2025-09-08T14:59:44.572 application=explorer [info] tx/per day chart: latest date 2025-09-03 23:59:59Z
2025-09-08T14:59:44.578 application=explorer [info] tx/per day chart: min/max block numbers [1, 0]
2025-09-08T14:59:44.580 application=explorer [info] tx/per day chart: num of transactions 0
2025-09-08T14:59:44.583 application=explorer [info] tx/per day chart: total gas used 
2025-09-08T14:59:44.584 application=explorer [info] tx/per day chart: total fee 
2025-09-08T14:59:44.584 application=explorer [info] tx/per day chart: collect records for transactions per day stats
2025-09-08T14:59:44.584 application=explorer [info] tx/per day chart: earliest date 2025-09-04 00:00:00Z
2025-09-08T14:59:44.584 application=explorer [info] tx/per day chart: latest date 2025-09-04 23:59:59Z
2025-09-08T14:59:44.590 application=explorer [info] tx/per day chart: min/max block numbers [1, 0]
2025-09-08T14:59:44.593 application=explorer [info] tx/per day chart: num of transactions 0
2025-09-08T14:59:44.596 application=explorer [info] tx/per day chart: total gas used 
2025-09-08T14:59:44.599 application=explorer [info] tx/per day chart: total fee 
2025-09-08T14:59:44.599 application=explorer [info] tx/per day chart: collect records for transactions per day stats
2025-09-08T14:59:44.599 application=explorer [info] tx/per day chart: earliest date 2025-09-05 00:00:00Z
2025-09-08T14:59:44.599 application=explorer [info] tx/per day chart: latest date 2025-09-05 23:59:59Z
2025-09-08T14:59:44.605 application=explorer [info] tx/per day chart: min/max block numbers [1, 0]
2025-09-08T14:59:44.608 application=explorer [info] tx/per day chart: num of transactions 0
2025-09-08T14:59:44.610 application=explorer [info] tx/per day chart: total gas used 
2025-09-08T14:59:44.613 application=explorer [info] tx/per day chart: total fee 
2025-09-08T14:59:44.613 application=explorer [info] tx/per day chart: collect records for transactions per day stats
2025-09-08T14:59:44.613 application=explorer [info] tx/per day chart: earliest date 2025-09-06 00:00:00Z
2025-09-08T14:59:44.613 application=explorer [info] tx/per day chart: latest date 2025-09-06 23:59:59Z
2025-09-08T14:59:44.620 application=explorer [info] tx/per day chart: min/max block numbers [1, 0]
2025-09-08T14:59:44.622 application=explorer [info] tx/per day chart: num of transactions 0
2025-09-08T14:59:44.625 application=explorer [info] tx/per day chart: total gas used 
2025-09-08T14:59:44.628 application=explorer [info] tx/per day chart: total fee 
2025-09-08T14:59:44.628 application=explorer [info] tx/per day chart: collect records for transactions per day stats
2025-09-08T14:59:44.628 application=explorer [info] tx/per day chart: earliest date 2025-09-07 00:00:00Z
2025-09-08T14:59:44.628 application=explorer [info] tx/per day chart: latest date 2025-09-07 23:59:59Z
2025-09-08T14:59:44.634 application=explorer [info] tx/per day chart: min/max block numbers [1, 0]
2025-09-08T14:59:44.637 application=explorer [info] tx/per day chart: num of transactions 0
2025-09-08T14:59:44.638 application=explorer [info] tx/per day chart: total gas used 
2025-09-08T14:59:44.641 application=explorer [info] tx/per day chart: total fee 
2025-09-08T14:59:44.641 application=explorer [info] tx/per day chart: collect records for transactions per day stats
2025-09-08T14:59:44.641 application=explorer [info] tx/per day chart: records collected [%{date: ~D[2025-09-07], gas_used: nil, number_of_transactions: 0, total_fee: nil}, %{date: ~D[2025-09-06], gas_used: nil, number_of_transactions: 0, total_fee: nil}, %{date: ~D[2025-09-05], gas_used: nil, number_of_transactions: 0, total_fee: nil}, %{date: ~D[2025-09-04], gas_used: nil, number_of_transactions: 0, total_fee: nil}, %{date: ~D[2025-09-03], gas_used: nil, number_of_transactions: 0, total_fee: nil}, %{date: ~D[2025-09-02], gas_used: nil, number_of_transactions: 0, total_fee: nil}, %{date: ~D[2025-09-01], gas_used: nil, number_of_transactions: 0, total_fee: nil}, %{date: ~D[2025-08-31], gas_used: nil, number_of_transactions: 0, total_fee: nil}, %{date: ~D[2025-08-30], gas_used: nil, number_of_transactions: 0, total_fee: nil}]
2025-09-08T14:59:44.641 application=explorer [info] tx/per day chart: save records
2025-09-08T14:59:44.644 application=explorer [info] tx/per day chart: number of inserted 10
2025-09-08T14:59:59.476 application=explorer [info] Fetching chain spec path: nil.
2025-09-08T14:59:59.476 application=explorer [info] Fetching precompiled config path: nil.
2025-09-08T14:59:59.476 application=explorer [warning] Genesis data is not fetched. Neither chain spec path or precompiles config path are set.
2025-09-09T01:40:27.316 application=explorer [info] tx/per day chart: collect records for transactions per day stats
2025-09-09T01:40:27.316 application=explorer [info] tx/per day chart: earliest date 2025-08-31 00:00:00Z
2025-09-09T01:40:27.316 application=explorer [info] tx/per day chart: latest date 2025-08-31 23:59:59Z
2025-09-09T01:40:27.407 application=explorer [info] tx/per day chart: min/max block numbers [1, 0]
2025-09-09T01:40:27.415 application=explorer [info] tx/per day chart: num of transactions 0
2025-09-09T01:40:27.423 application=explorer [info] tx/per day chart: total gas used 
2025-09-09T01:40:27.432 application=explorer [info] tx/per day chart: total fee 
2025-09-09T01:40:27.432 application=explorer [info] tx/per day chart: collect records for transactions per day stats
2025-09-09T01:40:27.432 application=explorer [info] tx/per day chart: earliest date 2025-09-01 00:00:00Z
2025-09-09T01:40:27.432 application=explorer [info] tx/per day chart: latest date 2025-09-01 23:59:59Z
2025-09-09T01:40:27.444 application=explorer [info] tx/per day chart: min/max block numbers [1, 0]
2025-09-09T01:40:27.448 application=explorer [info] tx/per day chart: num of transactions 0
2025-09-09T01:40:27.455 application=explorer [info] tx/per day chart: total gas used 
2025-09-09T01:40:27.458 application=explorer [info] tx/per day chart: total fee 
2025-09-09T01:40:27.458 application=explorer [info] tx/per day chart: collect records for transactions per day stats
2025-09-09T01:40:27.458 application=explorer [info] tx/per day chart: earliest date 2025-09-02 00:00:00Z
2025-09-09T01:40:27.458 application=explorer [info] tx/per day chart: latest date 2025-09-02 23:59:59Z
2025-09-09T01:40:27.466 application=explorer [info] tx/per day chart: min/max block numbers [1, 0]
2025-09-09T01:40:27.470 application=explorer [info] tx/per day chart: num of transactions 0
2025-09-09T01:40:27.473 application=explorer [info] tx/per day chart: total gas used 
2025-09-09T01:40:27.478 application=explorer [info] tx/per day chart: total fee 
2025-09-09T01:40:27.478 application=explorer [info] tx/per day chart: collect records for transactions per day stats
2025-09-09T01:40:27.478 application=explorer [info] tx/per day chart: earliest date 2025-09-03 00:00:00Z
2025-09-09T01:40:27.478 application=explorer [info] tx/per day chart: latest date 2025-09-03 23:59:59Z
2025-09-09T01:40:27.486 application=explorer [info] tx/per day chart: min/max block numbers [1, 0]
2025-09-09T01:40:27.489 application=explorer [info] tx/per day chart: num of transactions 0
2025-09-09T01:40:27.493 application=explorer [info] tx/per day chart: total gas used 
2025-09-09T01:40:27.496 application=explorer [info] tx/per day chart: total fee 
2025-09-09T01:40:27.496 application=explorer [info] tx/per day chart: collect records for transactions per day stats
2025-09-09T01:40:27.496 application=explorer [info] tx/per day chart: earliest date 2025-09-04 00:00:00Z
2025-09-09T01:40:27.496 application=explorer [info] tx/per day chart: latest date 2025-09-04 23:59:59Z
2025-09-09T01:40:27.502 application=explorer [info] tx/per day chart: min/max block numbers [1, 0]
2025-09-09T01:40:27.505 application=explorer [info] tx/per day chart: num of transactions 0
2025-09-09T01:40:27.508 application=explorer [info] tx/per day chart: total gas used 
2025-09-09T01:40:27.512 application=explorer [info] tx/per day chart: total fee 
2025-09-09T01:40:27.512 application=explorer [info] tx/per day chart: collect records for transactions per day stats
2025-09-09T01:40:27.512 application=explorer [info] tx/per day chart: earliest date 2025-09-05 00:00:00Z
2025-09-09T01:40:27.512 application=explorer [info] tx/per day chart: latest date 2025-09-05 23:59:59Z
2025-09-09T01:40:27.518 application=explorer [info] tx/per day chart: min/max block numbers [1, 0]
2025-09-09T01:40:27.521 application=explorer [info] tx/per day chart: num of transactions 0
2025-09-09T01:40:27.524 application=explorer [info] tx/per day chart: total gas used 
2025-09-09T01:40:27.527 application=explorer [info] tx/per day chart: total fee 
2025-09-09T01:40:27.527 application=explorer [info] tx/per day chart: collect records for transactions per day stats
2025-09-09T01:40:27.527 application=explorer [info] tx/per day chart: earliest date 2025-09-06 00:00:00Z
2025-09-09T01:40:27.527 application=explorer [info] tx/per day chart: latest date 2025-09-06 23:59:59Z
2025-09-09T01:40:27.534 application=explorer [info] tx/per day chart: min/max block numbers [1, 0]
2025-09-09T01:40:27.537 application=explorer [info] tx/per day chart: num of transactions 0
2025-09-09T01:40:27.540 application=explorer [info] tx/per day chart: total gas used 
2025-09-09T01:40:27.543 application=explorer [info] tx/per day chart: total fee 
2025-09-09T01:40:27.543 application=explorer [info] tx/per day chart: collect records for transactions per day stats
2025-09-09T01:40:27.543 application=explorer [info] tx/per day chart: earliest date 2025-09-07 00:00:00Z
2025-09-09T01:40:27.543 application=explorer [info] tx/per day chart: latest date 2025-09-07 23:59:59Z
2025-09-09T01:40:27.551 application=explorer [info] tx/per day chart: min/max block numbers [1, 0]
2025-09-09T01:40:27.553 application=explorer [info] tx/per day chart: num of transactions 0
2025-09-09T01:40:27.556 application=explorer [info] tx/per day chart: total gas used 
2025-09-09T01:40:27.559 application=explorer [info] tx/per day chart: total fee 
2025-09-09T01:40:27.559 application=explorer [info] tx/per day chart: collect records for transactions per day stats
2025-09-09T01:40:27.559 application=explorer [info] tx/per day chart: earliest date 2025-09-08 00:00:00Z
2025-09-09T01:40:27.559 application=explorer [info] tx/per day chart: latest date 2025-09-08 23:59:59Z
2025-09-09T01:40:27.567 application=explorer [info] tx/per day chart: min/max block numbers [1, 5]
2025-09-09T01:40:27.570 application=explorer [info] tx/per day chart: num of transactions 4
2025-09-09T01:40:27.573 application=explorer [info] tx/per day chart: total gas used 3258940
2025-09-09T01:40:27.577 application=explorer [info] tx/per day chart: total fee 2320039500824366
2025-09-09T01:40:27.577 application=explorer [info] tx/per day chart: collect records for transactions per day stats
2025-09-09T01:40:27.577 application=explorer [info] tx/per day chart: records collected [%{date: ~D[2025-09-08], gas_used: Decimal.new("3258940"), number_of_transactions: 4, total_fee: Decimal.new("2320039500824366")}, %{date: ~D[2025-09-07], gas_used: nil, number_of_transactions: 0, total_fee: nil}, %{date: ~D[2025-09-06], gas_used: nil, number_of_transactions: 0, total_fee: nil}, %{date: ~D[2025-09-05], gas_used: nil, number_of_transactions: 0, total_fee: nil}, %{date: ~D[2025-09-04], gas_used: nil, number_of_transactions: 0, total_fee: nil}, %{date: ~D[2025-09-03], gas_used: nil, number_of_transactions: 0, total_fee: nil}, %{date: ~D[2025-09-02], gas_used: nil, number_of_transactions: 0, total_fee: nil}, %{date: ~D[2025-09-01], gas_used: nil, number_of_transactions: 0, total_fee: nil}, %{date: ~D[2025-08-31], gas_used: nil, number_of_transactions: 0, total_fee: nil}]
2025-09-09T01:40:27.577 application=explorer [info] tx/per day chart: save records
2025-09-09T01:40:27.584 application=explorer [info] tx/per day chart: number of inserted 10
2025-09-09T01:40:42.318 application=explorer [info] Fetching chain spec path: nil.
2025-09-09T01:40:42.318 application=explorer [info] Fetching precompiled config path: nil.
2025-09-09T01:40:42.318 application=explorer [warning] Genesis data is not fetched. Neither chain spec path or precompiles config path are set.
2025-09-09T01:53:37.174 application=explorer [info] tx/per day chart: collect records for transactions per day stats
2025-09-09T01:53:37.174 application=explorer [info] tx/per day chart: earliest date 2025-08-31 00:00:00Z
2025-09-09T01:53:37.174 application=explorer [info] tx/per day chart: latest date 2025-08-31 23:59:59Z
2025-09-09T01:53:37.257 application=explorer [info] tx/per day chart: min/max block numbers [1, 0]
2025-09-09T01:53:37.262 application=explorer [info] tx/per day chart: num of transactions 0
2025-09-09T01:53:37.269 application=explorer [info] tx/per day chart: total gas used 
2025-09-09T01:53:37.275 application=explorer [info] tx/per day chart: total fee 
2025-09-09T01:53:37.275 application=explorer [info] tx/per day chart: collect records for transactions per day stats
2025-09-09T01:53:37.275 application=explorer [info] tx/per day chart: earliest date 2025-09-01 00:00:00Z
2025-09-09T01:53:37.275 application=explorer [info] tx/per day chart: latest date 2025-09-01 23:59:59Z
2025-09-09T01:53:37.286 application=explorer [info] tx/per day chart: min/max block numbers [1, 0]
2025-09-09T01:53:37.290 application=explorer [info] tx/per day chart: num of transactions 0
2025-09-09T01:53:37.293 application=explorer [info] tx/per day chart: total gas used 
2025-09-09T01:53:37.296 application=explorer [info] tx/per day chart: total fee 
2025-09-09T01:53:37.296 application=explorer [info] tx/per day chart: collect records for transactions per day stats
2025-09-09T01:53:37.296 application=explorer [info] tx/per day chart: earliest date 2025-09-02 00:00:00Z
2025-09-09T01:53:37.296 application=explorer [info] tx/per day chart: latest date 2025-09-02 23:59:59Z
2025-09-09T01:53:37.304 application=explorer [info] tx/per day chart: min/max block numbers [1, 0]
2025-09-09T01:53:37.307 application=explorer [info] tx/per day chart: num of transactions 0
2025-09-09T01:53:37.311 application=explorer [info] tx/per day chart: total gas used 
2025-09-09T01:53:37.314 application=explorer [info] tx/per day chart: total fee 
2025-09-09T01:53:37.314 application=explorer [info] tx/per day chart: collect records for transactions per day stats
2025-09-09T01:53:37.314 application=explorer [info] tx/per day chart: earliest date 2025-09-03 00:00:00Z
2025-09-09T01:53:37.314 application=explorer [info] tx/per day chart: latest date 2025-09-03 23:59:59Z
2025-09-09T01:53:37.322 application=explorer [info] tx/per day chart: min/max block numbers [1, 0]
2025-09-09T01:53:37.326 application=explorer [info] tx/per day chart: num of transactions 0
2025-09-09T01:53:37.329 application=explorer [info] tx/per day chart: total gas used 
2025-09-09T01:53:37.333 application=explorer [info] tx/per day chart: total fee 
2025-09-09T01:53:37.333 application=explorer [info] tx/per day chart: collect records for transactions per day stats
2025-09-09T01:53:37.333 application=explorer [info] tx/per day chart: earliest date 2025-09-04 00:00:00Z
2025-09-09T01:53:37.333 application=explorer [info] tx/per day chart: latest date 2025-09-04 23:59:59Z
2025-09-09T01:53:37.339 application=explorer [info] tx/per day chart: min/max block numbers [1, 0]
2025-09-09T01:53:37.343 application=explorer [info] tx/per day chart: num of transactions 0
2025-09-09T01:53:37.346 application=explorer [info] tx/per day chart: total gas used 
2025-09-09T01:53:37.351 application=explorer [info] tx/per day chart: total fee 
2025-09-09T01:53:37.351 application=explorer [info] tx/per day chart: collect records for transactions per day stats
2025-09-09T01:53:37.351 application=explorer [info] tx/per day chart: earliest date 2025-09-05 00:00:00Z
2025-09-09T01:53:37.351 application=explorer [info] tx/per day chart: latest date 2025-09-05 23:59:59Z
2025-09-09T01:53:37.359 application=explorer [info] tx/per day chart: min/max block numbers [1, 0]
2025-09-09T01:53:37.362 application=explorer [info] tx/per day chart: num of transactions 0
2025-09-09T01:53:37.365 application=explorer [info] tx/per day chart: total gas used 
2025-09-09T01:53:37.369 application=explorer [info] tx/per day chart: total fee 
2025-09-09T01:53:37.369 application=explorer [info] tx/per day chart: collect records for transactions per day stats
2025-09-09T01:53:37.369 application=explorer [info] tx/per day chart: earliest date 2025-09-06 00:00:00Z
2025-09-09T01:53:37.369 application=explorer [info] tx/per day chart: latest date 2025-09-06 23:59:59Z
2025-09-09T01:53:37.378 application=explorer [info] tx/per day chart: min/max block numbers [1, 0]
2025-09-09T01:53:37.382 application=explorer [info] tx/per day chart: num of transactions 0
2025-09-09T01:53:37.386 application=explorer [info] tx/per day chart: total gas used 
2025-09-09T01:53:37.390 application=explorer [info] tx/per day chart: total fee 
2025-09-09T01:53:37.390 application=explorer [info] tx/per day chart: collect records for transactions per day stats
2025-09-09T01:53:37.390 application=explorer [info] tx/per day chart: earliest date 2025-09-07 00:00:00Z
2025-09-09T01:53:37.390 application=explorer [info] tx/per day chart: latest date 2025-09-07 23:59:59Z
2025-09-09T01:53:37.399 application=explorer [info] tx/per day chart: min/max block numbers [1, 0]
2025-09-09T01:53:37.400 application=explorer [info] tx/per day chart: num of transactions 0
2025-09-09T01:53:37.404 application=explorer [info] tx/per day chart: total gas used 
2025-09-09T01:53:37.406 application=explorer [info] tx/per day chart: total fee 
2025-09-09T01:53:37.406 application=explorer [info] tx/per day chart: collect records for transactions per day stats
2025-09-09T01:53:37.406 application=explorer [info] tx/per day chart: earliest date 2025-09-08 00:00:00Z
2025-09-09T01:53:37.406 application=explorer [info] tx/per day chart: latest date 2025-09-08 23:59:59Z
2025-09-09T01:53:37.411 application=explorer [info] tx/per day chart: min/max block numbers [1, 0]
2025-09-09T01:53:37.414 application=explorer [info] tx/per day chart: num of transactions 0
2025-09-09T01:53:37.418 application=explorer [info] tx/per day chart: total gas used 
2025-09-09T01:53:37.422 application=explorer [info] tx/per day chart: total fee 
2025-09-09T01:53:37.422 application=explorer [info] tx/per day chart: collect records for transactions per day stats
2025-09-09T01:53:37.422 application=explorer [info] tx/per day chart: records collected [%{date: ~D[2025-09-08], gas_used: nil, number_of_transactions: 0, total_fee: nil}, %{date: ~D[2025-09-07], gas_used: nil, number_of_transactions: 0, total_fee: nil}, %{date: ~D[2025-09-06], gas_used: nil, number_of_transactions: 0, total_fee: nil}, %{date: ~D[2025-09-05], gas_used: nil, number_of_transactions: 0, total_fee: nil}, %{date: ~D[2025-09-04], gas_used: nil, number_of_transactions: 0, total_fee: nil}, %{date: ~D[2025-09-03], gas_used: nil, number_of_transactions: 0, total_fee: nil}, %{date: ~D[2025-09-02], gas_used: nil, number_of_transactions: 0, total_fee: nil}, %{date: ~D[2025-09-01], gas_used: nil, number_of_transactions: 0, total_fee: nil}, %{date: ~D[2025-08-31], gas_used: nil, number_of_transactions: 0, total_fee: nil}]
2025-09-09T01:53:37.422 application=explorer [info] tx/per day chart: save records
2025-09-09T01:53:37.426 application=explorer [info] tx/per day chart: number of inserted 10
2025-09-09T01:53:52.172 application=explorer [info] Fetching chain spec path: nil.
2025-09-09T01:53:52.172 application=explorer [info] Fetching precompiled config path: nil.
2025-09-09T01:53:52.172 application=explorer [warning] Genesis data is not fetched. Neither chain spec path or precompiles config path are set.
2025-09-09T01:58:38.019 application=explorer [info] tx/per day chart: collect records for transactions per day stats
2025-09-09T01:58:38.019 application=explorer [info] tx/per day chart: earliest date 2025-08-31 00:00:00Z
2025-09-09T01:58:38.019 application=explorer [info] tx/per day chart: latest date 2025-08-31 23:59:59Z
2025-09-09T01:58:38.081 application=explorer [info] tx/per day chart: min/max block numbers [1, 0]
2025-09-09T01:58:38.086 application=explorer [info] tx/per day chart: num of transactions 0
2025-09-09T01:58:38.088 application=explorer [info] tx/per day chart: total gas used 
2025-09-09T01:58:38.091 application=explorer [info] tx/per day chart: total fee 
2025-09-09T01:58:38.091 application=explorer [info] tx/per day chart: collect records for transactions per day stats
2025-09-09T01:58:38.091 application=explorer [info] tx/per day chart: earliest date 2025-09-01 00:00:00Z
2025-09-09T01:58:38.091 application=explorer [info] tx/per day chart: latest date 2025-09-01 23:59:59Z
2025-09-09T01:58:38.097 application=explorer [info] tx/per day chart: min/max block numbers [1, 0]
2025-09-09T01:58:38.100 application=explorer [info] tx/per day chart: num of transactions 0
2025-09-09T01:58:38.103 application=explorer [info] tx/per day chart: total gas used 
2025-09-09T01:58:38.106 application=explorer [info] tx/per day chart: total fee 
2025-09-09T01:58:38.106 application=explorer [info] tx/per day chart: collect records for transactions per day stats
2025-09-09T01:58:38.106 application=explorer [info] tx/per day chart: earliest date 2025-09-02 00:00:00Z
2025-09-09T01:58:38.106 application=explorer [info] tx/per day chart: latest date 2025-09-02 23:59:59Z
2025-09-09T01:58:38.113 application=explorer [info] tx/per day chart: min/max block numbers [1, 0]
2025-09-09T01:58:38.116 application=explorer [info] tx/per day chart: num of transactions 0
2025-09-09T01:58:38.119 application=explorer [info] tx/per day chart: total gas used 
2025-09-09T01:58:38.122 application=explorer [info] tx/per day chart: total fee 
2025-09-09T01:58:38.122 application=explorer [info] tx/per day chart: collect records for transactions per day stats
2025-09-09T01:58:38.122 application=explorer [info] tx/per day chart: earliest date 2025-09-03 00:00:00Z
2025-09-09T01:58:38.122 application=explorer [info] tx/per day chart: latest date 2025-09-03 23:59:59Z
2025-09-09T01:58:38.129 application=explorer [info] tx/per day chart: min/max block numbers [1, 0]
2025-09-09T01:58:38.132 application=explorer [info] tx/per day chart: num of transactions 0
2025-09-09T01:58:38.135 application=explorer [info] tx/per day chart: total gas used 
2025-09-09T01:58:38.138 application=explorer [info] tx/per day chart: total fee 
2025-09-09T01:58:38.138 application=explorer [info] tx/per day chart: collect records for transactions per day stats
2025-09-09T01:58:38.138 application=explorer [info] tx/per day chart: earliest date 2025-09-04 00:00:00Z
2025-09-09T01:58:38.138 application=explorer [info] tx/per day chart: latest date 2025-09-04 23:59:59Z
2025-09-09T01:58:38.145 application=explorer [info] tx/per day chart: min/max block numbers [1, 0]
2025-09-09T01:58:38.148 application=explorer [info] tx/per day chart: num of transactions 0
2025-09-09T01:58:38.151 application=explorer [info] tx/per day chart: total gas used 
2025-09-09T01:58:38.154 application=explorer [info] tx/per day chart: total fee 
2025-09-09T01:58:38.154 application=explorer [info] tx/per day chart: collect records for transactions per day stats
2025-09-09T01:58:38.154 application=explorer [info] tx/per day chart: earliest date 2025-09-05 00:00:00Z
2025-09-09T01:58:38.154 application=explorer [info] tx/per day chart: latest date 2025-09-05 23:59:59Z
2025-09-09T01:58:38.160 application=explorer [info] tx/per day chart: min/max block numbers [1, 0]
2025-09-09T01:58:38.163 application=explorer [info] tx/per day chart: num of transactions 0
2025-09-09T01:58:38.166 application=explorer [info] tx/per day chart: total gas used 
2025-09-09T01:58:38.170 application=explorer [info] tx/per day chart: total fee 
2025-09-09T01:58:38.170 application=explorer [info] tx/per day chart: collect records for transactions per day stats
2025-09-09T01:58:38.170 application=explorer [info] tx/per day chart: earliest date 2025-09-06 00:00:00Z
2025-09-09T01:58:38.170 application=explorer [info] tx/per day chart: latest date 2025-09-06 23:59:59Z
2025-09-09T01:58:38.177 application=explorer [info] tx/per day chart: min/max block numbers [1, 0]
2025-09-09T01:58:38.181 application=explorer [info] tx/per day chart: num of transactions 0
2025-09-09T01:58:38.184 application=explorer [info] tx/per day chart: total gas used 
2025-09-09T01:58:38.187 application=explorer [info] tx/per day chart: total fee 
2025-09-09T01:58:38.187 application=explorer [info] tx/per day chart: collect records for transactions per day stats
2025-09-09T01:58:38.187 application=explorer [info] tx/per day chart: earliest date 2025-09-07 00:00:00Z
2025-09-09T01:58:38.187 application=explorer [info] tx/per day chart: latest date 2025-09-07 23:59:59Z
2025-09-09T01:58:38.198 application=explorer [info] tx/per day chart: min/max block numbers [1, 0]
2025-09-09T01:58:38.201 application=explorer [info] tx/per day chart: num of transactions 0
2025-09-09T01:58:38.204 application=explorer [info] tx/per day chart: total gas used 
2025-09-09T01:58:38.207 application=explorer [info] tx/per day chart: total fee 
2025-09-09T01:58:38.207 application=explorer [info] tx/per day chart: collect records for transactions per day stats
2025-09-09T01:58:38.207 application=explorer [info] tx/per day chart: earliest date 2025-09-08 00:00:00Z
2025-09-09T01:58:38.207 application=explorer [info] tx/per day chart: latest date 2025-09-08 23:59:59Z
2025-09-09T01:58:38.212 application=explorer [info] tx/per day chart: min/max block numbers [1, 0]
2025-09-09T01:58:38.215 application=explorer [info] tx/per day chart: num of transactions 0
2025-09-09T01:58:38.218 application=explorer [info] tx/per day chart: total gas used 
2025-09-09T01:58:38.219 application=explorer [info] tx/per day chart: total fee 
2025-09-09T01:58:38.219 application=explorer [info] tx/per day chart: collect records for transactions per day stats
2025-09-09T01:58:38.219 application=explorer [info] tx/per day chart: records collected [%{date: ~D[2025-09-08], gas_used: nil, number_of_transactions: 0, total_fee: nil}, %{date: ~D[2025-09-07], gas_used: nil, number_of_transactions: 0, total_fee: nil}, %{date: ~D[2025-09-06], gas_used: nil, number_of_transactions: 0, total_fee: nil}, %{date: ~D[2025-09-05], gas_used: nil, number_of_transactions: 0, total_fee: nil}, %{date: ~D[2025-09-04], gas_used: nil, number_of_transactions: 0, total_fee: nil}, %{date: ~D[2025-09-03], gas_used: nil, number_of_transactions: 0, total_fee: nil}, %{date: ~D[2025-09-02], gas_used: nil, number_of_transactions: 0, total_fee: nil}, %{date: ~D[2025-09-01], gas_used: nil, number_of_transactions: 0, total_fee: nil}, %{date: ~D[2025-08-31], gas_used: nil, number_of_transactions: 0, total_fee: nil}]
2025-09-09T01:58:38.219 application=explorer [info] tx/per day chart: save records
2025-09-09T01:58:38.222 application=explorer [info] tx/per day chart: number of inserted 10
2025-09-09T01:58:53.018 application=explorer [info] Fetching chain spec path: nil.
2025-09-09T01:58:53.018 application=explorer [info] Fetching precompiled config path: nil.
2025-09-09T01:58:53.018 application=explorer [warning] Genesis data is not fetched. Neither chain spec path or precompiles config path are set.
2025-09-09T02:19:05.145 application=explorer [info] tx/per day chart: collect records for transactions per day stats
2025-09-09T02:19:05.145 application=explorer [info] tx/per day chart: earliest date 2025-08-31 00:00:00Z
2025-09-09T02:19:05.145 application=explorer [info] tx/per day chart: latest date 2025-08-31 23:59:59Z
2025-09-09T02:19:05.236 application=explorer [info] tx/per day chart: min/max block numbers [1, 0]
2025-09-09T02:19:05.241 application=explorer [info] tx/per day chart: num of transactions 0
2025-09-09T02:19:05.244 application=explorer [info] tx/per day chart: total gas used 
2025-09-09T02:19:05.247 application=explorer [info] tx/per day chart: total fee 
2025-09-09T02:19:05.247 application=explorer [info] tx/per day chart: collect records for transactions per day stats
2025-09-09T02:19:05.247 application=explorer [info] tx/per day chart: earliest date 2025-09-01 00:00:00Z
2025-09-09T02:19:05.247 application=explorer [info] tx/per day chart: latest date 2025-09-01 23:59:59Z
2025-09-09T02:19:05.254 application=explorer [info] tx/per day chart: min/max block numbers [1, 0]
2025-09-09T02:19:05.257 application=explorer [info] tx/per day chart: num of transactions 0
2025-09-09T02:19:05.260 application=explorer [info] tx/per day chart: total gas used 
2025-09-09T02:19:05.264 application=explorer [info] tx/per day chart: total fee 
2025-09-09T02:19:05.264 application=explorer [info] tx/per day chart: collect records for transactions per day stats
2025-09-09T02:19:05.264 application=explorer [info] tx/per day chart: earliest date 2025-09-02 00:00:00Z
2025-09-09T02:19:05.264 application=explorer [info] tx/per day chart: latest date 2025-09-02 23:59:59Z
2025-09-09T02:19:05.271 application=explorer [info] tx/per day chart: min/max block numbers [1, 0]
2025-09-09T02:19:05.274 application=explorer [info] tx/per day chart: num of transactions 0
2025-09-09T02:19:05.277 application=explorer [info] tx/per day chart: total gas used 
2025-09-09T02:19:05.280 application=explorer [info] tx/per day chart: total fee 
2025-09-09T02:19:05.280 application=explorer [info] tx/per day chart: collect records for transactions per day stats
2025-09-09T02:19:05.280 application=explorer [info] tx/per day chart: earliest date 2025-09-03 00:00:00Z
2025-09-09T02:19:05.280 application=explorer [info] tx/per day chart: latest date 2025-09-03 23:59:59Z
2025-09-09T02:19:05.288 application=explorer [info] tx/per day chart: min/max block numbers [1, 0]
2025-09-09T02:19:05.291 application=explorer [info] tx/per day chart: num of transactions 0
2025-09-09T02:19:05.294 application=explorer [info] tx/per day chart: total gas used 
2025-09-09T02:19:05.297 application=explorer [info] tx/per day chart: total fee 
2025-09-09T02:19:05.297 application=explorer [info] tx/per day chart: collect records for transactions per day stats
2025-09-09T02:19:05.297 application=explorer [info] tx/per day chart: earliest date 2025-09-04 00:00:00Z
2025-09-09T02:19:05.297 application=explorer [info] tx/per day chart: latest date 2025-09-04 23:59:59Z
2025-09-09T02:19:05.302 application=explorer [info] tx/per day chart: min/max block numbers [1, 0]
2025-09-09T02:19:05.305 application=explorer [info] tx/per day chart: num of transactions 0
2025-09-09T02:19:05.308 application=explorer [info] tx/per day chart: total gas used 
2025-09-09T02:19:05.311 application=explorer [info] tx/per day chart: total fee 
2025-09-09T02:19:05.311 application=explorer [info] tx/per day chart: collect records for transactions per day stats
2025-09-09T02:19:05.311 application=explorer [info] tx/per day chart: earliest date 2025-09-05 00:00:00Z
2025-09-09T02:19:05.311 application=explorer [info] tx/per day chart: latest date 2025-09-05 23:59:59Z
2025-09-09T02:19:05.316 application=explorer [info] tx/per day chart: min/max block numbers [1, 0]
2025-09-09T02:19:05.319 application=explorer [info] tx/per day chart: num of transactions 0
2025-09-09T02:19:05.322 application=explorer [info] tx/per day chart: total gas used 
2025-09-09T02:19:05.325 application=explorer [info] tx/per day chart: total fee 
2025-09-09T02:19:05.325 application=explorer [info] tx/per day chart: collect records for transactions per day stats
2025-09-09T02:19:05.325 application=explorer [info] tx/per day chart: earliest date 2025-09-06 00:00:00Z
2025-09-09T02:19:05.325 application=explorer [info] tx/per day chart: latest date 2025-09-06 23:59:59Z
2025-09-09T02:19:05.330 application=explorer [info] tx/per day chart: min/max block numbers [1, 0]
2025-09-09T02:19:05.334 application=explorer [info] tx/per day chart: num of transactions 0
2025-09-09T02:19:05.336 application=explorer [info] tx/per day chart: total gas used 
2025-09-09T02:19:05.337 application=explorer [info] tx/per day chart: total fee 
2025-09-09T02:19:05.337 application=explorer [info] tx/per day chart: collect records for transactions per day stats
2025-09-09T02:19:05.337 application=explorer [info] tx/per day chart: earliest date 2025-09-07 00:00:00Z
2025-09-09T02:19:05.337 application=explorer [info] tx/per day chart: latest date 2025-09-07 23:59:59Z
2025-09-09T02:19:05.345 application=explorer [info] tx/per day chart: min/max block numbers [1, 0]
2025-09-09T02:19:05.348 application=explorer [info] tx/per day chart: num of transactions 0
2025-09-09T02:19:05.351 application=explorer [info] tx/per day chart: total gas used 
2025-09-09T02:19:05.354 application=explorer [info] tx/per day chart: total fee 
2025-09-09T02:19:05.354 application=explorer [info] tx/per day chart: collect records for transactions per day stats
2025-09-09T02:19:05.354 application=explorer [info] tx/per day chart: earliest date 2025-09-08 00:00:00Z
2025-09-09T02:19:05.354 application=explorer [info] tx/per day chart: latest date 2025-09-08 23:59:59Z
2025-09-09T02:19:05.361 application=explorer [info] tx/per day chart: min/max block numbers [1, 0]
2025-09-09T02:19:05.364 application=explorer [info] tx/per day chart: num of transactions 0
2025-09-09T02:19:05.365 application=explorer [info] tx/per day chart: total gas used 
2025-09-09T02:19:05.368 application=explorer [info] tx/per day chart: total fee 
2025-09-09T02:19:05.368 application=explorer [info] tx/per day chart: collect records for transactions per day stats
2025-09-09T02:19:05.368 application=explorer [info] tx/per day chart: records collected [%{date: ~D[2025-09-08], gas_used: nil, number_of_transactions: 0, total_fee: nil}, %{date: ~D[2025-09-07], gas_used: nil, number_of_transactions: 0, total_fee: nil}, %{date: ~D[2025-09-06], gas_used: nil, number_of_transactions: 0, total_fee: nil}, %{date: ~D[2025-09-05], gas_used: nil, number_of_transactions: 0, total_fee: nil}, %{date: ~D[2025-09-04], gas_used: nil, number_of_transactions: 0, total_fee: nil}, %{date: ~D[2025-09-03], gas_used: nil, number_of_transactions: 0, total_fee: nil}, %{date: ~D[2025-09-02], gas_used: nil, number_of_transactions: 0, total_fee: nil}, %{date: ~D[2025-09-01], gas_used: nil, number_of_transactions: 0, total_fee: nil}, %{date: ~D[2025-08-31], gas_used: nil, number_of_transactions: 0, total_fee: nil}]
2025-09-09T02:19:05.368 application=explorer [info] tx/per day chart: save records
2025-09-09T02:19:05.371 application=explorer [info] tx/per day chart: number of inserted 10
2025-09-09T02:19:20.145 application=explorer [info] Fetching chain spec path: nil.
2025-09-09T02:19:20.145 application=explorer [info] Fetching precompiled config path: nil.
2025-09-09T02:19:20.145 application=explorer [warning] Genesis data is not fetched. Neither chain spec path or precompiles config path are set.
